<?xml version="1.0" encoding="UTF-8"?>
<testsuites name="CDBFull_01" time="739.343" tests="1" failures="0" errors="1">
   <testsuite name="CDBFull_01" tests="1" failures="0" errors="1" time="739.343" timestamp="2020-03-10 15:55:03" hostname="as4011 - FID-LB214.g07.fujitsu.local" id="Test Suites/CDBTestSuite/ConcurrentCDBFull/CDBFull_01">
      <properties>
         <property name="deviceName" value=""/>
         <property name="devicePlatform" value=""/>
         <property name="logFolder" value="D:\\FUJITSU\\Document\\Automatization Test\\Katalon Test Script\\Concurrent Test Katalon\\Reports\\20200310_155416\\CDBTestSuite\\ConcurrentCDBFull\\CDBFull_01\\20200310_155416"/>
         <property name="logFiles" value="D:\\FUJITSU\\Document\\Automatization Test\\Katalon Test Script\\Concurrent Test Katalon\\Reports\\20200310_155416\\CDBTestSuite\\ConcurrentCDBFull\\CDBFull_01\\20200310_155416\\execution0.log"/>
         <property name="attachments" value="D:\\screenshot.png, D:\\screenshot.png, D:\\screenshot.png"/>
         <property name="hostName" value="as4011 - FID-LB214.g07.fujitsu.local"/>
         <property name="os" value="Windows 7 64bit"/>
         <property name="katalonVersion" value="7.2.1.1"/>
         <property name="browser" value="Chrome 80.0.3987.132"/>
         <property name="hostAddress" value="192.168.0.109"/>
         <property name="sessionId" value="68c3696d8a4d9ee22c673574a2d77204"/>
         <property name="seleniumVersion" value="3.141.59"/>
         <property name="proxyInformation" value="ProxyInformation{proxyOption=NO_PROXY, proxyServerType=HTTP, password=, proxyServerAddress=, proxyServerPort=0, executionList=}"/>
         <property name="platform" value="Windows 7"/>
      </properties>
      <testcase name="Test Cases/CDB/MainTestCase/FullScenarioCDBv2" time="735.698" classname="Test Cases/CDB/MainTestCase/FullScenarioCDBv2" status="ERROR">
         <error type="ERROR" message="Test Cases/CDB/MainTestCase/FullScenarioCDBv2 FAILED.
Reason:
com.kms.katalon.core.exception.StepErrorException: Call Test Case 'Test Cases/CDB/MainTestCase/CDB_BA' failed because of error(s)
	at com.kms.katalon.core.keyword.builtin.CallTestCaseKeyword$_callTestCase_closure1.doCall(CallTestCaseKeyword.groovy:66)
	at com.kms.katalon.core.keyword.builtin.CallTestCaseKeyword$_callTestCase_closure1.call(CallTestCaseKeyword.groovy)
	at com.kms.katalon.core.keyword.internal.KeywordMain.runKeyword(KeywordMain.groovy:68)
	at com.kms.katalon.core.keyword.builtin.CallTestCaseKeyword.callTestCase(CallTestCaseKeyword.groovy:81)
	at com.kms.katalon.core.keyword.builtin.CallTestCaseKeyword.execute(CallTestCaseKeyword.groovy:44)
	at com.kms.katalon.core.keyword.internal.KeywordExecutor.executeKeywordForPlatform(KeywordExecutor.groovy:72)
	at com.kms.katalon.core.keyword.BuiltinKeywords.callTestCase(BuiltinKeywords.groovy:334)
	at FullScenarioCDBv2.run(FullScenarioCDBv2:39)
	at com.kms.katalon.core.main.ScriptEngine.run(ScriptEngine.java:194)
	at com.kms.katalon.core.main.ScriptEngine.runScriptAsRawText(ScriptEngine.java:119)
	at com.kms.katalon.core.main.TestCaseExecutor.runScript(TestCaseExecutor.java:337)
	at com.kms.katalon.core.main.TestCaseExecutor.doExecute(TestCaseExecutor.java:328)
	at com.kms.katalon.core.main.TestCaseExecutor.processExecutionPhase(TestCaseExecutor.java:307)
	at com.kms.katalon.core.main.TestCaseExecutor.accessMainPhase(TestCaseExecutor.java:299)
	at com.kms.katalon.core.main.TestCaseExecutor.execute(TestCaseExecutor.java:233)
	at com.kms.katalon.core.main.TestSuiteExecutor.accessTestCaseMainPhase(TestSuiteExecutor.java:169)
	at com.kms.katalon.core.main.TestSuiteExecutor.accessTestSuiteMainPhase(TestSuiteExecutor.java:142)
	at com.kms.katalon.core.main.TestSuiteExecutor.execute(TestSuiteExecutor.java:91)
	at com.kms.katalon.core.main.TestCaseMain.startTestSuite(TestCaseMain.java:157)
	at com.kms.katalon.core.main.TestCaseMain$startTestSuite$0.call(Unknown Source)
	at TempTestSuite1583830456174.run(TempTestSuite1583830456174.groovy:36)
Caused by: com.kms.katalon.core.exception.StepErrorException: Call Test Case 'Test Cases/CDB/HomeTaskCDB/HomeTaskImproved' failed because of error(s)
	at com.kms.katalon.core.keyword.builtin.CallTestCaseKeyword$_callTestCase_closure1.doCall(CallTestCaseKeyword.groovy:66)
	at com.kms.katalon.core.keyword.builtin.CallTestCaseKeyword$_callTestCase_closure1.call(CallTestCaseKeyword.groovy)
	at com.kms.katalon.core.keyword.internal.KeywordMain.runKeyword(KeywordMain.groovy:68)
	at com.kms.katalon.core.keyword.builtin.CallTestCaseKeyword.callTestCase(CallTestCaseKeyword.groovy:81)
	at com.kms.katalon.core.keyword.builtin.CallTestCaseKeyword.execute(CallTestCaseKeyword.groovy:44)
	at com.kms.katalon.core.keyword.internal.KeywordExecutor.executeKeywordForPlatform(KeywordExecutor.groovy:72)
	at com.kms.katalon.core.keyword.BuiltinKeywords.callTestCase(BuiltinKeywords.groovy:334)
	at CDB_BA.run(CDB_BA:24)
	at com.kms.katalon.core.main.ScriptEngine.run(ScriptEngine.java:194)
	at com.kms.katalon.core.main.ScriptEngine.runScriptAsRawText(ScriptEngine.java:119)
	at com.kms.katalon.core.main.TestCaseExecutor.runScript(TestCaseExecutor.java:337)
	at com.kms.katalon.core.main.TestCaseExecutor.doExecute(TestCaseExecutor.java:328)
	at com.kms.katalon.core.main.TestCaseExecutor.processExecutionPhase(TestCaseExecutor.java:307)
	at com.kms.katalon.core.main.TestCaseExecutor.accessMainPhase(TestCaseExecutor.java:299)
	at com.kms.katalon.core.main.TestCaseExecutor.execute(TestCaseExecutor.java:233)
	at com.kms.katalon.core.main.TestCaseMain.runTestCase(TestCaseMain.java:114)
	at com.kms.katalon.core.keyword.builtin.CallTestCaseKeyword$_callTestCase_closure1.doCall(CallTestCaseKeyword.groovy:59)
	... 20 more
Caused by: com.kms.katalon.core.exception.StepErrorException: Call Test Case 'Test Cases/CDB/HomeTaskCDB/TaskPanelCdbPersonal' failed because of error(s)
	at com.kms.katalon.core.keyword.builtin.CallTestCaseKeyword$_callTestCase_closure1.doCall(CallTestCaseKeyword.groovy:66)
	at com.kms.katalon.core.keyword.builtin.CallTestCaseKeyword$_callTestCase_closure1.call(CallTestCaseKeyword.groovy)
	at com.kms.katalon.core.keyword.internal.KeywordMain.runKeyword(KeywordMain.groovy:68)
	at com.kms.katalon.core.keyword.builtin.CallTestCaseKeyword.callTestCase(CallTestCaseKeyword.groovy:81)
	at com.kms.katalon.core.keyword.builtin.CallTestCaseKeyword.execute(CallTestCaseKeyword.groovy:44)
	at com.kms.katalon.core.keyword.internal.KeywordExecutor.executeKeywordForPlatform(KeywordExecutor.groovy:72)
	at com.kms.katalon.core.keyword.BuiltinKeywords.callTestCase(BuiltinKeywords.groovy:334)
	at HomeTaskImproved.run(HomeTaskImproved:17)
	at com.kms.katalon.core.main.ScriptEngine.run(ScriptEngine.java:194)
	at com.kms.katalon.core.main.ScriptEngine.runScriptAsRawText(ScriptEngine.java:119)
	at com.kms.katalon.core.main.TestCaseExecutor.runScript(TestCaseExecutor.java:337)
	at com.kms.katalon.core.main.TestCaseExecutor.doExecute(TestCaseExecutor.java:328)
	at com.kms.katalon.core.main.TestCaseExecutor.processExecutionPhase(TestCaseExecutor.java:307)
	at com.kms.katalon.core.main.TestCaseExecutor.accessMainPhase(TestCaseExecutor.java:299)
	at com.kms.katalon.core.main.TestCaseExecutor.execute(TestCaseExecutor.java:233)
	at com.kms.katalon.core.main.TestCaseMain.runTestCase(TestCaseMain.java:114)
	at com.kms.katalon.core.keyword.builtin.CallTestCaseKeyword$_callTestCase_closure1.doCall(CallTestCaseKeyword.groovy:59)
	... 36 more
Caused by: org.codehaus.groovy.runtime.InvokerInvocationException: com.kms.katalon.core.webui.exception.WebElementNotFoundException: Web element with id: 'Object Repository/CDB/Personal/Page_HomeTask_CDBPersonal/open_task' located by 'By.xpath: id(&quot;frmMain:CIFPersonalSearchResult_switch_off&quot;)[count(. | //div[@id = 'frmMain:CIFPersonalSearchResult_switch_off']) = count(//div[@id = 'frmMain:CIFPersonalSearchResult_switch_off'])]' not found
	at customKeywords.CustomKeywordJS.invokeMethod(CustomKeywordJS.groovy)
	at com.kms.katalon.core.main.CustomKeywordDelegatingMetaClass.invokeStaticMethod(CustomKeywordDelegatingMetaClass.java:50)
	at TaskPanelCdbPersonal.run(TaskPanelCdbPersonal:54)
	at com.kms.katalon.core.main.ScriptEngine.run(ScriptEngine.java:194)
	at com.kms.katalon.core.main.ScriptEngine.runScriptAsRawText(ScriptEngine.java:119)
	at com.kms.katalon.core.main.TestCaseExecutor.runScript(TestCaseExecutor.java:337)
	at com.kms.katalon.core.main.TestCaseExecutor.doExecute(TestCaseExecutor.java:328)
	at com.kms.katalon.core.main.TestCaseExecutor.processExecutionPhase(TestCaseExecutor.java:307)
	at com.kms.katalon.core.main.TestCaseExecutor.accessMainPhase(TestCaseExecutor.java:299)
	at com.kms.katalon.core.main.TestCaseExecutor.execute(TestCaseExecutor.java:233)
	at com.kms.katalon.core.main.TestCaseMain.runTestCase(TestCaseMain.java:114)
	at com.kms.katalon.core.keyword.builtin.CallTestCaseKeyword$_callTestCase_closure1.doCall(CallTestCaseKeyword.groovy:59)
	... 52 more
Caused by: com.kms.katalon.core.webui.exception.WebElementNotFoundException: Web element with id: 'Object Repository/CDB/Personal/Page_HomeTask_CDBPersonal/open_task' located by 'By.xpath: id(&quot;frmMain:CIFPersonalSearchResult_switch_off&quot;)[count(. | //div[@id = 'frmMain:CIFPersonalSearchResult_switch_off']) = count(//div[@id = 'frmMain:CIFPersonalSearchResult_switch_off'])]' not found
	at com.kms.katalon.core.webui.common.WebUiCommonHelper.findWebElement(WebUiCommonHelper.java:1154)
	at com.kms.katalon.core.webui.common.WebUiCommonHelper$findWebElement$0.call(Unknown Source)
	at customKeywords.CustomKeywordJS.clickUsingJS(CustomKeywordJS.groovy:38)
	... 64 more
"/>
         <system-out><![CDATA[2020-03-10 15:55:05 - [TEST_CASE][ERROR] - Test Cases/CDB/MainTestCase/FullScenarioCDBv2: Test Cases/CDB/MainTestCase/FullScenarioCDBv2 FAILED.
Reason:
com.kms.katalon.core.exception.StepErrorException: Call Test Case 'Test Cases/CDB/MainTestCase/CDB_BA' failed because of error(s)
	at com.kms.katalon.core.keyword.builtin.CallTestCaseKeyword$_callTestCase_closure1.doCall(CallTestCaseKeyword.groovy:66)
	at com.kms.katalon.core.keyword.builtin.CallTestCaseKeyword$_callTestCase_closure1.call(CallTestCaseKeyword.groovy)
	at com.kms.katalon.core.keyword.internal.KeywordMain.runKeyword(KeywordMain.groovy:68)
	at com.kms.katalon.core.keyword.builtin.CallTestCaseKeyword.callTestCase(CallTestCaseKeyword.groovy:81)
	at com.kms.katalon.core.keyword.builtin.CallTestCaseKeyword.execute(CallTestCaseKeyword.groovy:44)
	at com.kms.katalon.core.keyword.internal.KeywordExecutor.executeKeywordForPlatform(KeywordExecutor.groovy:72)
	at com.kms.katalon.core.keyword.BuiltinKeywords.callTestCase(BuiltinKeywords.groovy:334)
	at FullScenarioCDBv2.run(FullScenarioCDBv2:39)
	at com.kms.katalon.core.main.ScriptEngine.run(ScriptEngine.java:194)
	at com.kms.katalon.core.main.ScriptEngine.runScriptAsRawText(ScriptEngine.java:119)
	at com.kms.katalon.core.main.TestCaseExecutor.runScript(TestCaseExecutor.java:337)
	at com.kms.katalon.core.main.TestCaseExecutor.doExecute(TestCaseExecutor.java:328)
	at com.kms.katalon.core.main.TestCaseExecutor.processExecutionPhase(TestCaseExecutor.java:307)
	at com.kms.katalon.core.main.TestCaseExecutor.accessMainPhase(TestCaseExecutor.java:299)
	at com.kms.katalon.core.main.TestCaseExecutor.execute(TestCaseExecutor.java:233)
	at com.kms.katalon.core.main.TestSuiteExecutor.accessTestCaseMainPhase(TestSuiteExecutor.java:169)
	at com.kms.katalon.core.main.TestSuiteExecutor.accessTestSuiteMainPhase(TestSuiteExecutor.java:142)
	at com.kms.katalon.core.main.TestSuiteExecutor.execute(TestSuiteExecutor.java:91)
	at com.kms.katalon.core.main.TestCaseMain.startTestSuite(TestCaseMain.java:157)
	at com.kms.katalon.core.main.TestCaseMain$startTestSuite$0.call(Unknown Source)
	at TempTestSuite1583830456174.run(TempTestSuite1583830456174.groovy:36)
Caused by: com.kms.katalon.core.exception.StepErrorException: Call Test Case 'Test Cases/CDB/HomeTaskCDB/HomeTaskImproved' failed because of error(s)
	at com.kms.katalon.core.keyword.builtin.CallTestCaseKeyword$_callTestCase_closure1.doCall(CallTestCaseKeyword.groovy:66)
	at com.kms.katalon.core.keyword.builtin.CallTestCaseKeyword$_callTestCase_closure1.call(CallTestCaseKeyword.groovy)
	at com.kms.katalon.core.keyword.internal.KeywordMain.runKeyword(KeywordMain.groovy:68)
	at com.kms.katalon.core.keyword.builtin.CallTestCaseKeyword.callTestCase(CallTestCaseKeyword.groovy:81)
	at com.kms.katalon.core.keyword.builtin.CallTestCaseKeyword.execute(CallTestCaseKeyword.groovy:44)
	at com.kms.katalon.core.keyword.internal.KeywordExecutor.executeKeywordForPlatform(KeywordExecutor.groovy:72)
	at com.kms.katalon.core.keyword.BuiltinKeywords.callTestCase(BuiltinKeywords.groovy:334)
	at CDB_BA.run(CDB_BA:24)
	at com.kms.katalon.core.main.ScriptEngine.run(ScriptEngine.java:194)
	at com.kms.katalon.core.main.ScriptEngine.runScriptAsRawText(ScriptEngine.java:119)
	at com.kms.katalon.core.main.TestCaseExecutor.runScript(TestCaseExecutor.java:337)
	at com.kms.katalon.core.main.TestCaseExecutor.doExecute(TestCaseExecutor.java:328)
	at com.kms.katalon.core.main.TestCaseExecutor.processExecutionPhase(TestCaseExecutor.java:307)
	at com.kms.katalon.core.main.TestCaseExecutor.accessMainPhase(TestCaseExecutor.java:299)
	at com.kms.katalon.core.main.TestCaseExecutor.execute(TestCaseExecutor.java:233)
	at com.kms.katalon.core.main.TestCaseMain.runTestCase(TestCaseMain.java:114)
	at com.kms.katalon.core.keyword.builtin.CallTestCaseKeyword$_callTestCase_closure1.doCall(CallTestCaseKeyword.groovy:59)
	... 20 more
Caused by: com.kms.katalon.core.exception.StepErrorException: Call Test Case 'Test Cases/CDB/HomeTaskCDB/TaskPanelCdbPersonal' failed because of error(s)
	at com.kms.katalon.core.keyword.builtin.CallTestCaseKeyword$_callTestCase_closure1.doCall(CallTestCaseKeyword.groovy:66)
	at com.kms.katalon.core.keyword.builtin.CallTestCaseKeyword$_callTestCase_closure1.call(CallTestCaseKeyword.groovy)
	at com.kms.katalon.core.keyword.internal.KeywordMain.runKeyword(KeywordMain.groovy:68)
	at com.kms.katalon.core.keyword.builtin.CallTestCaseKeyword.callTestCase(CallTestCaseKeyword.groovy:81)
	at com.kms.katalon.core.keyword.builtin.CallTestCaseKeyword.execute(CallTestCaseKeyword.groovy:44)
	at com.kms.katalon.core.keyword.internal.KeywordExecutor.executeKeywordForPlatform(KeywordExecutor.groovy:72)
	at com.kms.katalon.core.keyword.BuiltinKeywords.callTestCase(BuiltinKeywords.groovy:334)
	at HomeTaskImproved.run(HomeTaskImproved:17)
	at com.kms.katalon.core.main.ScriptEngine.run(ScriptEngine.java:194)
	at com.kms.katalon.core.main.ScriptEngine.runScriptAsRawText(ScriptEngine.java:119)
	at com.kms.katalon.core.main.TestCaseExecutor.runScript(TestCaseExecutor.java:337)
	at com.kms.katalon.core.main.TestCaseExecutor.doExecute(TestCaseExecutor.java:328)
	at com.kms.katalon.core.main.TestCaseExecutor.processExecutionPhase(TestCaseExecutor.java:307)
	at com.kms.katalon.core.main.TestCaseExecutor.accessMainPhase(TestCaseExecutor.java:299)
	at com.kms.katalon.core.main.TestCaseExecutor.execute(TestCaseExecutor.java:233)
	at com.kms.katalon.core.main.TestCaseMain.runTestCase(TestCaseMain.java:114)
	at com.kms.katalon.core.keyword.builtin.CallTestCaseKeyword$_callTestCase_closure1.doCall(CallTestCaseKeyword.groovy:59)
	... 36 more
Caused by: org.codehaus.groovy.runtime.InvokerInvocationException: com.kms.katalon.core.webui.exception.WebElementNotFoundException: Web element with id: 'Object Repository/CDB/Personal/Page_HomeTask_CDBPersonal/open_task' located by 'By.xpath: id("frmMain:CIFPersonalSearchResult_switch_off")[count(. | //div[@id = 'frmMain:CIFPersonalSearchResult_switch_off']) = count(//div[@id = 'frmMain:CIFPersonalSearchResult_switch_off'])]' not found
	at customKeywords.CustomKeywordJS.invokeMethod(CustomKeywordJS.groovy)
	at com.kms.katalon.core.main.CustomKeywordDelegatingMetaClass.invokeStaticMethod(CustomKeywordDelegatingMetaClass.java:50)
	at TaskPanelCdbPersonal.run(TaskPanelCdbPersonal:54)
	at com.kms.katalon.core.main.ScriptEngine.run(ScriptEngine.java:194)
	at com.kms.katalon.core.main.ScriptEngine.runScriptAsRawText(ScriptEngine.java:119)
	at com.kms.katalon.core.main.TestCaseExecutor.runScript(TestCaseExecutor.java:337)
	at com.kms.katalon.core.main.TestCaseExecutor.doExecute(TestCaseExecutor.java:328)
	at com.kms.katalon.core.main.TestCaseExecutor.processExecutionPhase(TestCaseExecutor.java:307)
	at com.kms.katalon.core.main.TestCaseExecutor.accessMainPhase(TestCaseExecutor.java:299)
	at com.kms.katalon.core.main.TestCaseExecutor.execute(TestCaseExecutor.java:233)
	at com.kms.katalon.core.main.TestCaseMain.runTestCase(TestCaseMain.java:114)
	at com.kms.katalon.core.keyword.builtin.CallTestCaseKeyword$_callTestCase_closure1.doCall(CallTestCaseKeyword.groovy:59)
	... 52 more
Caused by: com.kms.katalon.core.webui.exception.WebElementNotFoundException: Web element with id: 'Object Repository/CDB/Personal/Page_HomeTask_CDBPersonal/open_task' located by 'By.xpath: id("frmMain:CIFPersonalSearchResult_switch_off")[count(. | //div[@id = 'frmMain:CIFPersonalSearchResult_switch_off']) = count(//div[@id = 'frmMain:CIFPersonalSearchResult_switch_off'])]' not found
	at com.kms.katalon.core.webui.common.WebUiCommonHelper.findWebElement(WebUiCommonHelper.java:1154)
	at com.kms.katalon.core.webui.common.WebUiCommonHelper$findWebElement$0.call(Unknown Source)
	at customKeywords.CustomKeywordJS.clickUsingJS(CustomKeywordJS.groovy:38)
	... 64 more


2020-03-10 15:55:08 - [TEST_STEP][PASSED] - callTestCase(findTestCase("EntryBooking/EntryBooking_All"), ["Maker":Maker, "Checker":Checker, "Approver":Approver, "CustomerType":CustomerType, "CustomerName":CustomerName, "PhoneNumber":PhoneNumber, ... ], STOP_ON_FAILURE): Call Test Case 'Test Cases/EntryBooking/EntryBooking_All' successfully

2020-03-10 15:55:08 - [TEST_CASE][PASSED] - Test Cases/EntryBooking/EntryBooking_All: Test Cases/EntryBooking/EntryBooking_All

2020-03-10 15:55:09 - [TEST_STEP][PASSED] - callTestCase(findTestCase("EntryBooking/EntryBooking_Maker"), ["CustomerType":CustomerType, "CustomerName":CustomerName, "PhoneNumber":PhoneNumber, "Address":Address, "SupplierName":SupplierName, ... ], STOP_ON_FAILURE): Call Test Case 'Test Cases/EntryBooking/EntryBooking_Maker' successfully

2020-03-10 15:55:09 - [TEST_CASE][PASSED] - Test Cases/EntryBooking/EntryBooking_Maker: Test Cases/EntryBooking/EntryBooking_Maker

2020-03-10 15:55:11 - [TEST_STEP][PASSED] - customKeywords.LoginHelper.DoLogin(Fintegrity, UserMaker, FinPass): Login Completed!

2020-03-10 15:55:13 - [MESSAGE][FAILED] - Unable to navigate to 'http://192.168.0.100:8080/Fintegrity' (Root cause: com.kms.katalon.core.exception.StepFailedException: Unable to navigate to 'http://192.168.0.100:8080/Fintegrity'
	at com.kms.katalon.core.webui.keyword.internal.WebUIKeywordMain.stepFailed(WebUIKeywordMain.groovy:64)
	at com.kms.katalon.core.webui.keyword.internal.WebUIKeywordMain.runKeyword(WebUIKeywordMain.groovy:26)
	at com.kms.katalon.core.webui.keyword.builtin.NavigateToUrlKeyword.navigateToUrl(NavigateToUrlKeyword.groovy:83)
	at com.kms.katalon.core.webui.keyword.builtin.NavigateToUrlKeyword.execute(NavigateToUrlKeyword.groovy:67)
	at com.kms.katalon.core.keyword.internal.KeywordExecutor.executeKeywordForPlatform(KeywordExecutor.groovy:72)
	at com.kms.katalon.core.webui.keyword.WebUiBuiltInKeywords.navigateToUrl(WebUiBuiltInKeywords.groovy:183)
	at com.kms.katalon.core.webui.keyword.WebUiBuiltInKeywords$navigateToUrl.call(Unknown Source)
	at customKeywords.LoginHelper.DoLogin(LoginHelper.groovy:39)
	at customKeywords.LoginHelper.invokeMethod(LoginHelper.groovy)
	at com.kms.katalon.core.main.CustomKeywordDelegatingMetaClass.invokeStaticMethod(CustomKeywordDelegatingMetaClass.java:50)
	at EntryBooking_Maker.run(EntryBooking_Maker:23)
	at com.kms.katalon.core.main.ScriptEngine.run(ScriptEngine.java:194)
	at com.kms.katalon.core.main.ScriptEngine.runScriptAsRawText(ScriptEngine.java:119)
	at com.kms.katalon.core.main.TestCaseExecutor.runScript(TestCaseExecutor.java:337)
	at com.kms.katalon.core.main.TestCaseExecutor.doExecute(TestCaseExecutor.java:328)
	at com.kms.katalon.core.main.TestCaseExecutor.processExecutionPhase(TestCaseExecutor.java:307)
	at com.kms.katalon.core.main.TestCaseExecutor.accessMainPhase(TestCaseExecutor.java:299)
	at com.kms.katalon.core.main.TestCaseExecutor.execute(TestCaseExecutor.java:233)
	at com.kms.katalon.core.main.TestCaseMain.runTestCase(TestCaseMain.java:114)
	at com.kms.katalon.core.keyword.builtin.CallTestCaseKeyword$_callTestCase_closure1.doCall(CallTestCaseKeyword.groovy:59)
	at com.kms.katalon.core.keyword.builtin.CallTestCaseKeyword$_callTestCase_closure1.call(CallTestCaseKeyword.groovy)
	at com.kms.katalon.core.keyword.internal.KeywordMain.runKeyword(KeywordMain.groovy:68)
	at com.kms.katalon.core.keyword.builtin.CallTestCaseKeyword.callTestCase(CallTestCaseKeyword.groovy:81)
	at com.kms.katalon.core.keyword.builtin.CallTestCaseKeyword.execute(CallTestCaseKeyword.groovy:44)
	at com.kms.katalon.core.keyword.internal.KeywordExecutor.executeKeywordForPlatform(KeywordExecutor.groovy:72)
	at com.kms.katalon.core.keyword.BuiltinKeywords.callTestCase(BuiltinKeywords.groovy:334)
	at EntryBooking_All.run(EntryBooking_All:24)
	at com.kms.katalon.core.main.ScriptEngine.run(ScriptEngine.java:194)
	at com.kms.katalon.core.main.ScriptEngine.runScriptAsRawText(ScriptEngine.java:119)
	at com.kms.katalon.core.main.TestCaseExecutor.runScript(TestCaseExecutor.java:337)
	at com.kms.katalon.core.main.TestCaseExecutor.doExecute(TestCaseExecutor.java:328)
	at com.kms.katalon.core.main.TestCaseExecutor.processExecutionPhase(TestCaseExecutor.java:307)
	at com.kms.katalon.core.main.TestCaseExecutor.accessMainPhase(TestCaseExecutor.java:299)
	at com.kms.katalon.core.main.TestCaseExecutor.execute(TestCaseExecutor.java:233)
	at com.kms.katalon.core.main.TestCaseMain.runTestCase(TestCaseMain.java:114)
	at com.kms.katalon.core.keyword.builtin.CallTestCaseKeyword$_callTestCase_closure1.doCall(CallTestCaseKeyword.groovy:59)
	at com.kms.katalon.core.keyword.builtin.CallTestCaseKeyword$_callTestCase_closure1.call(CallTestCaseKeyword.groovy)
	at com.kms.katalon.core.keyword.internal.KeywordMain.runKeyword(KeywordMain.groovy:68)
	at com.kms.katalon.core.keyword.builtin.CallTestCaseKeyword.callTestCase(CallTestCaseKeyword.groovy:81)
	at com.kms.katalon.core.keyword.builtin.CallTestCaseKeyword.execute(CallTestCaseKeyword.groovy:44)
	at com.kms.katalon.core.keyword.internal.KeywordExecutor.executeKeywordForPlatform(KeywordExecutor.groovy:72)
	at com.kms.katalon.core.keyword.BuiltinKeywords.callTestCase(BuiltinKeywords.groovy:334)
	at FullScenarioCDBv2.run(FullScenarioCDBv2:23)
	at com.kms.katalon.core.main.ScriptEngine.run(ScriptEngine.java:194)
	at com.kms.katalon.core.main.ScriptEngine.runScriptAsRawText(ScriptEngine.java:119)
	at com.kms.katalon.core.main.TestCaseExecutor.runScript(TestCaseExecutor.java:337)
	at com.kms.katalon.core.main.TestCaseExecutor.doExecute(TestCaseExecutor.java:328)
	at com.kms.katalon.core.main.TestCaseExecutor.processExecutionPhase(TestCaseExecutor.java:307)
	at com.kms.katalon.core.main.TestCaseExecutor.accessMainPhase(TestCaseExecutor.java:299)
	at com.kms.katalon.core.main.TestCaseExecutor.execute(TestCaseExecutor.java:233)
	at com.kms.katalon.core.main.TestSuiteExecutor.accessTestCaseMainPhase(TestSuiteExecutor.java:169)
	at com.kms.katalon.core.main.TestSuiteExecutor.accessTestSuiteMainPhase(TestSuiteExecutor.java:142)
	at com.kms.katalon.core.main.TestSuiteExecutor.execute(TestSuiteExecutor.java:91)
	at com.kms.katalon.core.main.TestCaseMain.startTestSuite(TestCaseMain.java:157)
	at com.kms.katalon.core.main.TestCaseMain$startTestSuite$0.call(Unknown Source)
	at TempTestSuite1583830456174.run(TempTestSuite1583830456174.groovy:36)
Caused by: com.kms.katalon.core.webui.exception.BrowserNotOpenedException: Browser is not opened
Build info: version: '3.141.59', revision: 'e82be7d358', time: '2018-11-14T08:25:53'
System info: host: 'FID-LB214', ip: '192.168.0.109', os.name: 'Windows 7', os.arch: 'amd64', os.version: '6.1', java.version: '1.8.0_181'
Driver info: driver.version: unknown
	at com.kms.katalon.core.webui.driver.DriverFactory.verifyWebDriverIsOpen(DriverFactory.java:816)
	at com.kms.katalon.core.webui.driver.DriverFactory.verifyWebDriver(DriverFactory.java:801)
	at com.kms.katalon.core.webui.driver.DriverFactory.getWebDriver(DriverFactory.java:787)
	at com.kms.katalon.core.webui.keyword.builtin.NavigateToUrlKeyword$_navigateToUrl_closure1.doCall(NavigateToUrlKeyword.groovy:80)
	at com.kms.katalon.core.webui.keyword.builtin.NavigateToUrlKeyword$_navigateToUrl_closure1.call(NavigateToUrlKeyword.groovy)
	at com.kms.katalon.core.webui.keyword.internal.WebUIKeywordMain.runKeyword(WebUIKeywordMain.groovy:20)
	at com.kms.katalon.core.webui.keyword.builtin.NavigateToUrlKeyword.navigateToUrl(NavigateToUrlKeyword.groovy:83)
	at com.kms.katalon.core.webui.keyword.builtin.NavigateToUrlKeyword.execute(NavigateToUrlKeyword.groovy:67)
	at com.kms.katalon.core.keyword.internal.KeywordExecutor.executeKeywordForPlatform(KeywordExecutor.groovy:72)
	at com.kms.katalon.core.webui.keyword.WebUiBuiltInKeywords.navigateToUrl(WebUiBuiltInKeywords.groovy:183)
	at com.kms.katalon.core.webui.keyword.WebUiBuiltInKeywords$navigateToUrl.call(Unknown Source)
	at customKeywords.LoginHelper.DoLogin(LoginHelper.groovy:39)
	at customKeywords.LoginHelper.invokeMethod(LoginHelper.groovy)
	at com.kms.katalon.core.main.CustomKeywordDelegatingMetaClass.invokeStaticMethod(CustomKeywordDelegatingMetaClass.java:50)
	at Script1530600905993.run(Script1530600905993.groovy:23)
	at com.kms.katalon.core.main.ScriptEngine.run(ScriptEngine.java:194)
	at com.kms.katalon.core.main.ScriptEngine.runScriptAsRawText(ScriptEngine.java:119)
	at com.kms.katalon.core.main.TestCaseExecutor.runScript(TestCaseExecutor.java:337)
	at com.kms.katalon.core.main.TestCaseExecutor.doExecute(TestCaseExecutor.java:328)
	at com.kms.katalon.core.main.TestCaseExecutor.processExecutionPhase(TestCaseExecutor.java:307)
	at com.kms.katalon.core.main.TestCaseExecutor.accessMainPhase(TestCaseExecutor.java:299)
	at com.kms.katalon.core.main.TestCaseExecutor.execute(TestCaseExecutor.java:233)
	at com.kms.katalon.core.main.TestCaseMain.runTestCase(TestCaseMain.java:114)
	at com.kms.katalon.core.keyword.builtin.CallTestCaseKeyword$_callTestCase_closure1.doCall(CallTestCaseKeyword.groovy:59)
	at com.kms.katalon.core.keyword.builtin.CallTestCaseKeyword$_callTestCase_closure1.call(CallTestCaseKeyword.groovy)
	at com.kms.katalon.core.keyword.internal.KeywordMain.runKeyword(KeywordMain.groovy:68)
	at com.kms.katalon.core.keyword.builtin.CallTestCaseKeyword.callTestCase(CallTestCaseKeyword.groovy:81)
	at com.kms.katalon.core.keyword.builtin.CallTestCaseKeyword.execute(CallTestCaseKeyword.groovy:44)
	at com.kms.katalon.core.keyword.internal.KeywordExecutor.executeKeywordForPlatform(KeywordExecutor.groovy:72)
	at com.kms.katalon.core.keyword.BuiltinKeywords.callTestCase(BuiltinKeywords.groovy:334)
	at Script1530676889060.run(Script1530676889060.groovy:24)
	at com.kms.katalon.core.main.ScriptEngine.run(ScriptEngine.java:194)
	at com.kms.katalon.core.main.ScriptEngine.runScriptAsRawText(ScriptEngine.java:119)
	at com.kms.katalon.core.main.TestCaseExecutor.runScript(TestCaseExecutor.java:337)
	at com.kms.katalon.core.main.TestCaseExecutor.doExecute(TestCaseExecutor.java:328)
	at com.kms.katalon.core.main.TestCaseExecutor.processExecutionPhase(TestCaseExecutor.java:307)
	at com.kms.katalon.core.main.TestCaseExecutor.accessMainPhase(TestCaseExecutor.java:299)
	at com.kms.katalon.core.main.TestCaseExecutor.execute(TestCaseExecutor.java:233)
	at com.kms.katalon.core.main.TestCaseMain.runTestCase(TestCaseMain.java:114)
	at com.kms.katalon.core.keyword.builtin.CallTestCaseKeyword$_callTestCase_closure1.doCall(CallTestCaseKeyword.groovy:59)
	at com.kms.katalon.core.keyword.builtin.CallTestCaseKeyword$_callTestCase_closure1.call(CallTestCaseKeyword.groovy)
	at com.kms.katalon.core.keyword.internal.KeywordMain.runKeyword(KeywordMain.groovy:68)
	at com.kms.katalon.core.keyword.builtin.CallTestCaseKeyword.callTestCase(CallTestCaseKeyword.groovy:81)
	at com.kms.katalon.core.keyword.builtin.CallTestCaseKeyword.execute(CallTestCaseKeyword.groovy:44)
	at com.kms.katalon.core.keyword.internal.KeywordExecutor.executeKeywordForPlatform(KeywordExecutor.groovy:72)
	at com.kms.katalon.core.keyword.BuiltinKeywords.callTestCase(BuiltinKeywords.groovy:334)
	at Script1571908017636.run(Script1571908017636.groovy:23)
	... 13 more
)

2020-03-10 15:55:13 - [MESSAGE][INFO] - Starting 'Chrome' driver

2020-03-10 15:55:13 - [MESSAGE][INFO] - Action delay is set to 0 seconds

2020-03-10 15:55:54 - [MESSAGE][PASSED] - Browser is opened with url: 'http://192.168.0.100:8080/Fintegrity'

2020-03-10 15:55:54 - [MESSAGE][INFO] - Browser is not opened, Login Have Been Re-Initiated

2020-03-10 15:55:57 - [MESSAGE][PASSED] - Wait for page load successfully

2020-03-10 15:56:00 - [MESSAGE][PASSED] - Delayed 3 second(s)

2020-03-10 15:56:01 - [MESSAGE][PASSED] - Current window maximized

2020-03-10 15:56:02 - [MESSAGE][PASSED] - Taking screenshot successfully
[[ATTACHMENT|D:\\screenshot.png]]

2020-03-10 15:56:04 - [MESSAGE][PASSED] - Object 'Object Repository/LoginLogout/Page_ Login/input_frmMainbtnLogin' is visible

2020-03-10 15:56:05 - [MESSAGE][PASSED] - Keys 'LUKMAN' sent to object: 'Object Repository/LoginLogout/Page_ Login/input_frmMainuserName'

2020-03-10 15:56:05 - [MESSAGE][PASSED] - Keys 'Mbf137??' sent to object: 'Object Repository/LoginLogout/Page_ Login/input_frmMainpassword'

2020-03-10 15:56:06 - [MESSAGE][PASSED] - Object: 'Object Repository/LoginLogout/Page_ Login/input_frmMainbtnLogin' is clicked on

2020-03-10 15:56:06 - [MESSAGE][PASSED] - Login Completed!

2020-03-10 15:56:06 - [TEST_STEP][PASSED] - waitForElementPresent(findTestObject("EntryBooking/Page Home Menu Footer/img"), wait_js_long_time): Object 'Object Repository/EntryBooking/Page Home Menu Footer/img' is present

2020-03-10 15:56:19 - [MESSAGE][PASSED] - Object 'Object Repository/EntryBooking/Page Home Menu Footer/img' is present

2020-03-10 15:56:19 - [TEST_STEP][PASSED] - customKeywords.CustomKeywordJS.clickUsingJS(findTestObject("EntryBooking/Page Home Menu Footer/span_Entry Booking"), wait_js_long_time): customKeywords.CustomKeywordJS.clickUsingJS is PASSED

2020-03-10 15:56:29 - [MESSAGE][PASSED] - customKeywords.CustomKeywordJS.clickUsingJS is PASSED

2020-03-10 15:56:29 - [TEST_STEP][PASSED] - delay(wait_short_time): Delayed 3 second(s)

2020-03-10 15:56:32 - [MESSAGE][PASSED] - Delayed 3 second(s)

2020-03-10 15:56:32 - [TEST_STEP][PASSED] - customKeywords.CustomKeywordJS.clickUsingJS(findTestObject("EntryBooking/Page EB_Maker/img"), wait_js_long_time): customKeywords.CustomKeywordJS.clickUsingJS is PASSED

2020-03-10 15:56:37 - [MESSAGE][PASSED] - customKeywords.CustomKeywordJS.clickUsingJS is PASSED

2020-03-10 15:56:37 - [TEST_STEP][PASSED] - delay(wait_short_time): Delayed 3 second(s)

2020-03-10 15:56:40 - [MESSAGE][PASSED] - Delayed 3 second(s)

2020-03-10 15:56:40 - [TEST_STEP][PASSED] - if (toString().equalsIgnoreCase("FINAL")): null

2020-03-10 15:56:40 - [TEST_STEP][PASSED] - if (toString().equalsIgnoreCase("C")): null

2020-03-10 15:56:40 - [TEST_STEP][PASSED] - setText(findTestObject("EntryBooking/Page EB_Maker/input_frmMainname"), CustomerName): Text 'HENDRO' is set on object 'Object Repository/EntryBooking/Page EB_Maker/input_frmMainname'

2020-03-10 15:56:43 - [MESSAGE][PASSED] - Text 'HENDRO' is set on object 'Object Repository/EntryBooking/Page EB_Maker/input_frmMainname'

2020-03-10 15:56:43 - [TEST_STEP][PASSED] - setText(findTestObject("EntryBooking/Page EB_Maker/input_frmMainphoneNo"), PhoneNumber): Text '89609430043' is set on object 'Object Repository/EntryBooking/Page EB_Maker/input_frmMainphoneNo'

2020-03-10 15:56:45 - [MESSAGE][PASSED] - Text '89609430043' is set on object 'Object Repository/EntryBooking/Page EB_Maker/input_frmMainphoneNo'

2020-03-10 15:56:45 - [TEST_STEP][PASSED] - setText(findTestObject("EntryBooking/Page EB_Maker/textarea_frmMainaddress"), Address): Text 'JAKARTA' is set on object 'Object Repository/EntryBooking/Page EB_Maker/textarea_frmMainaddress'

2020-03-10 15:56:47 - [MESSAGE][PASSED] - Text 'JAKARTA' is set on object 'Object Repository/EntryBooking/Page EB_Maker/textarea_frmMainaddress'

2020-03-10 15:56:47 - [TEST_STEP][PASSED] - setText(findTestObject("EntryBooking/Page EB_Maker/input_frmMainsupAssetFilter_su"), SupplierName): Text 'HONDA JAKARTA CENTER' is set on object 'Object Repository/EntryBooking/Page EB_Maker/input_frmMainsupAssetFilter_su'

2020-03-10 15:56:49 - [MESSAGE][PASSED] - Text 'HONDA JAKARTA CENTER' is set on object 'Object Repository/EntryBooking/Page EB_Maker/input_frmMainsupAssetFilter_su'

2020-03-10 15:56:49 - [TEST_STEP][PASSED] - delay(wait_short_time): Delayed 3 second(s)

2020-03-10 15:56:52 - [MESSAGE][PASSED] - Delayed 3 second(s)

2020-03-10 15:56:52 - [TEST_STEP][PASSED] - selectOptionByLabel(findTestObject("EntryBooking/Page EB_Maker/select_FORD JAKARTA SELATANFOR"), SupplierName, false): All options with label 'HONDA JAKARTA CENTER' are selected in object 'Object Repository/EntryBooking/Page EB_Maker/select_FORD JAKARTA SELATANFOR' 

2020-03-10 15:56:57 - [MESSAGE][PASSED] - All options with label 'HONDA JAKARTA CENTER' are selected in object 'Object Repository/EntryBooking/Page EB_Maker/select_FORD JAKARTA SELATANFOR' 

2020-03-10 15:56:57 - [TEST_STEP][PASSED] - delay(wait_short_time): Delayed 3 second(s)

2020-03-10 15:57:00 - [MESSAGE][PASSED] - Delayed 3 second(s)

2020-03-10 15:57:00 - [TEST_STEP][PASSED] - customKeywords.CustomKeywordJS.clickUsingJS(findTestObject("EntryBooking/Page EB_Maker/input_frmMainbtnAL_saveExec"), wait_js_long_time): customKeywords.CustomKeywordJS.clickUsingJS is PASSED

2020-03-10 15:57:02 - [MESSAGE][PASSED] - customKeywords.CustomKeywordJS.clickUsingJS is PASSED

2020-03-10 15:57:02 - [TEST_STEP][PASSED] - acceptAlert(): Alert accepted

2020-03-10 15:57:02 - [MESSAGE][PASSED] - Alert accepted

2020-03-10 15:57:02 - [TEST_STEP][PASSED] - waitForElementNotPresent(findTestObject("Object Repository/EntryBooking/Page EB_Maker/MaskLoadingScreen"), wait_long_time, OPTIONAL): Web element with id: 'Object Repository/EntryBooking/Page EB_Maker/MaskLoadingScreen' located by 'By.xpath: //*[@id="modalPanelDiv"]' is present after '10' second(s)

2020-03-10 15:57:14 - [MESSAGE][WARNING] - Web element with id: 'Object Repository/EntryBooking/Page EB_Maker/MaskLoadingScreen' located by 'By.xpath: //*[@id="modalPanelDiv"]' is present after '10' second(s)

2020-03-10 15:57:14 - [TEST_STEP][PASSED] - waitForElementClickable(findTestObject("EntryBooking/Page EB_Maker/input_frmMainbtnA_wfNextWithou"), wait_long_time, STOP_ON_FAILURE): Object 'Object Repository/EntryBooking/Page EB_Maker/input_frmMainbtnA_wfNextWithou' is clickable

2020-03-10 15:57:15 - [MESSAGE][PASSED] - Object 'Object Repository/EntryBooking/Page EB_Maker/input_frmMainbtnA_wfNextWithou' is clickable

2020-03-10 15:57:15 - [TEST_STEP][PASSED] - customKeywords.CustomKeywordJS.clickUsingJS(findTestObject("EntryBooking/Page EB_Maker/input_frmMainbtnA_wfNextWithou"), wait_js_long_time): customKeywords.CustomKeywordJS.clickUsingJS is PASSED

2020-03-10 15:57:18 - [MESSAGE][PASSED] - customKeywords.CustomKeywordJS.clickUsingJS is PASSED

2020-03-10 15:57:18 - [TEST_STEP][PASSED] - acceptAlert(): Alert accepted

2020-03-10 15:57:18 - [MESSAGE][PASSED] - Alert accepted

2020-03-10 15:57:18 - [TEST_STEP][PASSED] - delay(wait_long_time): Delayed 10 second(s)

2020-03-10 15:57:28 - [MESSAGE][PASSED] - Delayed 10 second(s)

2020-03-10 15:57:28 - [MESSAGE][PASSED] - Call Test Case 'Test Cases/EntryBooking/EntryBooking_Maker' successfully

2020-03-10 15:57:28 - [TEST_STEP][PASSED] - callTestCase(findTestCase("LoginLogout/Logout"), ["isOpenBrowser":true], STOP_ON_FAILURE): Call Test Case 'Test Cases/LoginLogout/Logout' successfully

2020-03-10 15:57:28 - [TEST_CASE][PASSED] - Test Cases/LoginLogout/Logout: Test Cases/LoginLogout/Logout

2020-03-10 15:57:28 - [TEST_STEP][PASSED] - waitForPageLoad(wait_long_time): Wait for page load successfully

2020-03-10 15:57:28 - [MESSAGE][PASSED] - Wait for page load successfully

2020-03-10 15:57:28 - [TEST_STEP][PASSED] - delay(wait_short_time): Delayed 3 second(s)

2020-03-10 15:57:31 - [MESSAGE][PASSED] - Delayed 3 second(s)

2020-03-10 15:57:31 - [TEST_STEP][PASSED] - waitForElementVisible(findTestObject("LoginLogout/Page_ Logout/a_Logout"), wait_js_long_time): Object 'Object Repository/LoginLogout/Page_ Logout/a_Logout' is visible

2020-03-10 15:57:33 - [MESSAGE][PASSED] - Object 'Object Repository/LoginLogout/Page_ Logout/a_Logout' is visible

2020-03-10 15:57:33 - [TEST_STEP][PASSED] - customKeywords.CustomKeywordJS.clickUsingJS(findTestObject("LoginLogout/Page_ Logout/a_Logout"), wait_js_long_time): customKeywords.CustomKeywordJS.clickUsingJS is PASSED

2020-03-10 15:57:35 - [MESSAGE][PASSED] - customKeywords.CustomKeywordJS.clickUsingJS is PASSED

2020-03-10 15:57:35 - [MESSAGE][PASSED] - Call Test Case 'Test Cases/LoginLogout/Logout' successfully

2020-03-10 15:57:35 - [TEST_STEP][PASSED] - callTestCase(findTestCase("LoginLogout/Login_Enhanced"), ["UserName":Checker], STOP_ON_FAILURE): Call Test Case 'Test Cases/LoginLogout/Login_Enhanced' successfully

2020-03-10 15:57:35 - [TEST_CASE][PASSED] - Test Cases/LoginLogout/Login_Enhanced: Test Cases/LoginLogout/Login_Enhanced

2020-03-10 15:57:35 - [TEST_STEP][PASSED] - customKeywords.LoginHelper.DoLogin(Fintegrity, UserName, FinPass): Login Completed!

2020-03-10 15:57:36 - [MESSAGE][PASSED] - Navigate to 'http://192.168.0.100:8080/Fintegrity' successfully

2020-03-10 15:57:36 - [MESSAGE][INFO] - Login Have Been Initiated

2020-03-10 15:57:36 - [MESSAGE][PASSED] - Wait for page load successfully

2020-03-10 15:57:39 - [MESSAGE][PASSED] - Delayed 3 second(s)

2020-03-10 15:57:39 - [MESSAGE][PASSED] - Current window maximized

2020-03-10 15:57:40 - [MESSAGE][PASSED] - Taking screenshot successfully
[[ATTACHMENT|D:\\screenshot.png]]

2020-03-10 15:57:40 - [MESSAGE][PASSED] - Object 'Object Repository/LoginLogout/Page_ Login/input_frmMainbtnLogin' is visible

2020-03-10 15:57:41 - [MESSAGE][PASSED] - Keys 'CHAIRUL' sent to object: 'Object Repository/LoginLogout/Page_ Login/input_frmMainuserName'

2020-03-10 15:57:41 - [MESSAGE][PASSED] - Keys 'Mbf137??' sent to object: 'Object Repository/LoginLogout/Page_ Login/input_frmMainpassword'

2020-03-10 15:57:41 - [MESSAGE][PASSED] - Object: 'Object Repository/LoginLogout/Page_ Login/input_frmMainbtnLogin' is clicked on

2020-03-10 15:57:41 - [MESSAGE][PASSED] - Login Completed!

2020-03-10 15:57:41 - [MESSAGE][PASSED] - Call Test Case 'Test Cases/LoginLogout/Login_Enhanced' successfully

2020-03-10 15:57:41 - [TEST_STEP][PASSED] - callTestCase(findTestCase("EntryBooking/EntryBooking_Checker"), ["CustomerName":CustomerName], STOP_ON_FAILURE): Call Test Case 'Test Cases/EntryBooking/EntryBooking_Checker' successfully

2020-03-10 15:57:42 - [TEST_CASE][PASSED] - Test Cases/EntryBooking/EntryBooking_Checker: Test Cases/EntryBooking/EntryBooking_Checker

2020-03-10 15:57:42 - [TEST_STEP][PASSED] - callTestCase(findTestCase("EntryBooking/HomeTask/EntryBookingHomeTask"), ["CustomerName":CustomerName], STOP_ON_FAILURE): Call Test Case 'Test Cases/EntryBooking/HomeTask/EntryBookingHomeTask' successfully

2020-03-10 15:57:42 - [TEST_CASE][PASSED] - Test Cases/EntryBooking/HomeTask/EntryBookingHomeTask: Test Cases/EntryBooking/HomeTask/EntryBookingHomeTask

2020-03-10 15:57:43 - [TEST_STEP][PASSED] - waitForElementPresent(findTestObject("EntryBooking/Page EB_Checker/Page Panel Task_EB/panel_task_entry_booking"), wait_js_long_time): Object 'Object Repository/EntryBooking/Page EB_Checker/Page Panel Task_EB/panel_task_entry_booking' is present

2020-03-10 15:57:55 - [MESSAGE][PASSED] - Object 'Object Repository/EntryBooking/Page EB_Checker/Page Panel Task_EB/panel_task_entry_booking' is present

2020-03-10 15:57:55 - [TEST_STEP][PASSED] - delay(wait_medium_time): Delayed 5 second(s)

2020-03-10 15:58:00 - [MESSAGE][PASSED] - Delayed 5 second(s)

2020-03-10 15:58:00 - [TEST_STEP][PASSED] - if (verifyElementNotPresent(findTestObject("Object Repository/EntryBooking/Page EB_Checker/Page Panel Task_EB/table_task"), wait_short_time, OPTIONAL)): null

2020-03-10 15:58:01 - [MESSAGE][PASSED] - Web element with id: 'Object Repository/EntryBooking/Page EB_Checker/Page Panel Task_EB/table_task' located by 'By.xpath: //*[@id="frmMain:dtEBTask:tb"]' is not present after '3' second(s)

2020-03-10 15:58:01 - [TEST_STEP][PASSED] - waitForElementClickable(findTestObject("EntryBooking/Page EB_Checker/Page Panel Task_EB/open_task"), wait_js_long_time): Object 'Object Repository/EntryBooking/Page EB_Checker/Page Panel Task_EB/open_task' is clickable

2020-03-10 15:58:01 - [MESSAGE][PASSED] - Object 'Object Repository/EntryBooking/Page EB_Checker/Page Panel Task_EB/open_task' is clickable

2020-03-10 15:58:01 - [TEST_STEP][PASSED] - customKeywords.CustomKeywordJS.clickUsingJS(findTestObject("EntryBooking/Page EB_Checker/Page Panel Task_EB/open_task"), wait_js_long_time): customKeywords.CustomKeywordJS.clickUsingJS is PASSED

2020-03-10 15:58:02 - [MESSAGE][PASSED] - customKeywords.CustomKeywordJS.clickUsingJS is PASSED

2020-03-10 15:58:02 - [TEST_STEP][PASSED] - delay(wait_medium_time): Delayed 5 second(s)

2020-03-10 15:58:07 - [MESSAGE][PASSED] - Delayed 5 second(s)

2020-03-10 15:58:07 - [TEST_STEP][PASSED] - if (verifyElementPresent(findTestObject("EntryBooking/Page EB_Checker/Page Panel Task_EB/last_page_table"), wait_short_time, OPTIONAL)): com.kms.katalon.core.webui.exception.WebElementNotFoundException: Web element with id: 'Object Repository/EntryBooking/Page EB_Checker/Page Panel Task_EB/last_page_table' located by 'By.xpath: //td[@onclick = concat('Event.fire(this, ' , "'" , 'rich:datascroller:onscroll' , "'" , ', {' , "'" , 'page' , "'" , ': ' , "'" , 'last' , "'" , '});') and (text() = '»»' or . = '»»')]' not found (Root cause: com.kms.katalon.core.exception.StepFailedException: com.kms.katalon.core.webui.exception.WebElementNotFoundException: Web element with id: 'Object Repository/EntryBooking/Page EB_Checker/Page Panel Task_EB/last_page_table' located by 'By.xpath: //td[@onclick = concat('Event.fire(this, ' , "'" , 'rich:datascroller:onscroll' , "'" , ', {' , "'" , 'page' , "'" , ': ' , "'" , 'last' , "'" , '});') and (text() = '»»' or . = '»»')]' not found
	at com.kms.katalon.core.webui.keyword.internal.WebUIKeywordMain.stepFailed(WebUIKeywordMain.groovy:64)
	at com.kms.katalon.core.webui.keyword.builtin.VerifyElementPresentKeyword$_verifyElementPresent_closure1.doCall(VerifyElementPresentKeyword.groovy:85)
	at com.kms.katalon.core.webui.keyword.builtin.VerifyElementPresentKeyword$_verifyElementPresent_closure1.call(VerifyElementPresentKeyword.groovy)
	at com.kms.katalon.core.webui.keyword.internal.WebUIKeywordMain.runKeyword(WebUIKeywordMain.groovy:20)
	at com.kms.katalon.core.webui.keyword.builtin.VerifyElementPresentKeyword.verifyElementPresent(VerifyElementPresentKeyword.groovy:92)
	at com.kms.katalon.core.webui.keyword.builtin.VerifyElementPresentKeyword.execute(VerifyElementPresentKeyword.groovy:68)
	at com.kms.katalon.core.keyword.internal.KeywordExecutor.executeKeywordForPlatform(KeywordExecutor.groovy:72)
	at com.kms.katalon.core.webui.keyword.WebUiBuiltInKeywords.verifyElementPresent(WebUiBuiltInKeywords.groovy:1418)
	at com.kms.katalon.core.webui.keyword.WebUiBuiltInKeywords$verifyElementPresent$17.call(Unknown Source)
	at EntryBookingHomeTask.run(EntryBookingHomeTask:84)
	at com.kms.katalon.core.main.ScriptEngine.run(ScriptEngine.java:194)
	at com.kms.katalon.core.main.ScriptEngine.runScriptAsRawText(ScriptEngine.java:119)
	at com.kms.katalon.core.main.TestCaseExecutor.runScript(TestCaseExecutor.java:337)
	at com.kms.katalon.core.main.TestCaseExecutor.doExecute(TestCaseExecutor.java:328)
	at com.kms.katalon.core.main.TestCaseExecutor.processExecutionPhase(TestCaseExecutor.java:307)
	at com.kms.katalon.core.main.TestCaseExecutor.accessMainPhase(TestCaseExecutor.java:299)
	at com.kms.katalon.core.main.TestCaseExecutor.execute(TestCaseExecutor.java:233)
	at com.kms.katalon.core.main.TestCaseMain.runTestCase(TestCaseMain.java:114)
	at com.kms.katalon.core.keyword.builtin.CallTestCaseKeyword$_callTestCase_closure1.doCall(CallTestCaseKeyword.groovy:59)
	at com.kms.katalon.core.keyword.builtin.CallTestCaseKeyword$_callTestCase_closure1.call(CallTestCaseKeyword.groovy)
	at com.kms.katalon.core.keyword.internal.KeywordMain.runKeyword(KeywordMain.groovy:68)
	at com.kms.katalon.core.keyword.builtin.CallTestCaseKeyword.callTestCase(CallTestCaseKeyword.groovy:81)
	at com.kms.katalon.core.keyword.builtin.CallTestCaseKeyword.execute(CallTestCaseKeyword.groovy:44)
	at com.kms.katalon.core.keyword.internal.KeywordExecutor.executeKeywordForPlatform(KeywordExecutor.groovy:72)
	at com.kms.katalon.core.keyword.BuiltinKeywords.callTestCase(BuiltinKeywords.groovy:334)
	at EntryBooking_Checker.run(EntryBooking_Checker:28)
	at com.kms.katalon.core.main.ScriptEngine.run(ScriptEngine.java:194)
	at com.kms.katalon.core.main.ScriptEngine.runScriptAsRawText(ScriptEngine.java:119)
	at com.kms.katalon.core.main.TestCaseExecutor.runScript(TestCaseExecutor.java:337)
	at com.kms.katalon.core.main.TestCaseExecutor.doExecute(TestCaseExecutor.java:328)
	at com.kms.katalon.core.main.TestCaseExecutor.processExecutionPhase(TestCaseExecutor.java:307)
	at com.kms.katalon.core.main.TestCaseExecutor.accessMainPhase(TestCaseExecutor.java:299)
	at com.kms.katalon.core.main.TestCaseExecutor.execute(TestCaseExecutor.java:233)
	at com.kms.katalon.core.main.TestCaseMain.runTestCase(TestCaseMain.java:114)
	at com.kms.katalon.core.keyword.builtin.CallTestCaseKeyword$_callTestCase_closure1.doCall(CallTestCaseKeyword.groovy:59)
	at com.kms.katalon.core.keyword.builtin.CallTestCaseKeyword$_callTestCase_closure1.call(CallTestCaseKeyword.groovy)
	at com.kms.katalon.core.keyword.internal.KeywordMain.runKeyword(KeywordMain.groovy:68)
	at com.kms.katalon.core.keyword.builtin.CallTestCaseKeyword.callTestCase(CallTestCaseKeyword.groovy:81)
	at com.kms.katalon.core.keyword.builtin.CallTestCaseKeyword.execute(CallTestCaseKeyword.groovy:44)
	at com.kms.katalon.core.keyword.internal.KeywordExecutor.executeKeywordForPlatform(KeywordExecutor.groovy:72)
	at com.kms.katalon.core.keyword.BuiltinKeywords.callTestCase(BuiltinKeywords.groovy:334)
	at EntryBooking_All.run(EntryBooking_All:33)
	at com.kms.katalon.core.main.ScriptEngine.run(ScriptEngine.java:194)
	at com.kms.katalon.core.main.ScriptEngine.runScriptAsRawText(ScriptEngine.java:119)
	at com.kms.katalon.core.main.TestCaseExecutor.runScript(TestCaseExecutor.java:337)
	at com.kms.katalon.core.main.TestCaseExecutor.doExecute(TestCaseExecutor.java:328)
	at com.kms.katalon.core.main.TestCaseExecutor.processExecutionPhase(TestCaseExecutor.java:307)
	at com.kms.katalon.core.main.TestCaseExecutor.accessMainPhase(TestCaseExecutor.java:299)
	at com.kms.katalon.core.main.TestCaseExecutor.execute(TestCaseExecutor.java:233)
	at com.kms.katalon.core.main.TestCaseMain.runTestCase(TestCaseMain.java:114)
	at com.kms.katalon.core.keyword.builtin.CallTestCaseKeyword$_callTestCase_closure1.doCall(CallTestCaseKeyword.groovy:59)
	at com.kms.katalon.core.keyword.builtin.CallTestCaseKeyword$_callTestCase_closure1.call(CallTestCaseKeyword.groovy)
	at com.kms.katalon.core.keyword.internal.KeywordMain.runKeyword(KeywordMain.groovy:68)
	at com.kms.katalon.core.keyword.builtin.CallTestCaseKeyword.callTestCase(CallTestCaseKeyword.groovy:81)
	at com.kms.katalon.core.keyword.builtin.CallTestCaseKeyword.execute(CallTestCaseKeyword.groovy:44)
	at com.kms.katalon.core.keyword.internal.KeywordExecutor.executeKeywordForPlatform(KeywordExecutor.groovy:72)
	at com.kms.katalon.core.keyword.BuiltinKeywords.callTestCase(BuiltinKeywords.groovy:334)
	at FullScenarioCDBv2.run(FullScenarioCDBv2:23)
	at com.kms.katalon.core.main.ScriptEngine.run(ScriptEngine.java:194)
	at com.kms.katalon.core.main.ScriptEngine.runScriptAsRawText(ScriptEngine.java:119)
	at com.kms.katalon.core.main.TestCaseExecutor.runScript(TestCaseExecutor.java:337)
	at com.kms.katalon.core.main.TestCaseExecutor.doExecute(TestCaseExecutor.java:328)
	at com.kms.katalon.core.main.TestCaseExecutor.processExecutionPhase(TestCaseExecutor.java:307)
	at com.kms.katalon.core.main.TestCaseExecutor.accessMainPhase(TestCaseExecutor.java:299)
	at com.kms.katalon.core.main.TestCaseExecutor.execute(TestCaseExecutor.java:233)
	at com.kms.katalon.core.main.TestSuiteExecutor.accessTestCaseMainPhase(TestSuiteExecutor.java:169)
	at com.kms.katalon.core.main.TestSuiteExecutor.accessTestSuiteMainPhase(TestSuiteExecutor.java:142)
	at com.kms.katalon.core.main.TestSuiteExecutor.execute(TestSuiteExecutor.java:91)
	at com.kms.katalon.core.main.TestCaseMain.startTestSuite(TestCaseMain.java:157)
	at com.kms.katalon.core.main.TestCaseMain$startTestSuite$0.call(Unknown Source)
	at TempTestSuite1583830456174.run(TempTestSuite1583830456174.groovy:36)
)

2020-03-10 15:58:11 - [MESSAGE][INFO] - Unable to find the element located by 'By.xpath: //td[@onclick = concat('Event.fire(this, ' , "'" , 'rich:datascroller:onscroll' , "'" , ', {' , "'" , 'page' , "'" , ': ' , "'" , 'last' , "'" , '});') and (text() = '»»' or . = '»»')]'. Please recheck the objects properties to make sure the desired element is located. 

2020-03-10 15:58:11 - [MESSAGE][WARNING] - com.kms.katalon.core.webui.exception.WebElementNotFoundException: Web element with id: 'Object Repository/EntryBooking/Page EB_Checker/Page Panel Task_EB/last_page_table' located by 'By.xpath: //td[@onclick = concat('Event.fire(this, ' , "'" , 'rich:datascroller:onscroll' , "'" , ', {' , "'" , 'page' , "'" , ': ' , "'" , 'last' , "'" , '});') and (text() = '»»' or . = '»»')]' not found (Root cause: com.kms.katalon.core.exception.StepFailedException: com.kms.katalon.core.webui.exception.WebElementNotFoundException: Web element with id: 'Object Repository/EntryBooking/Page EB_Checker/Page Panel Task_EB/last_page_table' located by 'By.xpath: //td[@onclick = concat('Event.fire(this, ' , "'" , 'rich:datascroller:onscroll' , "'" , ', {' , "'" , 'page' , "'" , ': ' , "'" , 'last' , "'" , '});') and (text() = '»»' or . = '»»')]' not found
	at com.kms.katalon.core.webui.keyword.internal.WebUIKeywordMain.stepFailed(WebUIKeywordMain.groovy:64)
	at com.kms.katalon.core.webui.keyword.builtin.VerifyElementPresentKeyword$_verifyElementPresent_closure1.doCall(VerifyElementPresentKeyword.groovy:85)
	at com.kms.katalon.core.webui.keyword.builtin.VerifyElementPresentKeyword$_verifyElementPresent_closure1.call(VerifyElementPresentKeyword.groovy)
	at com.kms.katalon.core.webui.keyword.internal.WebUIKeywordMain.runKeyword(WebUIKeywordMain.groovy:20)
	at com.kms.katalon.core.webui.keyword.builtin.VerifyElementPresentKeyword.verifyElementPresent(VerifyElementPresentKeyword.groovy:92)
	at com.kms.katalon.core.webui.keyword.builtin.VerifyElementPresentKeyword.execute(VerifyElementPresentKeyword.groovy:68)
	at com.kms.katalon.core.keyword.internal.KeywordExecutor.executeKeywordForPlatform(KeywordExecutor.groovy:72)
	at com.kms.katalon.core.webui.keyword.WebUiBuiltInKeywords.verifyElementPresent(WebUiBuiltInKeywords.groovy:1418)
	at com.kms.katalon.core.webui.keyword.WebUiBuiltInKeywords$verifyElementPresent$17.call(Unknown Source)
	at EntryBookingHomeTask.run(EntryBookingHomeTask:84)
	at com.kms.katalon.core.main.ScriptEngine.run(ScriptEngine.java:194)
	at com.kms.katalon.core.main.ScriptEngine.runScriptAsRawText(ScriptEngine.java:119)
	at com.kms.katalon.core.main.TestCaseExecutor.runScript(TestCaseExecutor.java:337)
	at com.kms.katalon.core.main.TestCaseExecutor.doExecute(TestCaseExecutor.java:328)
	at com.kms.katalon.core.main.TestCaseExecutor.processExecutionPhase(TestCaseExecutor.java:307)
	at com.kms.katalon.core.main.TestCaseExecutor.accessMainPhase(TestCaseExecutor.java:299)
	at com.kms.katalon.core.main.TestCaseExecutor.execute(TestCaseExecutor.java:233)
	at com.kms.katalon.core.main.TestCaseMain.runTestCase(TestCaseMain.java:114)
	at com.kms.katalon.core.keyword.builtin.CallTestCaseKeyword$_callTestCase_closure1.doCall(CallTestCaseKeyword.groovy:59)
	at com.kms.katalon.core.keyword.builtin.CallTestCaseKeyword$_callTestCase_closure1.call(CallTestCaseKeyword.groovy)
	at com.kms.katalon.core.keyword.internal.KeywordMain.runKeyword(KeywordMain.groovy:68)
	at com.kms.katalon.core.keyword.builtin.CallTestCaseKeyword.callTestCase(CallTestCaseKeyword.groovy:81)
	at com.kms.katalon.core.keyword.builtin.CallTestCaseKeyword.execute(CallTestCaseKeyword.groovy:44)
	at com.kms.katalon.core.keyword.internal.KeywordExecutor.executeKeywordForPlatform(KeywordExecutor.groovy:72)
	at com.kms.katalon.core.keyword.BuiltinKeywords.callTestCase(BuiltinKeywords.groovy:334)
	at EntryBooking_Checker.run(EntryBooking_Checker:28)
	at com.kms.katalon.core.main.ScriptEngine.run(ScriptEngine.java:194)
	at com.kms.katalon.core.main.ScriptEngine.runScriptAsRawText(ScriptEngine.java:119)
	at com.kms.katalon.core.main.TestCaseExecutor.runScript(TestCaseExecutor.java:337)
	at com.kms.katalon.core.main.TestCaseExecutor.doExecute(TestCaseExecutor.java:328)
	at com.kms.katalon.core.main.TestCaseExecutor.processExecutionPhase(TestCaseExecutor.java:307)
	at com.kms.katalon.core.main.TestCaseExecutor.accessMainPhase(TestCaseExecutor.java:299)
	at com.kms.katalon.core.main.TestCaseExecutor.execute(TestCaseExecutor.java:233)
	at com.kms.katalon.core.main.TestCaseMain.runTestCase(TestCaseMain.java:114)
	at com.kms.katalon.core.keyword.builtin.CallTestCaseKeyword$_callTestCase_closure1.doCall(CallTestCaseKeyword.groovy:59)
	at com.kms.katalon.core.keyword.builtin.CallTestCaseKeyword$_callTestCase_closure1.call(CallTestCaseKeyword.groovy)
	at com.kms.katalon.core.keyword.internal.KeywordMain.runKeyword(KeywordMain.groovy:68)
	at com.kms.katalon.core.keyword.builtin.CallTestCaseKeyword.callTestCase(CallTestCaseKeyword.groovy:81)
	at com.kms.katalon.core.keyword.builtin.CallTestCaseKeyword.execute(CallTestCaseKeyword.groovy:44)
	at com.kms.katalon.core.keyword.internal.KeywordExecutor.executeKeywordForPlatform(KeywordExecutor.groovy:72)
	at com.kms.katalon.core.keyword.BuiltinKeywords.callTestCase(BuiltinKeywords.groovy:334)
	at EntryBooking_All.run(EntryBooking_All:33)
	at com.kms.katalon.core.main.ScriptEngine.run(ScriptEngine.java:194)
	at com.kms.katalon.core.main.ScriptEngine.runScriptAsRawText(ScriptEngine.java:119)
	at com.kms.katalon.core.main.TestCaseExecutor.runScript(TestCaseExecutor.java:337)
	at com.kms.katalon.core.main.TestCaseExecutor.doExecute(TestCaseExecutor.java:328)
	at com.kms.katalon.core.main.TestCaseExecutor.processExecutionPhase(TestCaseExecutor.java:307)
	at com.kms.katalon.core.main.TestCaseExecutor.accessMainPhase(TestCaseExecutor.java:299)
	at com.kms.katalon.core.main.TestCaseExecutor.execute(TestCaseExecutor.java:233)
	at com.kms.katalon.core.main.TestCaseMain.runTestCase(TestCaseMain.java:114)
	at com.kms.katalon.core.keyword.builtin.CallTestCaseKeyword$_callTestCase_closure1.doCall(CallTestCaseKeyword.groovy:59)
	at com.kms.katalon.core.keyword.builtin.CallTestCaseKeyword$_callTestCase_closure1.call(CallTestCaseKeyword.groovy)
	at com.kms.katalon.core.keyword.internal.KeywordMain.runKeyword(KeywordMain.groovy:68)
	at com.kms.katalon.core.keyword.builtin.CallTestCaseKeyword.callTestCase(CallTestCaseKeyword.groovy:81)
	at com.kms.katalon.core.keyword.builtin.CallTestCaseKeyword.execute(CallTestCaseKeyword.groovy:44)
	at com.kms.katalon.core.keyword.internal.KeywordExecutor.executeKeywordForPlatform(KeywordExecutor.groovy:72)
	at com.kms.katalon.core.keyword.BuiltinKeywords.callTestCase(BuiltinKeywords.groovy:334)
	at FullScenarioCDBv2.run(FullScenarioCDBv2:23)
	at com.kms.katalon.core.main.ScriptEngine.run(ScriptEngine.java:194)
	at com.kms.katalon.core.main.ScriptEngine.runScriptAsRawText(ScriptEngine.java:119)
	at com.kms.katalon.core.main.TestCaseExecutor.runScript(TestCaseExecutor.java:337)
	at com.kms.katalon.core.main.TestCaseExecutor.doExecute(TestCaseExecutor.java:328)
	at com.kms.katalon.core.main.TestCaseExecutor.processExecutionPhase(TestCaseExecutor.java:307)
	at com.kms.katalon.core.main.TestCaseExecutor.accessMainPhase(TestCaseExecutor.java:299)
	at com.kms.katalon.core.main.TestCaseExecutor.execute(TestCaseExecutor.java:233)
	at com.kms.katalon.core.main.TestSuiteExecutor.accessTestCaseMainPhase(TestSuiteExecutor.java:169)
	at com.kms.katalon.core.main.TestSuiteExecutor.accessTestSuiteMainPhase(TestSuiteExecutor.java:142)
	at com.kms.katalon.core.main.TestSuiteExecutor.execute(TestSuiteExecutor.java:91)
	at com.kms.katalon.core.main.TestCaseMain.startTestSuite(TestCaseMain.java:157)
	at com.kms.katalon.core.main.TestCaseMain$startTestSuite$0.call(Unknown Source)
	at TempTestSuite1583830456174.run(TempTestSuite1583830456174.groovy:36)
)

2020-03-10 15:58:11 - [TEST_STEP][PASSED] - waitForElementVisible(findTestObject("EntryBooking/Page EB_Checker/Page Panel Task_EB/table_task"), 30): Object 'Object Repository/EntryBooking/Page EB_Checker/Page Panel Task_EB/table_task' is visible

2020-03-10 15:58:12 - [MESSAGE][PASSED] - Object 'Object Repository/EntryBooking/Page EB_Checker/Page Panel Task_EB/table_task' is visible

2020-03-10 15:58:12 - [TEST_STEP][PASSED] - driver = getWebDriver(): null

2020-03-10 15:58:12 - [TEST_STEP][PASSED] - Table = driver.findElement(By.xpath("//*[@id="frmMain:dtEBTask:tb"]")): null

2020-03-10 15:58:12 - [TEST_STEP][PASSED] - Rows = Table.findElements(By.tagName("tr")): null

2020-03-10 15:58:12 - [TEST_STEP][PASSED] - println("No. of rows: " + Rows.size()): null

2020-03-10 15:58:12 - [TEST_STEP][PASSED] - println(CustomerName): null

2020-03-10 15:58:12 - [TEST_STEP][PASSED] - for ([i = 0, i < Rows.size(), (i++)]): null

2020-03-10 15:58:12 - [TEST_STEP][PASSED] - Cols = get(i).findElements(By.tagName("td")): null

2020-03-10 15:58:13 - [TEST_STEP][PASSED] - if (getText().equalsIgnoreCase(CustomerName)): null

2020-03-10 15:58:13 - [TEST_STEP][PASSED] - tagName("a")).click(): null

2020-03-10 15:58:17 - [TEST_STEP][PASSED] - break: null

2020-03-10 15:58:17 - [TEST_STEP][PASSED] - delay(wait_medium_time): Delayed 5 second(s)

2020-03-10 15:58:22 - [MESSAGE][PASSED] - Delayed 5 second(s)

2020-03-10 15:58:22 - [MESSAGE][PASSED] - Call Test Case 'Test Cases/EntryBooking/HomeTask/EntryBookingHomeTask' successfully

2020-03-10 15:58:22 - [TEST_STEP][PASSED] - waitForElementPresent(findTestObject("EntryBooking/Page EB_Checker/Page EB_View/wfNext"), wait_long_time): Object 'Object Repository/EntryBooking/Page EB_Checker/Page EB_View/wfNext' is present

2020-03-10 15:58:22 - [MESSAGE][PASSED] - Object 'Object Repository/EntryBooking/Page EB_Checker/Page EB_View/wfNext' is present

2020-03-10 15:58:22 - [TEST_STEP][PASSED] - customKeywords.CustomKeywordJS.clickUsingJS(findTestObject("EntryBooking/Page EB_Checker/Page EB_View/wfNext"), wait_js_long_time): customKeywords.CustomKeywordJS.clickUsingJS is PASSED

2020-03-10 15:58:22 - [MESSAGE][PASSED] - customKeywords.CustomKeywordJS.clickUsingJS is PASSED

2020-03-10 15:58:22 - [TEST_STEP][PASSED] - acceptAlert(): Alert accepted

2020-03-10 15:58:22 - [MESSAGE][PASSED] - Alert accepted

2020-03-10 15:58:22 - [TEST_STEP][PASSED] - delay(wait_long_time): Delayed 10 second(s)

2020-03-10 15:58:32 - [MESSAGE][PASSED] - Delayed 10 second(s)

2020-03-10 15:58:32 - [MESSAGE][PASSED] - Call Test Case 'Test Cases/EntryBooking/EntryBooking_Checker' successfully

2020-03-10 15:58:32 - [TEST_STEP][PASSED] - callTestCase(findTestCase("LoginLogout/Logout"), ["isOpenBrowser":true], STOP_ON_FAILURE): Call Test Case 'Test Cases/LoginLogout/Logout' successfully

2020-03-10 15:58:33 - [TEST_CASE][PASSED] - Test Cases/LoginLogout/Logout: Test Cases/LoginLogout/Logout

2020-03-10 15:58:33 - [TEST_STEP][PASSED] - waitForPageLoad(wait_long_time): Wait for page load successfully

2020-03-10 15:58:41 - [MESSAGE][PASSED] - Wait for page load successfully

2020-03-10 15:58:41 - [TEST_STEP][PASSED] - delay(wait_short_time): Delayed 3 second(s)

2020-03-10 15:58:44 - [MESSAGE][PASSED] - Delayed 3 second(s)

2020-03-10 15:58:44 - [TEST_STEP][PASSED] - waitForElementVisible(findTestObject("LoginLogout/Page_ Logout/a_Logout"), wait_js_long_time): Object 'Object Repository/LoginLogout/Page_ Logout/a_Logout' is visible

2020-03-10 15:58:45 - [MESSAGE][PASSED] - Object 'Object Repository/LoginLogout/Page_ Logout/a_Logout' is visible

2020-03-10 15:58:45 - [TEST_STEP][PASSED] - customKeywords.CustomKeywordJS.clickUsingJS(findTestObject("LoginLogout/Page_ Logout/a_Logout"), wait_js_long_time): customKeywords.CustomKeywordJS.clickUsingJS is PASSED

2020-03-10 15:58:45 - [MESSAGE][PASSED] - customKeywords.CustomKeywordJS.clickUsingJS is PASSED

2020-03-10 15:58:45 - [MESSAGE][PASSED] - Call Test Case 'Test Cases/LoginLogout/Logout' successfully

2020-03-10 15:58:45 - [TEST_STEP][PASSED] - callTestCase(findTestCase("LoginLogout/Login_Enhanced"), ["UserName":Approver], STOP_ON_FAILURE): Call Test Case 'Test Cases/LoginLogout/Login_Enhanced' successfully

2020-03-10 15:58:45 - [TEST_CASE][PASSED] - Test Cases/LoginLogout/Login_Enhanced: Test Cases/LoginLogout/Login_Enhanced

2020-03-10 15:58:45 - [TEST_STEP][PASSED] - customKeywords.LoginHelper.DoLogin(Fintegrity, UserName, FinPass): Login Completed!

2020-03-10 15:58:45 - [MESSAGE][PASSED] - Navigate to 'http://192.168.0.100:8080/Fintegrity' successfully

2020-03-10 15:58:45 - [MESSAGE][INFO] - Login Have Been Initiated

2020-03-10 15:58:45 - [MESSAGE][PASSED] - Wait for page load successfully

2020-03-10 15:58:48 - [MESSAGE][PASSED] - Delayed 3 second(s)

2020-03-10 15:58:48 - [MESSAGE][PASSED] - Current window maximized

2020-03-10 15:58:49 - [MESSAGE][PASSED] - Taking screenshot successfully
[[ATTACHMENT|D:\\screenshot.png]]

2020-03-10 16:00:10 - [MESSAGE][PASSED] - Object 'Object Repository/LoginLogout/Page_ Login/input_frmMainbtnLogin' is visible

2020-03-10 16:00:10 - [MESSAGE][PASSED] - Keys 'LUKMAN' sent to object: 'Object Repository/LoginLogout/Page_ Login/input_frmMainuserName'

2020-03-10 16:00:11 - [MESSAGE][PASSED] - Keys 'Mbf137??' sent to object: 'Object Repository/LoginLogout/Page_ Login/input_frmMainpassword'

2020-03-10 16:00:11 - [MESSAGE][PASSED] - Object: 'Object Repository/LoginLogout/Page_ Login/input_frmMainbtnLogin' is clicked on

2020-03-10 16:00:11 - [MESSAGE][PASSED] - Login Completed!

2020-03-10 16:00:11 - [MESSAGE][PASSED] - Call Test Case 'Test Cases/LoginLogout/Login_Enhanced' successfully

2020-03-10 16:00:11 - [TEST_STEP][PASSED] - callTestCase(findTestCase("EntryBooking/EntryBooking_Approve"), ["CustomerName":CustomerName], STOP_ON_FAILURE): Call Test Case 'Test Cases/EntryBooking/EntryBooking_Approve' successfully

2020-03-10 16:00:11 - [TEST_CASE][PASSED] - Test Cases/EntryBooking/EntryBooking_Approve: Test Cases/EntryBooking/EntryBooking_Approve

2020-03-10 16:00:12 - [TEST_STEP][PASSED] - callTestCase(findTestCase("EntryBooking/HomeTask/EntryBookingHomeTask"), ["CustomerName":CustomerName], STOP_ON_FAILURE): Call Test Case 'Test Cases/EntryBooking/HomeTask/EntryBookingHomeTask' successfully

2020-03-10 16:00:12 - [TEST_CASE][PASSED] - Test Cases/EntryBooking/HomeTask/EntryBookingHomeTask: Test Cases/EntryBooking/HomeTask/EntryBookingHomeTask

2020-03-10 16:00:12 - [TEST_STEP][PASSED] - waitForElementPresent(findTestObject("EntryBooking/Page EB_Checker/Page Panel Task_EB/panel_task_entry_booking"), wait_js_long_time): Object 'Object Repository/EntryBooking/Page EB_Checker/Page Panel Task_EB/panel_task_entry_booking' is present

2020-03-10 16:00:17 - [MESSAGE][PASSED] - Object 'Object Repository/EntryBooking/Page EB_Checker/Page Panel Task_EB/panel_task_entry_booking' is present

2020-03-10 16:00:17 - [TEST_STEP][PASSED] - delay(wait_medium_time): Delayed 5 second(s)

2020-03-10 16:00:22 - [MESSAGE][PASSED] - Delayed 5 second(s)

2020-03-10 16:00:22 - [TEST_STEP][PASSED] - if (verifyElementNotPresent(findTestObject("Object Repository/EntryBooking/Page EB_Checker/Page Panel Task_EB/table_task"), wait_short_time, OPTIONAL)): null

2020-03-10 16:00:23 - [MESSAGE][PASSED] - Web element with id: 'Object Repository/EntryBooking/Page EB_Checker/Page Panel Task_EB/table_task' located by 'By.xpath: //*[@id="frmMain:dtEBTask:tb"]' is not present after '3' second(s)

2020-03-10 16:00:23 - [TEST_STEP][PASSED] - waitForElementClickable(findTestObject("EntryBooking/Page EB_Checker/Page Panel Task_EB/open_task"), wait_js_long_time): Object 'Object Repository/EntryBooking/Page EB_Checker/Page Panel Task_EB/open_task' is clickable

2020-03-10 16:00:23 - [MESSAGE][PASSED] - Object 'Object Repository/EntryBooking/Page EB_Checker/Page Panel Task_EB/open_task' is clickable

2020-03-10 16:00:23 - [TEST_STEP][PASSED] - customKeywords.CustomKeywordJS.clickUsingJS(findTestObject("EntryBooking/Page EB_Checker/Page Panel Task_EB/open_task"), wait_js_long_time): customKeywords.CustomKeywordJS.clickUsingJS is PASSED

2020-03-10 16:00:23 - [MESSAGE][PASSED] - customKeywords.CustomKeywordJS.clickUsingJS is PASSED

2020-03-10 16:00:23 - [TEST_STEP][PASSED] - delay(wait_medium_time): Delayed 5 second(s)

2020-03-10 16:00:28 - [MESSAGE][PASSED] - Delayed 5 second(s)

2020-03-10 16:00:28 - [TEST_STEP][PASSED] - if (verifyElementPresent(findTestObject("EntryBooking/Page EB_Checker/Page Panel Task_EB/last_page_table"), wait_short_time, OPTIONAL)): com.kms.katalon.core.webui.exception.WebElementNotFoundException: Web element with id: 'Object Repository/EntryBooking/Page EB_Checker/Page Panel Task_EB/last_page_table' located by 'By.xpath: //td[@onclick = concat('Event.fire(this, ' , "'" , 'rich:datascroller:onscroll' , "'" , ', {' , "'" , 'page' , "'" , ': ' , "'" , 'last' , "'" , '});') and (text() = '»»' or . = '»»')]' not found (Root cause: com.kms.katalon.core.exception.StepFailedException: com.kms.katalon.core.webui.exception.WebElementNotFoundException: Web element with id: 'Object Repository/EntryBooking/Page EB_Checker/Page Panel Task_EB/last_page_table' located by 'By.xpath: //td[@onclick = concat('Event.fire(this, ' , "'" , 'rich:datascroller:onscroll' , "'" , ', {' , "'" , 'page' , "'" , ': ' , "'" , 'last' , "'" , '});') and (text() = '»»' or . = '»»')]' not found
	at com.kms.katalon.core.webui.keyword.internal.WebUIKeywordMain.stepFailed(WebUIKeywordMain.groovy:64)
	at com.kms.katalon.core.webui.keyword.builtin.VerifyElementPresentKeyword$_verifyElementPresent_closure1.doCall(VerifyElementPresentKeyword.groovy:85)
	at com.kms.katalon.core.webui.keyword.builtin.VerifyElementPresentKeyword$_verifyElementPresent_closure1.call(VerifyElementPresentKeyword.groovy)
	at com.kms.katalon.core.webui.keyword.internal.WebUIKeywordMain.runKeyword(WebUIKeywordMain.groovy:20)
	at com.kms.katalon.core.webui.keyword.builtin.VerifyElementPresentKeyword.verifyElementPresent(VerifyElementPresentKeyword.groovy:92)
	at com.kms.katalon.core.webui.keyword.builtin.VerifyElementPresentKeyword.execute(VerifyElementPresentKeyword.groovy:68)
	at com.kms.katalon.core.keyword.internal.KeywordExecutor.executeKeywordForPlatform(KeywordExecutor.groovy:72)
	at com.kms.katalon.core.webui.keyword.WebUiBuiltInKeywords.verifyElementPresent(WebUiBuiltInKeywords.groovy:1418)
	at com.kms.katalon.core.webui.keyword.WebUiBuiltInKeywords$verifyElementPresent$17.call(Unknown Source)
	at EntryBookingHomeTask.run(EntryBookingHomeTask:84)
	at com.kms.katalon.core.main.ScriptEngine.run(ScriptEngine.java:194)
	at com.kms.katalon.core.main.ScriptEngine.runScriptAsRawText(ScriptEngine.java:119)
	at com.kms.katalon.core.main.TestCaseExecutor.runScript(TestCaseExecutor.java:337)
	at com.kms.katalon.core.main.TestCaseExecutor.doExecute(TestCaseExecutor.java:328)
	at com.kms.katalon.core.main.TestCaseExecutor.processExecutionPhase(TestCaseExecutor.java:307)
	at com.kms.katalon.core.main.TestCaseExecutor.accessMainPhase(TestCaseExecutor.java:299)
	at com.kms.katalon.core.main.TestCaseExecutor.execute(TestCaseExecutor.java:233)
	at com.kms.katalon.core.main.TestCaseMain.runTestCase(TestCaseMain.java:114)
	at com.kms.katalon.core.keyword.builtin.CallTestCaseKeyword$_callTestCase_closure1.doCall(CallTestCaseKeyword.groovy:59)
	at com.kms.katalon.core.keyword.builtin.CallTestCaseKeyword$_callTestCase_closure1.call(CallTestCaseKeyword.groovy)
	at com.kms.katalon.core.keyword.internal.KeywordMain.runKeyword(KeywordMain.groovy:68)
	at com.kms.katalon.core.keyword.builtin.CallTestCaseKeyword.callTestCase(CallTestCaseKeyword.groovy:81)
	at com.kms.katalon.core.keyword.builtin.CallTestCaseKeyword.execute(CallTestCaseKeyword.groovy:44)
	at com.kms.katalon.core.keyword.internal.KeywordExecutor.executeKeywordForPlatform(KeywordExecutor.groovy:72)
	at com.kms.katalon.core.keyword.BuiltinKeywords.callTestCase(BuiltinKeywords.groovy:334)
	at EntryBooking_Approve.run(EntryBooking_Approve:28)
	at com.kms.katalon.core.main.ScriptEngine.run(ScriptEngine.java:194)
	at com.kms.katalon.core.main.ScriptEngine.runScriptAsRawText(ScriptEngine.java:119)
	at com.kms.katalon.core.main.TestCaseExecutor.runScript(TestCaseExecutor.java:337)
	at com.kms.katalon.core.main.TestCaseExecutor.doExecute(TestCaseExecutor.java:328)
	at com.kms.katalon.core.main.TestCaseExecutor.processExecutionPhase(TestCaseExecutor.java:307)
	at com.kms.katalon.core.main.TestCaseExecutor.accessMainPhase(TestCaseExecutor.java:299)
	at com.kms.katalon.core.main.TestCaseExecutor.execute(TestCaseExecutor.java:233)
	at com.kms.katalon.core.main.TestCaseMain.runTestCase(TestCaseMain.java:114)
	at com.kms.katalon.core.keyword.builtin.CallTestCaseKeyword$_callTestCase_closure1.doCall(CallTestCaseKeyword.groovy:59)
	at com.kms.katalon.core.keyword.builtin.CallTestCaseKeyword$_callTestCase_closure1.call(CallTestCaseKeyword.groovy)
	at com.kms.katalon.core.keyword.internal.KeywordMain.runKeyword(KeywordMain.groovy:68)
	at com.kms.katalon.core.keyword.builtin.CallTestCaseKeyword.callTestCase(CallTestCaseKeyword.groovy:81)
	at com.kms.katalon.core.keyword.builtin.CallTestCaseKeyword.execute(CallTestCaseKeyword.groovy:44)
	at com.kms.katalon.core.keyword.internal.KeywordExecutor.executeKeywordForPlatform(KeywordExecutor.groovy:72)
	at com.kms.katalon.core.keyword.BuiltinKeywords.callTestCase(BuiltinKeywords.groovy:334)
	at EntryBooking_All.run(EntryBooking_All:40)
	at com.kms.katalon.core.main.ScriptEngine.run(ScriptEngine.java:194)
	at com.kms.katalon.core.main.ScriptEngine.runScriptAsRawText(ScriptEngine.java:119)
	at com.kms.katalon.core.main.TestCaseExecutor.runScript(TestCaseExecutor.java:337)
	at com.kms.katalon.core.main.TestCaseExecutor.doExecute(TestCaseExecutor.java:328)
	at com.kms.katalon.core.main.TestCaseExecutor.processExecutionPhase(TestCaseExecutor.java:307)
	at com.kms.katalon.core.main.TestCaseExecutor.accessMainPhase(TestCaseExecutor.java:299)
	at com.kms.katalon.core.main.TestCaseExecutor.execute(TestCaseExecutor.java:233)
	at com.kms.katalon.core.main.TestCaseMain.runTestCase(TestCaseMain.java:114)
	at com.kms.katalon.core.keyword.builtin.CallTestCaseKeyword$_callTestCase_closure1.doCall(CallTestCaseKeyword.groovy:59)
	at com.kms.katalon.core.keyword.builtin.CallTestCaseKeyword$_callTestCase_closure1.call(CallTestCaseKeyword.groovy)
	at com.kms.katalon.core.keyword.internal.KeywordMain.runKeyword(KeywordMain.groovy:68)
	at com.kms.katalon.core.keyword.builtin.CallTestCaseKeyword.callTestCase(CallTestCaseKeyword.groovy:81)
	at com.kms.katalon.core.keyword.builtin.CallTestCaseKeyword.execute(CallTestCaseKeyword.groovy:44)
	at com.kms.katalon.core.keyword.internal.KeywordExecutor.executeKeywordForPlatform(KeywordExecutor.groovy:72)
	at com.kms.katalon.core.keyword.BuiltinKeywords.callTestCase(BuiltinKeywords.groovy:334)
	at FullScenarioCDBv2.run(FullScenarioCDBv2:23)
	at com.kms.katalon.core.main.ScriptEngine.run(ScriptEngine.java:194)
	at com.kms.katalon.core.main.ScriptEngine.runScriptAsRawText(ScriptEngine.java:119)
	at com.kms.katalon.core.main.TestCaseExecutor.runScript(TestCaseExecutor.java:337)
	at com.kms.katalon.core.main.TestCaseExecutor.doExecute(TestCaseExecutor.java:328)
	at com.kms.katalon.core.main.TestCaseExecutor.processExecutionPhase(TestCaseExecutor.java:307)
	at com.kms.katalon.core.main.TestCaseExecutor.accessMainPhase(TestCaseExecutor.java:299)
	at com.kms.katalon.core.main.TestCaseExecutor.execute(TestCaseExecutor.java:233)
	at com.kms.katalon.core.main.TestSuiteExecutor.accessTestCaseMainPhase(TestSuiteExecutor.java:169)
	at com.kms.katalon.core.main.TestSuiteExecutor.accessTestSuiteMainPhase(TestSuiteExecutor.java:142)
	at com.kms.katalon.core.main.TestSuiteExecutor.execute(TestSuiteExecutor.java:91)
	at com.kms.katalon.core.main.TestCaseMain.startTestSuite(TestCaseMain.java:157)
	at com.kms.katalon.core.main.TestCaseMain$startTestSuite$0.call(Unknown Source)
	at TempTestSuite1583830456174.run(TempTestSuite1583830456174.groovy:36)
)

2020-03-10 16:00:33 - [MESSAGE][INFO] - Unable to find the element located by 'By.xpath: //td[@onclick = concat('Event.fire(this, ' , "'" , 'rich:datascroller:onscroll' , "'" , ', {' , "'" , 'page' , "'" , ': ' , "'" , 'last' , "'" , '});') and (text() = '»»' or . = '»»')]'. Please recheck the objects properties to make sure the desired element is located. 

2020-03-10 16:00:33 - [MESSAGE][WARNING] - com.kms.katalon.core.webui.exception.WebElementNotFoundException: Web element with id: 'Object Repository/EntryBooking/Page EB_Checker/Page Panel Task_EB/last_page_table' located by 'By.xpath: //td[@onclick = concat('Event.fire(this, ' , "'" , 'rich:datascroller:onscroll' , "'" , ', {' , "'" , 'page' , "'" , ': ' , "'" , 'last' , "'" , '});') and (text() = '»»' or . = '»»')]' not found (Root cause: com.kms.katalon.core.exception.StepFailedException: com.kms.katalon.core.webui.exception.WebElementNotFoundException: Web element with id: 'Object Repository/EntryBooking/Page EB_Checker/Page Panel Task_EB/last_page_table' located by 'By.xpath: //td[@onclick = concat('Event.fire(this, ' , "'" , 'rich:datascroller:onscroll' , "'" , ', {' , "'" , 'page' , "'" , ': ' , "'" , 'last' , "'" , '});') and (text() = '»»' or . = '»»')]' not found
	at com.kms.katalon.core.webui.keyword.internal.WebUIKeywordMain.stepFailed(WebUIKeywordMain.groovy:64)
	at com.kms.katalon.core.webui.keyword.builtin.VerifyElementPresentKeyword$_verifyElementPresent_closure1.doCall(VerifyElementPresentKeyword.groovy:85)
	at com.kms.katalon.core.webui.keyword.builtin.VerifyElementPresentKeyword$_verifyElementPresent_closure1.call(VerifyElementPresentKeyword.groovy)
	at com.kms.katalon.core.webui.keyword.internal.WebUIKeywordMain.runKeyword(WebUIKeywordMain.groovy:20)
	at com.kms.katalon.core.webui.keyword.builtin.VerifyElementPresentKeyword.verifyElementPresent(VerifyElementPresentKeyword.groovy:92)
	at com.kms.katalon.core.webui.keyword.builtin.VerifyElementPresentKeyword.execute(VerifyElementPresentKeyword.groovy:68)
	at com.kms.katalon.core.keyword.internal.KeywordExecutor.executeKeywordForPlatform(KeywordExecutor.groovy:72)
	at com.kms.katalon.core.webui.keyword.WebUiBuiltInKeywords.verifyElementPresent(WebUiBuiltInKeywords.groovy:1418)
	at com.kms.katalon.core.webui.keyword.WebUiBuiltInKeywords$verifyElementPresent$17.call(Unknown Source)
	at EntryBookingHomeTask.run(EntryBookingHomeTask:84)
	at com.kms.katalon.core.main.ScriptEngine.run(ScriptEngine.java:194)
	at com.kms.katalon.core.main.ScriptEngine.runScriptAsRawText(ScriptEngine.java:119)
	at com.kms.katalon.core.main.TestCaseExecutor.runScript(TestCaseExecutor.java:337)
	at com.kms.katalon.core.main.TestCaseExecutor.doExecute(TestCaseExecutor.java:328)
	at com.kms.katalon.core.main.TestCaseExecutor.processExecutionPhase(TestCaseExecutor.java:307)
	at com.kms.katalon.core.main.TestCaseExecutor.accessMainPhase(TestCaseExecutor.java:299)
	at com.kms.katalon.core.main.TestCaseExecutor.execute(TestCaseExecutor.java:233)
	at com.kms.katalon.core.main.TestCaseMain.runTestCase(TestCaseMain.java:114)
	at com.kms.katalon.core.keyword.builtin.CallTestCaseKeyword$_callTestCase_closure1.doCall(CallTestCaseKeyword.groovy:59)
	at com.kms.katalon.core.keyword.builtin.CallTestCaseKeyword$_callTestCase_closure1.call(CallTestCaseKeyword.groovy)
	at com.kms.katalon.core.keyword.internal.KeywordMain.runKeyword(KeywordMain.groovy:68)
	at com.kms.katalon.core.keyword.builtin.CallTestCaseKeyword.callTestCase(CallTestCaseKeyword.groovy:81)
	at com.kms.katalon.core.keyword.builtin.CallTestCaseKeyword.execute(CallTestCaseKeyword.groovy:44)
	at com.kms.katalon.core.keyword.internal.KeywordExecutor.executeKeywordForPlatform(KeywordExecutor.groovy:72)
	at com.kms.katalon.core.keyword.BuiltinKeywords.callTestCase(BuiltinKeywords.groovy:334)
	at EntryBooking_Approve.run(EntryBooking_Approve:28)
	at com.kms.katalon.core.main.ScriptEngine.run(ScriptEngine.java:194)
	at com.kms.katalon.core.main.ScriptEngine.runScriptAsRawText(ScriptEngine.java:119)
	at com.kms.katalon.core.main.TestCaseExecutor.runScript(TestCaseExecutor.java:337)
	at com.kms.katalon.core.main.TestCaseExecutor.doExecute(TestCaseExecutor.java:328)
	at com.kms.katalon.core.main.TestCaseExecutor.processExecutionPhase(TestCaseExecutor.java:307)
	at com.kms.katalon.core.main.TestCaseExecutor.accessMainPhase(TestCaseExecutor.java:299)
	at com.kms.katalon.core.main.TestCaseExecutor.execute(TestCaseExecutor.java:233)
	at com.kms.katalon.core.main.TestCaseMain.runTestCase(TestCaseMain.java:114)
	at com.kms.katalon.core.keyword.builtin.CallTestCaseKeyword$_callTestCase_closure1.doCall(CallTestCaseKeyword.groovy:59)
	at com.kms.katalon.core.keyword.builtin.CallTestCaseKeyword$_callTestCase_closure1.call(CallTestCaseKeyword.groovy)
	at com.kms.katalon.core.keyword.internal.KeywordMain.runKeyword(KeywordMain.groovy:68)
	at com.kms.katalon.core.keyword.builtin.CallTestCaseKeyword.callTestCase(CallTestCaseKeyword.groovy:81)
	at com.kms.katalon.core.keyword.builtin.CallTestCaseKeyword.execute(CallTestCaseKeyword.groovy:44)
	at com.kms.katalon.core.keyword.internal.KeywordExecutor.executeKeywordForPlatform(KeywordExecutor.groovy:72)
	at com.kms.katalon.core.keyword.BuiltinKeywords.callTestCase(BuiltinKeywords.groovy:334)
	at EntryBooking_All.run(EntryBooking_All:40)
	at com.kms.katalon.core.main.ScriptEngine.run(ScriptEngine.java:194)
	at com.kms.katalon.core.main.ScriptEngine.runScriptAsRawText(ScriptEngine.java:119)
	at com.kms.katalon.core.main.TestCaseExecutor.runScript(TestCaseExecutor.java:337)
	at com.kms.katalon.core.main.TestCaseExecutor.doExecute(TestCaseExecutor.java:328)
	at com.kms.katalon.core.main.TestCaseExecutor.processExecutionPhase(TestCaseExecutor.java:307)
	at com.kms.katalon.core.main.TestCaseExecutor.accessMainPhase(TestCaseExecutor.java:299)
	at com.kms.katalon.core.main.TestCaseExecutor.execute(TestCaseExecutor.java:233)
	at com.kms.katalon.core.main.TestCaseMain.runTestCase(TestCaseMain.java:114)
	at com.kms.katalon.core.keyword.builtin.CallTestCaseKeyword$_callTestCase_closure1.doCall(CallTestCaseKeyword.groovy:59)
	at com.kms.katalon.core.keyword.builtin.CallTestCaseKeyword$_callTestCase_closure1.call(CallTestCaseKeyword.groovy)
	at com.kms.katalon.core.keyword.internal.KeywordMain.runKeyword(KeywordMain.groovy:68)
	at com.kms.katalon.core.keyword.builtin.CallTestCaseKeyword.callTestCase(CallTestCaseKeyword.groovy:81)
	at com.kms.katalon.core.keyword.builtin.CallTestCaseKeyword.execute(CallTestCaseKeyword.groovy:44)
	at com.kms.katalon.core.keyword.internal.KeywordExecutor.executeKeywordForPlatform(KeywordExecutor.groovy:72)
	at com.kms.katalon.core.keyword.BuiltinKeywords.callTestCase(BuiltinKeywords.groovy:334)
	at FullScenarioCDBv2.run(FullScenarioCDBv2:23)
	at com.kms.katalon.core.main.ScriptEngine.run(ScriptEngine.java:194)
	at com.kms.katalon.core.main.ScriptEngine.runScriptAsRawText(ScriptEngine.java:119)
	at com.kms.katalon.core.main.TestCaseExecutor.runScript(TestCaseExecutor.java:337)
	at com.kms.katalon.core.main.TestCaseExecutor.doExecute(TestCaseExecutor.java:328)
	at com.kms.katalon.core.main.TestCaseExecutor.processExecutionPhase(TestCaseExecutor.java:307)
	at com.kms.katalon.core.main.TestCaseExecutor.accessMainPhase(TestCaseExecutor.java:299)
	at com.kms.katalon.core.main.TestCaseExecutor.execute(TestCaseExecutor.java:233)
	at com.kms.katalon.core.main.TestSuiteExecutor.accessTestCaseMainPhase(TestSuiteExecutor.java:169)
	at com.kms.katalon.core.main.TestSuiteExecutor.accessTestSuiteMainPhase(TestSuiteExecutor.java:142)
	at com.kms.katalon.core.main.TestSuiteExecutor.execute(TestSuiteExecutor.java:91)
	at com.kms.katalon.core.main.TestCaseMain.startTestSuite(TestCaseMain.java:157)
	at com.kms.katalon.core.main.TestCaseMain$startTestSuite$0.call(Unknown Source)
	at TempTestSuite1583830456174.run(TempTestSuite1583830456174.groovy:36)
)

2020-03-10 16:00:33 - [TEST_STEP][PASSED] - waitForElementVisible(findTestObject("EntryBooking/Page EB_Checker/Page Panel Task_EB/table_task"), 30): Object 'Object Repository/EntryBooking/Page EB_Checker/Page Panel Task_EB/table_task' is visible

2020-03-10 16:00:34 - [MESSAGE][PASSED] - Object 'Object Repository/EntryBooking/Page EB_Checker/Page Panel Task_EB/table_task' is visible

2020-03-10 16:00:34 - [TEST_STEP][PASSED] - driver = getWebDriver(): null

2020-03-10 16:00:34 - [TEST_STEP][PASSED] - Table = driver.findElement(By.xpath("//*[@id="frmMain:dtEBTask:tb"]")): null

2020-03-10 16:00:34 - [TEST_STEP][PASSED] - Rows = Table.findElements(By.tagName("tr")): null

2020-03-10 16:00:34 - [TEST_STEP][PASSED] - println("No. of rows: " + Rows.size()): null

2020-03-10 16:00:34 - [TEST_STEP][PASSED] - println(CustomerName): null

2020-03-10 16:00:34 - [TEST_STEP][PASSED] - for ([i = 0, i < Rows.size(), (i++)]): null

2020-03-10 16:00:34 - [TEST_STEP][PASSED] - Cols = get(i).findElements(By.tagName("td")): null

2020-03-10 16:00:34 - [TEST_STEP][PASSED] - if (getText().equalsIgnoreCase(CustomerName)): null

2020-03-10 16:00:34 - [TEST_STEP][PASSED] - Cols = get(i).findElements(By.tagName("td")): null

2020-03-10 16:00:35 - [TEST_STEP][PASSED] - if (getText().equalsIgnoreCase(CustomerName)): null

2020-03-10 16:00:35 - [TEST_STEP][PASSED] - tagName("a")).click(): null

2020-03-10 16:00:40 - [TEST_STEP][PASSED] - break: null

2020-03-10 16:00:40 - [TEST_STEP][PASSED] - delay(wait_medium_time): Delayed 5 second(s)

2020-03-10 16:00:45 - [MESSAGE][PASSED] - Delayed 5 second(s)

2020-03-10 16:00:45 - [MESSAGE][PASSED] - Call Test Case 'Test Cases/EntryBooking/HomeTask/EntryBookingHomeTask' successfully

2020-03-10 16:00:45 - [TEST_STEP][PASSED] - delay(wait_short_time): Delayed 3 second(s)

2020-03-10 16:00:48 - [MESSAGE][PASSED] - Delayed 3 second(s)

2020-03-10 16:00:48 - [TEST_STEP][PASSED] - waitForElementPresent(findTestObject("Object Repository/EntryBooking/Page EB_Checker/Page EB_View/wfApprove"), wait_long_time): Object 'Object Repository/EntryBooking/Page EB_Checker/Page EB_View/wfApprove' is present

2020-03-10 16:00:48 - [MESSAGE][PASSED] - Object 'Object Repository/EntryBooking/Page EB_Checker/Page EB_View/wfApprove' is present

2020-03-10 16:00:48 - [TEST_STEP][PASSED] - customKeywords.CustomKeywordJS.clickUsingJS(findTestObject("Object Repository/EntryBooking/Page EB_Checker/Page EB_View/wfApprove"), wait_js_long_time): customKeywords.CustomKeywordJS.clickUsingJS is PASSED

2020-03-10 16:00:48 - [MESSAGE][PASSED] - customKeywords.CustomKeywordJS.clickUsingJS is PASSED

2020-03-10 16:00:48 - [TEST_STEP][PASSED] - waitForAlert(wait_long_time): Alert is present after 10 second(s).

2020-03-10 16:00:49 - [MESSAGE][PASSED] - Alert is present after 10 second(s).

2020-03-10 16:00:49 - [TEST_STEP][PASSED] - acceptAlert(): Alert accepted

2020-03-10 16:00:49 - [MESSAGE][PASSED] - Alert accepted

2020-03-10 16:00:49 - [TEST_STEP][PASSED] - delay(wait_long_time): Delayed 10 second(s)

2020-03-10 16:00:59 - [MESSAGE][PASSED] - Delayed 10 second(s)

2020-03-10 16:00:59 - [MESSAGE][PASSED] - Call Test Case 'Test Cases/EntryBooking/EntryBooking_Approve' successfully

2020-03-10 16:00:59 - [MESSAGE][PASSED] - Call Test Case 'Test Cases/EntryBooking/EntryBooking_All' successfully

2020-03-10 16:00:59 - [TEST_STEP][PASSED] - callTestCase(findTestCase("LoginLogout/Login"), ["username":CMO, "isOpenBrowser":false, "finPass":"Mbf137??"], STOP_ON_FAILURE): Call Test Case 'Test Cases/LoginLogout/Login' successfully

2020-03-10 16:00:59 - [TEST_CASE][PASSED] - Test Cases/LoginLogout/Login: Test Cases/LoginLogout/Login

2020-03-10 16:00:59 - [TEST_STEP][PASSED] - try: Navigate to 'http://192.168.0.100:8080/Fintegrity' successfully

2020-03-10 16:00:59 - [TEST_STEP][PASSED] - navigateToUrl(Fintegrity): Navigate to 'http://192.168.0.100:8080/Fintegrity' successfully

2020-03-10 16:01:00 - [MESSAGE][PASSED] - Navigate to 'http://192.168.0.100:8080/Fintegrity' successfully

2020-03-10 16:01:00 - [TEST_STEP][PASSED] - driver = getWebDriver(): null

2020-03-10 16:01:00 - [TEST_STEP][PASSED] - baseUrl = "http://192.168.11.24:8080/Fintegrity/login.xhtml": null

2020-03-10 16:01:00 - [TEST_STEP][PASSED] - selenium = new com.thoughtworks.selenium.webdriven.WebDriverBackedSelenium(driver, baseUrl): null

2020-03-10 16:01:00 - [TEST_STEP][PASSED] - waitForElementClickable(findTestObject("Object Repository/LoginLogout/Page_ Login/input_frmMainbtnLogin"), 90, STOP_ON_FAILURE): Object 'Object Repository/LoginLogout/Page_ Login/input_frmMainbtnLogin' is clickable

2020-03-10 16:01:00 - [MESSAGE][PASSED] - Object 'Object Repository/LoginLogout/Page_ Login/input_frmMainbtnLogin' is clickable

2020-03-10 16:01:00 - [TEST_STEP][PASSED] - selenium.type("id=frmMain:userName", username): null

2020-03-10 16:01:01 - [TEST_STEP][PASSED] - selenium.type("id=frmMain:password", "Mbf137??"): null

2020-03-10 16:01:01 - [TEST_STEP][PASSED] - if (verifyElementClickable(findTestObject("Object Repository/LoginLogout/Page_ Login/input_frmMainbtnLogin"))): null

2020-03-10 16:01:01 - [MESSAGE][PASSED] - Object 'Object Repository/LoginLogout/Page_ Login/input_frmMainbtnLogin' is clickable

2020-03-10 16:01:01 - [TEST_STEP][PASSED] - customKeywords.CustomKeywordJS.clickUsingJS(findTestObject("Object Repository/LoginLogout/Page_ Login/input_frmMainbtnLogin"), wait_js_long_time): customKeywords.CustomKeywordJS.clickUsingJS is PASSED

2020-03-10 16:01:01 - [MESSAGE][PASSED] - customKeywords.CustomKeywordJS.clickUsingJS is PASSED

2020-03-10 16:01:01 - [TEST_STEP][PASSED] - delay(10): Delayed 10 second(s)

2020-03-10 16:01:11 - [MESSAGE][PASSED] - Delayed 10 second(s)

2020-03-10 16:01:11 - [MESSAGE][PASSED] - Call Test Case 'Test Cases/LoginLogout/Login' successfully

2020-03-10 16:01:11 - [TEST_STEP][PASSED] - callTestCase(findTestCase("CDB/MainTestCase/CDB_CMO_Improved"), ["CustomerType":CustomerType, "CustomerName":CustomerName, "FoundedYear":FoundedYear, "NPWPNo":NPWPNo, "CompanyName":CompanyName, ... ], STOP_ON_FAILURE): Call Test Case 'Test Cases/CDB/MainTestCase/CDB_CMO_Improved' successfully

2020-03-10 16:01:12 - [TEST_CASE][PASSED] - Test Cases/CDB/MainTestCase/CDB_CMO_Improved: Test Cases/CDB/MainTestCase/CDB_CMO_Improved

2020-03-10 16:01:12 - [TEST_STEP][PASSED] - if (CustomerType == "C"): null

2020-03-10 16:01:12 - [TEST_STEP][PASSED] - else if (CustomerType == "P"): Call Test Case 'Test Cases/CDB/MainTestCase/CDB_CMO_Personal' successfully

2020-03-10 16:01:12 - [TEST_STEP][PASSED] - callTestCase(findTestCase("CDB/MainTestCase/CDB_CMO_Personal"), ["CustomerName":CustomerName, "IdCard":IdCard, "CMO":CMO, "CustomerType":CustomerType], STOP_ON_FAILURE): Call Test Case 'Test Cases/CDB/MainTestCase/CDB_CMO_Personal' successfully

2020-03-10 16:01:12 - [TEST_CASE][PASSED] - Test Cases/CDB/MainTestCase/CDB_CMO_Personal: Test Cases/CDB/MainTestCase/CDB_CMO_Personal

2020-03-10 16:01:13 - [TEST_STEP][NOT_RUN] - callTestCase(findTestCase("LoginLogout/Login"), ["username":CMO, "isOpenBrowser":false], STOP_ON_FAILURE): NOT_RUN: callTestCase(findTestCase("LoginLogout/Login"), ["username":CMO, "isOpenBrowser":false], STOP_ON_FAILURE)

2020-03-10 16:01:13 - [MESSAGE][NOT_RUN] - NOT_RUN: callTestCase(findTestCase("LoginLogout/Login"), ["username":CMO, "isOpenBrowser":false], STOP_ON_FAILURE)

2020-03-10 16:01:13 - [TEST_STEP][NOT_RUN] - customKeywords.LoginHelper.DoLogin(Fintegrity, CMO, FinPass): NOT_RUN: customKeywords.LoginHelper.DoLogin(Fintegrity, CMO, FinPass)

2020-03-10 16:01:13 - [MESSAGE][NOT_RUN] - NOT_RUN: customKeywords.LoginHelper.DoLogin(Fintegrity, CMO, FinPass)

2020-03-10 16:01:13 - [TEST_STEP][PASSED] - callTestCase(findTestCase("CDB/HomeTaskCDB/HomeTaskImproved"), ["CustomerName":CustomerName, "CustomerType":CustomerType], STOP_ON_FAILURE): Call Test Case 'Test Cases/CDB/HomeTaskCDB/HomeTaskImproved' successfully

2020-03-10 16:01:13 - [TEST_CASE][PASSED] - Test Cases/CDB/HomeTaskCDB/HomeTaskImproved: Test Cases/CDB/HomeTaskCDB/HomeTaskImproved

2020-03-10 16:01:14 - [TEST_STEP][PASSED] - if (toString().equalsIgnoreCase("P")): Call Test Case 'Test Cases/CDB/HomeTaskCDB/TaskPanelCdbPersonal' successfully

2020-03-10 16:01:14 - [TEST_STEP][PASSED] - callTestCase(findTestCase("CDB/HomeTaskCDB/TaskPanelCdbPersonal"), ["CustomerName":CustomerName, "CustomerType":CustomerType], STOP_ON_FAILURE): Call Test Case 'Test Cases/CDB/HomeTaskCDB/TaskPanelCdbPersonal' successfully

2020-03-10 16:01:14 - [TEST_CASE][PASSED] - Test Cases/CDB/HomeTaskCDB/TaskPanelCdbPersonal: Test Cases/CDB/HomeTaskCDB/TaskPanelCdbPersonal

2020-03-10 16:01:14 - [TEST_STEP][PASSED] - waitForPageLoad(wait_js_long_time): Wait for page load successfully

2020-03-10 16:01:14 - [MESSAGE][PASSED] - Wait for page load successfully

2020-03-10 16:01:14 - [TEST_STEP][PASSED] - waitForElementPresent(findTestObject("CDB/Personal/Page_HomeTask_CDBPersonal/panelHeader_task_customer"), wait_js_long_time): Object 'Object Repository/CDB/Personal/Page_HomeTask_CDBPersonal/panelHeader_task_customer' is present

2020-03-10 16:01:15 - [MESSAGE][PASSED] - Object 'Object Repository/CDB/Personal/Page_HomeTask_CDBPersonal/panelHeader_task_customer' is present

2020-03-10 16:01:15 - [TEST_STEP][PASSED] - delay(wait_short_time): Delayed 3 second(s)

2020-03-10 16:01:18 - [MESSAGE][PASSED] - Delayed 3 second(s)

2020-03-10 16:01:18 - [TEST_STEP][PASSED] - if (verifyElementNotPresent(findTestObject("CDB/Personal/Page_HomeTask_CDBPersonal/task_table_customer"), wait_medium_time, OPTIONAL)): null

2020-03-10 16:01:18 - [MESSAGE][PASSED] - Web element with id: 'Object Repository/CDB/Personal/Page_HomeTask_CDBPersonal/task_table_customer' located by 'By.xpath: //*[@id="frmMain:dtCifPersonal:tb"]' is not present after '5' second(s)

2020-03-10 16:01:18 - [TEST_STEP][PASSED] - waitForElementClickable(findTestObject("CDB/Personal/Page_HomeTask_CDBPersonal/open_task"), wait_medium_time, STOP_ON_FAILURE): Object 'Object Repository/CDB/Personal/Page_HomeTask_CDBPersonal/open_task' is clickable

2020-03-10 16:01:18 - [MESSAGE][PASSED] - Object 'Object Repository/CDB/Personal/Page_HomeTask_CDBPersonal/open_task' is clickable

2020-03-10 16:01:18 - [TEST_STEP][PASSED] - customKeywords.CustomKeywordJS.clickUsingJS(findTestObject("CDB/Personal/Page_HomeTask_CDBPersonal/open_task"), wait_js_long_time): customKeywords.CustomKeywordJS.clickUsingJS is PASSED

2020-03-10 16:01:19 - [MESSAGE][PASSED] - customKeywords.CustomKeywordJS.clickUsingJS is PASSED

2020-03-10 16:01:19 - [TEST_STEP][PASSED] - waitForElementPresent(findTestObject("CDB/Personal/Page_HomeTask_CDBPersonal/modalWarningNoTask"), wait_medium_time, OPTIONAL): Object 'Object Repository/CDB/Personal/Page_HomeTask_CDBPersonal/modalWarningNoTask' is present

2020-03-10 16:01:23 - [MESSAGE][PASSED] - Object 'Object Repository/CDB/Personal/Page_HomeTask_CDBPersonal/modalWarningNoTask' is present

2020-03-10 16:01:23 - [TEST_STEP][PASSED] - if (verifyElementPresent(findTestObject("CDB/Personal/Page_HomeTask_CDBPersonal/modalWarningNoTask"), 10, STOP_ON_FAILURE)): null

2020-03-10 16:01:23 - [MESSAGE][PASSED] - Object 'Object Repository/CDB/Personal/Page_HomeTask_CDBPersonal/modalWarningNoTask' is present

2020-03-10 16:01:23 - [TEST_STEP][PASSED] - customKeywords.CustomKeywordJS.clickUsingJS(findTestObject("CDB/Personal/Page_HomeTask_CDBPersonal/modalWarningNoTask"), wait_js_long_time): customKeywords.CustomKeywordJS.clickUsingJS is PASSED

2020-03-10 16:01:24 - [MESSAGE][PASSED] - customKeywords.CustomKeywordJS.clickUsingJS is PASSED

2020-03-10 16:01:24 - [TEST_STEP][PASSED] - delay(wait_short_time): Delayed 3 second(s)

2020-03-10 16:01:27 - [MESSAGE][PASSED] - Delayed 3 second(s)

2020-03-10 16:01:27 - [TEST_STEP][PASSED] - waitForElementPresent(findTestObject("CDB/Personal/Page_HomeTask_CDBPersonal/last_page_of_table"), wait_long_time, OPTIONAL): Object 'Object Repository/CDB/Personal/Page_HomeTask_CDBPersonal/last_page_of_table' is not present after 10 second(s)

2020-03-10 16:01:42 - [MESSAGE][INFO] - Unable to find the element located by 'By.xpath: //td[(text() = '»»' or . = '»»')]'. Please recheck the objects properties to make sure the desired element is located. 

2020-03-10 16:01:42 - [MESSAGE][WARNING] - Object 'Object Repository/CDB/Personal/Page_HomeTask_CDBPersonal/last_page_of_table' is not present after 10 second(s)

2020-03-10 16:01:42 - [TEST_STEP][PASSED] - if (verifyElementPresent(findTestObject("CDB/Personal/Page_HomeTask_CDBPersonal/last_page_of_table"), wait_short_time, OPTIONAL)): com.kms.katalon.core.webui.exception.WebElementNotFoundException: Web element with id: 'Object Repository/CDB/Personal/Page_HomeTask_CDBPersonal/last_page_of_table' located by 'By.xpath: //td[(text() = '»»' or . = '»»')]' not found (Root cause: com.kms.katalon.core.exception.StepFailedException: com.kms.katalon.core.webui.exception.WebElementNotFoundException: Web element with id: 'Object Repository/CDB/Personal/Page_HomeTask_CDBPersonal/last_page_of_table' located by 'By.xpath: //td[(text() = '»»' or . = '»»')]' not found
	at com.kms.katalon.core.webui.keyword.internal.WebUIKeywordMain.stepFailed(WebUIKeywordMain.groovy:64)
	at com.kms.katalon.core.webui.keyword.builtin.VerifyElementPresentKeyword$_verifyElementPresent_closure1.doCall(VerifyElementPresentKeyword.groovy:85)
	at com.kms.katalon.core.webui.keyword.builtin.VerifyElementPresentKeyword$_verifyElementPresent_closure1.call(VerifyElementPresentKeyword.groovy)
	at com.kms.katalon.core.webui.keyword.internal.WebUIKeywordMain.runKeyword(WebUIKeywordMain.groovy:20)
	at com.kms.katalon.core.webui.keyword.builtin.VerifyElementPresentKeyword.verifyElementPresent(VerifyElementPresentKeyword.groovy:92)
	at com.kms.katalon.core.webui.keyword.builtin.VerifyElementPresentKeyword.execute(VerifyElementPresentKeyword.groovy:68)
	at com.kms.katalon.core.keyword.internal.KeywordExecutor.executeKeywordForPlatform(KeywordExecutor.groovy:72)
	at com.kms.katalon.core.webui.keyword.WebUiBuiltInKeywords.verifyElementPresent(WebUiBuiltInKeywords.groovy:1418)
	at com.kms.katalon.core.webui.keyword.WebUiBuiltInKeywords$verifyElementPresent$17.call(Unknown Source)
	at TaskPanelCdbPersonal.run(TaskPanelCdbPersonal:75)
	at com.kms.katalon.core.main.ScriptEngine.run(ScriptEngine.java:194)
	at com.kms.katalon.core.main.ScriptEngine.runScriptAsRawText(ScriptEngine.java:119)
	at com.kms.katalon.core.main.TestCaseExecutor.runScript(TestCaseExecutor.java:337)
	at com.kms.katalon.core.main.TestCaseExecutor.doExecute(TestCaseExecutor.java:328)
	at com.kms.katalon.core.main.TestCaseExecutor.processExecutionPhase(TestCaseExecutor.java:307)
	at com.kms.katalon.core.main.TestCaseExecutor.accessMainPhase(TestCaseExecutor.java:299)
	at com.kms.katalon.core.main.TestCaseExecutor.execute(TestCaseExecutor.java:233)
	at com.kms.katalon.core.main.TestCaseMain.runTestCase(TestCaseMain.java:114)
	at com.kms.katalon.core.keyword.builtin.CallTestCaseKeyword$_callTestCase_closure1.doCall(CallTestCaseKeyword.groovy:59)
	at com.kms.katalon.core.keyword.builtin.CallTestCaseKeyword$_callTestCase_closure1.call(CallTestCaseKeyword.groovy)
	at com.kms.katalon.core.keyword.internal.KeywordMain.runKeyword(KeywordMain.groovy:68)
	at com.kms.katalon.core.keyword.builtin.CallTestCaseKeyword.callTestCase(CallTestCaseKeyword.groovy:81)
	at com.kms.katalon.core.keyword.builtin.CallTestCaseKeyword.execute(CallTestCaseKeyword.groovy:44)
	at com.kms.katalon.core.keyword.internal.KeywordExecutor.executeKeywordForPlatform(KeywordExecutor.groovy:72)
	at com.kms.katalon.core.keyword.BuiltinKeywords.callTestCase(BuiltinKeywords.groovy:334)
	at HomeTaskImproved.run(HomeTaskImproved:17)
	at com.kms.katalon.core.main.ScriptEngine.run(ScriptEngine.java:194)
	at com.kms.katalon.core.main.ScriptEngine.runScriptAsRawText(ScriptEngine.java:119)
	at com.kms.katalon.core.main.TestCaseExecutor.runScript(TestCaseExecutor.java:337)
	at com.kms.katalon.core.main.TestCaseExecutor.doExecute(TestCaseExecutor.java:328)
	at com.kms.katalon.core.main.TestCaseExecutor.processExecutionPhase(TestCaseExecutor.java:307)
	at com.kms.katalon.core.main.TestCaseExecutor.accessMainPhase(TestCaseExecutor.java:299)
	at com.kms.katalon.core.main.TestCaseExecutor.execute(TestCaseExecutor.java:233)
	at com.kms.katalon.core.main.TestCaseMain.runTestCase(TestCaseMain.java:114)
	at com.kms.katalon.core.keyword.builtin.CallTestCaseKeyword$_callTestCase_closure1.doCall(CallTestCaseKeyword.groovy:59)
	at com.kms.katalon.core.keyword.builtin.CallTestCaseKeyword$_callTestCase_closure1.call(CallTestCaseKeyword.groovy)
	at com.kms.katalon.core.keyword.internal.KeywordMain.runKeyword(KeywordMain.groovy:68)
	at com.kms.katalon.core.keyword.builtin.CallTestCaseKeyword.callTestCase(CallTestCaseKeyword.groovy:81)
	at com.kms.katalon.core.keyword.builtin.CallTestCaseKeyword.execute(CallTestCaseKeyword.groovy:44)
	at com.kms.katalon.core.keyword.internal.KeywordExecutor.executeKeywordForPlatform(KeywordExecutor.groovy:72)
	at com.kms.katalon.core.keyword.BuiltinKeywords.callTestCase(BuiltinKeywords.groovy:334)
	at CDB_CMO_Personal.run(CDB_CMO_Personal:26)
	at com.kms.katalon.core.main.ScriptEngine.run(ScriptEngine.java:194)
	at com.kms.katalon.core.main.ScriptEngine.runScriptAsRawText(ScriptEngine.java:119)
	at com.kms.katalon.core.main.TestCaseExecutor.runScript(TestCaseExecutor.java:337)
	at com.kms.katalon.core.main.TestCaseExecutor.doExecute(TestCaseExecutor.java:328)
	at com.kms.katalon.core.main.TestCaseExecutor.processExecutionPhase(TestCaseExecutor.java:307)
	at com.kms.katalon.core.main.TestCaseExecutor.accessMainPhase(TestCaseExecutor.java:299)
	at com.kms.katalon.core.main.TestCaseExecutor.execute(TestCaseExecutor.java:233)
	at com.kms.katalon.core.main.TestCaseMain.runTestCase(TestCaseMain.java:114)
	at com.kms.katalon.core.keyword.builtin.CallTestCaseKeyword$_callTestCase_closure1.doCall(CallTestCaseKeyword.groovy:59)
	at com.kms.katalon.core.keyword.builtin.CallTestCaseKeyword$_callTestCase_closure1.call(CallTestCaseKeyword.groovy)
	at com.kms.katalon.core.keyword.internal.KeywordMain.runKeyword(KeywordMain.groovy:68)
	at com.kms.katalon.core.keyword.builtin.CallTestCaseKeyword.callTestCase(CallTestCaseKeyword.groovy:81)
	at com.kms.katalon.core.keyword.builtin.CallTestCaseKeyword.execute(CallTestCaseKeyword.groovy:44)
	at com.kms.katalon.core.keyword.internal.KeywordExecutor.executeKeywordForPlatform(KeywordExecutor.groovy:72)
	at com.kms.katalon.core.keyword.BuiltinKeywords.callTestCase(BuiltinKeywords.groovy:334)
	at CDB_CMO_Improved.run(CDB_CMO_Improved:21)
	at com.kms.katalon.core.main.ScriptEngine.run(ScriptEngine.java:194)
	at com.kms.katalon.core.main.ScriptEngine.runScriptAsRawText(ScriptEngine.java:119)
	at com.kms.katalon.core.main.TestCaseExecutor.runScript(TestCaseExecutor.java:337)
	at com.kms.katalon.core.main.TestCaseExecutor.doExecute(TestCaseExecutor.java:328)
	at com.kms.katalon.core.main.TestCaseExecutor.processExecutionPhase(TestCaseExecutor.java:307)
	at com.kms.katalon.core.main.TestCaseExecutor.accessMainPhase(TestCaseExecutor.java:299)
	at com.kms.katalon.core.main.TestCaseExecutor.execute(TestCaseExecutor.java:233)
	at com.kms.katalon.core.main.TestCaseMain.runTestCase(TestCaseMain.java:114)
	at com.kms.katalon.core.keyword.builtin.CallTestCaseKeyword$_callTestCase_closure1.doCall(CallTestCaseKeyword.groovy:59)
	at com.kms.katalon.core.keyword.builtin.CallTestCaseKeyword$_callTestCase_closure1.call(CallTestCaseKeyword.groovy)
	at com.kms.katalon.core.keyword.internal.KeywordMain.runKeyword(KeywordMain.groovy:68)
	at com.kms.katalon.core.keyword.builtin.CallTestCaseKeyword.callTestCase(CallTestCaseKeyword.groovy:81)
	at com.kms.katalon.core.keyword.builtin.CallTestCaseKeyword.execute(CallTestCaseKeyword.groovy:44)
	at com.kms.katalon.core.keyword.internal.KeywordExecutor.executeKeywordForPlatform(KeywordExecutor.groovy:72)
	at com.kms.katalon.core.keyword.BuiltinKeywords.callTestCase(BuiltinKeywords.groovy:334)
	at FullScenarioCDBv2.run(FullScenarioCDBv2:30)
	at com.kms.katalon.core.main.ScriptEngine.run(ScriptEngine.java:194)
	at com.kms.katalon.core.main.ScriptEngine.runScriptAsRawText(ScriptEngine.java:119)
	at com.kms.katalon.core.main.TestCaseExecutor.runScript(TestCaseExecutor.java:337)
	at com.kms.katalon.core.main.TestCaseExecutor.doExecute(TestCaseExecutor.java:328)
	at com.kms.katalon.core.main.TestCaseExecutor.processExecutionPhase(TestCaseExecutor.java:307)
	at com.kms.katalon.core.main.TestCaseExecutor.accessMainPhase(TestCaseExecutor.java:299)
	at com.kms.katalon.core.main.TestCaseExecutor.execute(TestCaseExecutor.java:233)
	at com.kms.katalon.core.main.TestSuiteExecutor.accessTestCaseMainPhase(TestSuiteExecutor.java:169)
	at com.kms.katalon.core.main.TestSuiteExecutor.accessTestSuiteMainPhase(TestSuiteExecutor.java:142)
	at com.kms.katalon.core.main.TestSuiteExecutor.execute(TestSuiteExecutor.java:91)
	at com.kms.katalon.core.main.TestCaseMain.startTestSuite(TestCaseMain.java:157)
	at com.kms.katalon.core.main.TestCaseMain$startTestSuite$0.call(Unknown Source)
	at TempTestSuite1583830456174.run(TempTestSuite1583830456174.groovy:36)
)

2020-03-10 16:01:47 - [MESSAGE][INFO] - Unable to find the element located by 'By.xpath: //td[(text() = '»»' or . = '»»')]'. Please recheck the objects properties to make sure the desired element is located. 

2020-03-10 16:01:47 - [MESSAGE][WARNING] - com.kms.katalon.core.webui.exception.WebElementNotFoundException: Web element with id: 'Object Repository/CDB/Personal/Page_HomeTask_CDBPersonal/last_page_of_table' located by 'By.xpath: //td[(text() = '»»' or . = '»»')]' not found (Root cause: com.kms.katalon.core.exception.StepFailedException: com.kms.katalon.core.webui.exception.WebElementNotFoundException: Web element with id: 'Object Repository/CDB/Personal/Page_HomeTask_CDBPersonal/last_page_of_table' located by 'By.xpath: //td[(text() = '»»' or . = '»»')]' not found
	at com.kms.katalon.core.webui.keyword.internal.WebUIKeywordMain.stepFailed(WebUIKeywordMain.groovy:64)
	at com.kms.katalon.core.webui.keyword.builtin.VerifyElementPresentKeyword$_verifyElementPresent_closure1.doCall(VerifyElementPresentKeyword.groovy:85)
	at com.kms.katalon.core.webui.keyword.builtin.VerifyElementPresentKeyword$_verifyElementPresent_closure1.call(VerifyElementPresentKeyword.groovy)
	at com.kms.katalon.core.webui.keyword.internal.WebUIKeywordMain.runKeyword(WebUIKeywordMain.groovy:20)
	at com.kms.katalon.core.webui.keyword.builtin.VerifyElementPresentKeyword.verifyElementPresent(VerifyElementPresentKeyword.groovy:92)
	at com.kms.katalon.core.webui.keyword.builtin.VerifyElementPresentKeyword.execute(VerifyElementPresentKeyword.groovy:68)
	at com.kms.katalon.core.keyword.internal.KeywordExecutor.executeKeywordForPlatform(KeywordExecutor.groovy:72)
	at com.kms.katalon.core.webui.keyword.WebUiBuiltInKeywords.verifyElementPresent(WebUiBuiltInKeywords.groovy:1418)
	at com.kms.katalon.core.webui.keyword.WebUiBuiltInKeywords$verifyElementPresent$17.call(Unknown Source)
	at TaskPanelCdbPersonal.run(TaskPanelCdbPersonal:75)
	at com.kms.katalon.core.main.ScriptEngine.run(ScriptEngine.java:194)
	at com.kms.katalon.core.main.ScriptEngine.runScriptAsRawText(ScriptEngine.java:119)
	at com.kms.katalon.core.main.TestCaseExecutor.runScript(TestCaseExecutor.java:337)
	at com.kms.katalon.core.main.TestCaseExecutor.doExecute(TestCaseExecutor.java:328)
	at com.kms.katalon.core.main.TestCaseExecutor.processExecutionPhase(TestCaseExecutor.java:307)
	at com.kms.katalon.core.main.TestCaseExecutor.accessMainPhase(TestCaseExecutor.java:299)
	at com.kms.katalon.core.main.TestCaseExecutor.execute(TestCaseExecutor.java:233)
	at com.kms.katalon.core.main.TestCaseMain.runTestCase(TestCaseMain.java:114)
	at com.kms.katalon.core.keyword.builtin.CallTestCaseKeyword$_callTestCase_closure1.doCall(CallTestCaseKeyword.groovy:59)
	at com.kms.katalon.core.keyword.builtin.CallTestCaseKeyword$_callTestCase_closure1.call(CallTestCaseKeyword.groovy)
	at com.kms.katalon.core.keyword.internal.KeywordMain.runKeyword(KeywordMain.groovy:68)
	at com.kms.katalon.core.keyword.builtin.CallTestCaseKeyword.callTestCase(CallTestCaseKeyword.groovy:81)
	at com.kms.katalon.core.keyword.builtin.CallTestCaseKeyword.execute(CallTestCaseKeyword.groovy:44)
	at com.kms.katalon.core.keyword.internal.KeywordExecutor.executeKeywordForPlatform(KeywordExecutor.groovy:72)
	at com.kms.katalon.core.keyword.BuiltinKeywords.callTestCase(BuiltinKeywords.groovy:334)
	at HomeTaskImproved.run(HomeTaskImproved:17)
	at com.kms.katalon.core.main.ScriptEngine.run(ScriptEngine.java:194)
	at com.kms.katalon.core.main.ScriptEngine.runScriptAsRawText(ScriptEngine.java:119)
	at com.kms.katalon.core.main.TestCaseExecutor.runScript(TestCaseExecutor.java:337)
	at com.kms.katalon.core.main.TestCaseExecutor.doExecute(TestCaseExecutor.java:328)
	at com.kms.katalon.core.main.TestCaseExecutor.processExecutionPhase(TestCaseExecutor.java:307)
	at com.kms.katalon.core.main.TestCaseExecutor.accessMainPhase(TestCaseExecutor.java:299)
	at com.kms.katalon.core.main.TestCaseExecutor.execute(TestCaseExecutor.java:233)
	at com.kms.katalon.core.main.TestCaseMain.runTestCase(TestCaseMain.java:114)
	at com.kms.katalon.core.keyword.builtin.CallTestCaseKeyword$_callTestCase_closure1.doCall(CallTestCaseKeyword.groovy:59)
	at com.kms.katalon.core.keyword.builtin.CallTestCaseKeyword$_callTestCase_closure1.call(CallTestCaseKeyword.groovy)
	at com.kms.katalon.core.keyword.internal.KeywordMain.runKeyword(KeywordMain.groovy:68)
	at com.kms.katalon.core.keyword.builtin.CallTestCaseKeyword.callTestCase(CallTestCaseKeyword.groovy:81)
	at com.kms.katalon.core.keyword.builtin.CallTestCaseKeyword.execute(CallTestCaseKeyword.groovy:44)
	at com.kms.katalon.core.keyword.internal.KeywordExecutor.executeKeywordForPlatform(KeywordExecutor.groovy:72)
	at com.kms.katalon.core.keyword.BuiltinKeywords.callTestCase(BuiltinKeywords.groovy:334)
	at CDB_CMO_Personal.run(CDB_CMO_Personal:26)
	at com.kms.katalon.core.main.ScriptEngine.run(ScriptEngine.java:194)
	at com.kms.katalon.core.main.ScriptEngine.runScriptAsRawText(ScriptEngine.java:119)
	at com.kms.katalon.core.main.TestCaseExecutor.runScript(TestCaseExecutor.java:337)
	at com.kms.katalon.core.main.TestCaseExecutor.doExecute(TestCaseExecutor.java:328)
	at com.kms.katalon.core.main.TestCaseExecutor.processExecutionPhase(TestCaseExecutor.java:307)
	at com.kms.katalon.core.main.TestCaseExecutor.accessMainPhase(TestCaseExecutor.java:299)
	at com.kms.katalon.core.main.TestCaseExecutor.execute(TestCaseExecutor.java:233)
	at com.kms.katalon.core.main.TestCaseMain.runTestCase(TestCaseMain.java:114)
	at com.kms.katalon.core.keyword.builtin.CallTestCaseKeyword$_callTestCase_closure1.doCall(CallTestCaseKeyword.groovy:59)
	at com.kms.katalon.core.keyword.builtin.CallTestCaseKeyword$_callTestCase_closure1.call(CallTestCaseKeyword.groovy)
	at com.kms.katalon.core.keyword.internal.KeywordMain.runKeyword(KeywordMain.groovy:68)
	at com.kms.katalon.core.keyword.builtin.CallTestCaseKeyword.callTestCase(CallTestCaseKeyword.groovy:81)
	at com.kms.katalon.core.keyword.builtin.CallTestCaseKeyword.execute(CallTestCaseKeyword.groovy:44)
	at com.kms.katalon.core.keyword.internal.KeywordExecutor.executeKeywordForPlatform(KeywordExecutor.groovy:72)
	at com.kms.katalon.core.keyword.BuiltinKeywords.callTestCase(BuiltinKeywords.groovy:334)
	at CDB_CMO_Improved.run(CDB_CMO_Improved:21)
	at com.kms.katalon.core.main.ScriptEngine.run(ScriptEngine.java:194)
	at com.kms.katalon.core.main.ScriptEngine.runScriptAsRawText(ScriptEngine.java:119)
	at com.kms.katalon.core.main.TestCaseExecutor.runScript(TestCaseExecutor.java:337)
	at com.kms.katalon.core.main.TestCaseExecutor.doExecute(TestCaseExecutor.java:328)
	at com.kms.katalon.core.main.TestCaseExecutor.processExecutionPhase(TestCaseExecutor.java:307)
	at com.kms.katalon.core.main.TestCaseExecutor.accessMainPhase(TestCaseExecutor.java:299)
	at com.kms.katalon.core.main.TestCaseExecutor.execute(TestCaseExecutor.java:233)
	at com.kms.katalon.core.main.TestCaseMain.runTestCase(TestCaseMain.java:114)
	at com.kms.katalon.core.keyword.builtin.CallTestCaseKeyword$_callTestCase_closure1.doCall(CallTestCaseKeyword.groovy:59)
	at com.kms.katalon.core.keyword.builtin.CallTestCaseKeyword$_callTestCase_closure1.call(CallTestCaseKeyword.groovy)
	at com.kms.katalon.core.keyword.internal.KeywordMain.runKeyword(KeywordMain.groovy:68)
	at com.kms.katalon.core.keyword.builtin.CallTestCaseKeyword.callTestCase(CallTestCaseKeyword.groovy:81)
	at com.kms.katalon.core.keyword.builtin.CallTestCaseKeyword.execute(CallTestCaseKeyword.groovy:44)
	at com.kms.katalon.core.keyword.internal.KeywordExecutor.executeKeywordForPlatform(KeywordExecutor.groovy:72)
	at com.kms.katalon.core.keyword.BuiltinKeywords.callTestCase(BuiltinKeywords.groovy:334)
	at FullScenarioCDBv2.run(FullScenarioCDBv2:30)
	at com.kms.katalon.core.main.ScriptEngine.run(ScriptEngine.java:194)
	at com.kms.katalon.core.main.ScriptEngine.runScriptAsRawText(ScriptEngine.java:119)
	at com.kms.katalon.core.main.TestCaseExecutor.runScript(TestCaseExecutor.java:337)
	at com.kms.katalon.core.main.TestCaseExecutor.doExecute(TestCaseExecutor.java:328)
	at com.kms.katalon.core.main.TestCaseExecutor.processExecutionPhase(TestCaseExecutor.java:307)
	at com.kms.katalon.core.main.TestCaseExecutor.accessMainPhase(TestCaseExecutor.java:299)
	at com.kms.katalon.core.main.TestCaseExecutor.execute(TestCaseExecutor.java:233)
	at com.kms.katalon.core.main.TestSuiteExecutor.accessTestCaseMainPhase(TestSuiteExecutor.java:169)
	at com.kms.katalon.core.main.TestSuiteExecutor.accessTestSuiteMainPhase(TestSuiteExecutor.java:142)
	at com.kms.katalon.core.main.TestSuiteExecutor.execute(TestSuiteExecutor.java:91)
	at com.kms.katalon.core.main.TestCaseMain.startTestSuite(TestCaseMain.java:157)
	at com.kms.katalon.core.main.TestCaseMain$startTestSuite$0.call(Unknown Source)
	at TempTestSuite1583830456174.run(TempTestSuite1583830456174.groovy:36)
)

2020-03-10 16:01:47 - [TEST_STEP][PASSED] - waitForElementPresent(findTestObject("CDB/Personal/Page_HomeTask_CDBPersonal/task_table_customer"), wait_long_time, STOP_ON_FAILURE): Object 'Object Repository/CDB/Personal/Page_HomeTask_CDBPersonal/task_table_customer' is present

2020-03-10 16:01:47 - [MESSAGE][PASSED] - Object 'Object Repository/CDB/Personal/Page_HomeTask_CDBPersonal/task_table_customer' is present

2020-03-10 16:01:47 - [TEST_STEP][PASSED] - driver = getWebDriver(): null

2020-03-10 16:01:47 - [TEST_STEP][PASSED] - Table = driver.findElement(By.xpath("//*[@id="frmMain:dtCifPersonal:tb"]")): null

2020-03-10 16:01:47 - [TEST_STEP][PASSED] - Rows = Table.findElements(By.tagName("tr")): null

2020-03-10 16:01:47 - [TEST_STEP][PASSED] - println("No. of rows: " + Rows.size()): null

2020-03-10 16:01:47 - [TEST_STEP][PASSED] - CustomerFounded = false: null

2020-03-10 16:01:47 - [TEST_STEP][PASSED] - for ([i = 0, i < Rows.size(), (i++)]): null

2020-03-10 16:01:47 - [TEST_STEP][PASSED] - Cols = get(i).findElements(By.tagName("td")): null

2020-03-10 16:01:48 - [TEST_STEP][PASSED] - if (getText().equalsIgnoreCase(CustomerName)): null

2020-03-10 16:01:48 - [TEST_STEP][PASSED] - Cols = get(i).findElements(By.tagName("td")): null

2020-03-10 16:01:48 - [TEST_STEP][PASSED] - if (getText().equalsIgnoreCase(CustomerName)): null

2020-03-10 16:01:48 - [TEST_STEP][PASSED] - Cols = get(i).findElements(By.tagName("td")): null

2020-03-10 16:01:48 - [TEST_STEP][PASSED] - if (getText().equalsIgnoreCase(CustomerName)): null

2020-03-10 16:01:48 - [TEST_STEP][PASSED] - tagName("a")).click(): null

2020-03-10 16:01:52 - [TEST_STEP][PASSED] - CustomerFounded = true: null

2020-03-10 16:01:52 - [TEST_STEP][PASSED] - break: null

2020-03-10 16:01:52 - [TEST_STEP][PASSED] - if (CustomerFounded == false): null

2020-03-10 16:01:52 - [TEST_STEP][PASSED] - delay(wait_long_time): Delayed 10 second(s)

2020-03-10 16:02:02 - [MESSAGE][PASSED] - Delayed 10 second(s)

2020-03-10 16:02:02 - [MESSAGE][PASSED] - Call Test Case 'Test Cases/CDB/HomeTaskCDB/TaskPanelCdbPersonal' successfully

2020-03-10 16:02:02 - [MESSAGE][PASSED] - Call Test Case 'Test Cases/CDB/HomeTaskCDB/HomeTaskImproved' successfully

2020-03-10 16:02:02 - [TEST_STEP][PASSED] - callTestCase(findTestCase("CDB/CDBPersonal/BasicInformation/BasicInformation"), ["CustomerName":CustomerName], STOP_ON_FAILURE): Call Test Case 'Test Cases/CDB/CDBPersonal/BasicInformation/BasicInformation' successfully

2020-03-10 16:02:02 - [TEST_CASE][PASSED] - Test Cases/CDB/CDBPersonal/BasicInformation/BasicInformation: Test Cases/CDB/CDBPersonal/BasicInformation/BasicInformation

2020-03-10 16:02:03 - [TEST_STEP][PASSED] - waitForElementClickable(findTestObject("CDB/Personal/Page_FormCDBPersonal/input_frmMainchkboxType"), wait_js_long_time): Object 'Object Repository/CDB/Personal/Page_FormCDBPersonal/input_frmMainchkboxType' is clickable

2020-03-10 16:02:03 - [MESSAGE][PASSED] - Object 'Object Repository/CDB/Personal/Page_FormCDBPersonal/input_frmMainchkboxType' is clickable

2020-03-10 16:02:03 - [TEST_STEP][PASSED] - if (verifyElementNotChecked(findTestObject("CDB/Personal/Page_FormCDBPersonal/input_frmMainchkboxType"), wait_short_time, OPTIONAL)): Object 'Object Repository/CDB/Personal/Page_FormCDBPersonal/input_frmMainchkboxType' is checked (Root cause: com.kms.katalon.core.exception.StepFailedException: Object 'Object Repository/CDB/Personal/Page_FormCDBPersonal/input_frmMainchkboxType' is checked
	at com.kms.katalon.core.webui.keyword.internal.WebUIKeywordMain.stepFailed(WebUIKeywordMain.groovy:64)
	at com.kms.katalon.core.webui.keyword.builtin.VerifyElementNotCheckedKeyword$_verifyElementNotChecked_closure1.doCall(VerifyElementNotCheckedKeyword.groovy:82)
	at com.kms.katalon.core.webui.keyword.builtin.VerifyElementNotCheckedKeyword$_verifyElementNotChecked_closure1.call(VerifyElementNotCheckedKeyword.groovy)
	at com.kms.katalon.core.webui.keyword.internal.WebUIKeywordMain.runKeyword(WebUIKeywordMain.groovy:20)
	at com.kms.katalon.core.webui.keyword.builtin.VerifyElementNotCheckedKeyword.verifyElementNotChecked(VerifyElementNotCheckedKeyword.groovy:93)
	at com.kms.katalon.core.webui.keyword.builtin.VerifyElementNotCheckedKeyword.execute(VerifyElementNotCheckedKeyword.groovy:68)
	at com.kms.katalon.core.keyword.internal.KeywordExecutor.executeKeywordForPlatform(KeywordExecutor.groovy:72)
	at com.kms.katalon.core.webui.keyword.WebUiBuiltInKeywords.verifyElementNotChecked(WebUiBuiltInKeywords.groovy:1385)
	at com.kms.katalon.core.webui.keyword.WebUiBuiltInKeywords$verifyElementNotChecked$21.call(Unknown Source)
	at BasicInformation.run(BasicInformation:29)
	at com.kms.katalon.core.main.ScriptEngine.run(ScriptEngine.java:194)
	at com.kms.katalon.core.main.ScriptEngine.runScriptAsRawText(ScriptEngine.java:119)
	at com.kms.katalon.core.main.TestCaseExecutor.runScript(TestCaseExecutor.java:337)
	at com.kms.katalon.core.main.TestCaseExecutor.doExecute(TestCaseExecutor.java:328)
	at com.kms.katalon.core.main.TestCaseExecutor.processExecutionPhase(TestCaseExecutor.java:307)
	at com.kms.katalon.core.main.TestCaseExecutor.accessMainPhase(TestCaseExecutor.java:299)
	at com.kms.katalon.core.main.TestCaseExecutor.execute(TestCaseExecutor.java:233)
	at com.kms.katalon.core.main.TestCaseMain.runTestCase(TestCaseMain.java:114)
	at com.kms.katalon.core.keyword.builtin.CallTestCaseKeyword$_callTestCase_closure1.doCall(CallTestCaseKeyword.groovy:59)
	at com.kms.katalon.core.keyword.builtin.CallTestCaseKeyword$_callTestCase_closure1.call(CallTestCaseKeyword.groovy)
	at com.kms.katalon.core.keyword.internal.KeywordMain.runKeyword(KeywordMain.groovy:68)
	at com.kms.katalon.core.keyword.builtin.CallTestCaseKeyword.callTestCase(CallTestCaseKeyword.groovy:81)
	at com.kms.katalon.core.keyword.builtin.CallTestCaseKeyword.execute(CallTestCaseKeyword.groovy:44)
	at com.kms.katalon.core.keyword.internal.KeywordExecutor.executeKeywordForPlatform(KeywordExecutor.groovy:72)
	at com.kms.katalon.core.keyword.BuiltinKeywords.callTestCase(BuiltinKeywords.groovy:334)
	at CDB_CMO_Personal.run(CDB_CMO_Personal:29)
	at com.kms.katalon.core.main.ScriptEngine.run(ScriptEngine.java:194)
	at com.kms.katalon.core.main.ScriptEngine.runScriptAsRawText(ScriptEngine.java:119)
	at com.kms.katalon.core.main.TestCaseExecutor.runScript(TestCaseExecutor.java:337)
	at com.kms.katalon.core.main.TestCaseExecutor.doExecute(TestCaseExecutor.java:328)
	at com.kms.katalon.core.main.TestCaseExecutor.processExecutionPhase(TestCaseExecutor.java:307)
	at com.kms.katalon.core.main.TestCaseExecutor.accessMainPhase(TestCaseExecutor.java:299)
	at com.kms.katalon.core.main.TestCaseExecutor.execute(TestCaseExecutor.java:233)
	at com.kms.katalon.core.main.TestCaseMain.runTestCase(TestCaseMain.java:114)
	at com.kms.katalon.core.keyword.builtin.CallTestCaseKeyword$_callTestCase_closure1.doCall(CallTestCaseKeyword.groovy:59)
	at com.kms.katalon.core.keyword.builtin.CallTestCaseKeyword$_callTestCase_closure1.call(CallTestCaseKeyword.groovy)
	at com.kms.katalon.core.keyword.internal.KeywordMain.runKeyword(KeywordMain.groovy:68)
	at com.kms.katalon.core.keyword.builtin.CallTestCaseKeyword.callTestCase(CallTestCaseKeyword.groovy:81)
	at com.kms.katalon.core.keyword.builtin.CallTestCaseKeyword.execute(CallTestCaseKeyword.groovy:44)
	at com.kms.katalon.core.keyword.internal.KeywordExecutor.executeKeywordForPlatform(KeywordExecutor.groovy:72)
	at com.kms.katalon.core.keyword.BuiltinKeywords.callTestCase(BuiltinKeywords.groovy:334)
	at CDB_CMO_Improved.run(CDB_CMO_Improved:21)
	at com.kms.katalon.core.main.ScriptEngine.run(ScriptEngine.java:194)
	at com.kms.katalon.core.main.ScriptEngine.runScriptAsRawText(ScriptEngine.java:119)
	at com.kms.katalon.core.main.TestCaseExecutor.runScript(TestCaseExecutor.java:337)
	at com.kms.katalon.core.main.TestCaseExecutor.doExecute(TestCaseExecutor.java:328)
	at com.kms.katalon.core.main.TestCaseExecutor.processExecutionPhase(TestCaseExecutor.java:307)
	at com.kms.katalon.core.main.TestCaseExecutor.accessMainPhase(TestCaseExecutor.java:299)
	at com.kms.katalon.core.main.TestCaseExecutor.execute(TestCaseExecutor.java:233)
	at com.kms.katalon.core.main.TestCaseMain.runTestCase(TestCaseMain.java:114)
	at com.kms.katalon.core.keyword.builtin.CallTestCaseKeyword$_callTestCase_closure1.doCall(CallTestCaseKeyword.groovy:59)
	at com.kms.katalon.core.keyword.builtin.CallTestCaseKeyword$_callTestCase_closure1.call(CallTestCaseKeyword.groovy)
	at com.kms.katalon.core.keyword.internal.KeywordMain.runKeyword(KeywordMain.groovy:68)
	at com.kms.katalon.core.keyword.builtin.CallTestCaseKeyword.callTestCase(CallTestCaseKeyword.groovy:81)
	at com.kms.katalon.core.keyword.builtin.CallTestCaseKeyword.execute(CallTestCaseKeyword.groovy:44)
	at com.kms.katalon.core.keyword.internal.KeywordExecutor.executeKeywordForPlatform(KeywordExecutor.groovy:72)
	at com.kms.katalon.core.keyword.BuiltinKeywords.callTestCase(BuiltinKeywords.groovy:334)
	at FullScenarioCDBv2.run(FullScenarioCDBv2:30)
	at com.kms.katalon.core.main.ScriptEngine.run(ScriptEngine.java:194)
	at com.kms.katalon.core.main.ScriptEngine.runScriptAsRawText(ScriptEngine.java:119)
	at com.kms.katalon.core.main.TestCaseExecutor.runScript(TestCaseExecutor.java:337)
	at com.kms.katalon.core.main.TestCaseExecutor.doExecute(TestCaseExecutor.java:328)
	at com.kms.katalon.core.main.TestCaseExecutor.processExecutionPhase(TestCaseExecutor.java:307)
	at com.kms.katalon.core.main.TestCaseExecutor.accessMainPhase(TestCaseExecutor.java:299)
	at com.kms.katalon.core.main.TestCaseExecutor.execute(TestCaseExecutor.java:233)
	at com.kms.katalon.core.main.TestSuiteExecutor.accessTestCaseMainPhase(TestSuiteExecutor.java:169)
	at com.kms.katalon.core.main.TestSuiteExecutor.accessTestSuiteMainPhase(TestSuiteExecutor.java:142)
	at com.kms.katalon.core.main.TestSuiteExecutor.execute(TestSuiteExecutor.java:91)
	at com.kms.katalon.core.main.TestCaseMain.startTestSuite(TestCaseMain.java:157)
	at com.kms.katalon.core.main.TestCaseMain$startTestSuite$0.call(Unknown Source)
	at TempTestSuite1583830456174.run(TempTestSuite1583830456174.groovy:36)
)

2020-03-10 16:02:04 - [MESSAGE][WARNING] - Object 'Object Repository/CDB/Personal/Page_FormCDBPersonal/input_frmMainchkboxType' is checked (Root cause: com.kms.katalon.core.exception.StepFailedException: Object 'Object Repository/CDB/Personal/Page_FormCDBPersonal/input_frmMainchkboxType' is checked
	at com.kms.katalon.core.webui.keyword.internal.WebUIKeywordMain.stepFailed(WebUIKeywordMain.groovy:64)
	at com.kms.katalon.core.webui.keyword.builtin.VerifyElementNotCheckedKeyword$_verifyElementNotChecked_closure1.doCall(VerifyElementNotCheckedKeyword.groovy:82)
	at com.kms.katalon.core.webui.keyword.builtin.VerifyElementNotCheckedKeyword$_verifyElementNotChecked_closure1.call(VerifyElementNotCheckedKeyword.groovy)
	at com.kms.katalon.core.webui.keyword.internal.WebUIKeywordMain.runKeyword(WebUIKeywordMain.groovy:20)
	at com.kms.katalon.core.webui.keyword.builtin.VerifyElementNotCheckedKeyword.verifyElementNotChecked(VerifyElementNotCheckedKeyword.groovy:93)
	at com.kms.katalon.core.webui.keyword.builtin.VerifyElementNotCheckedKeyword.execute(VerifyElementNotCheckedKeyword.groovy:68)
	at com.kms.katalon.core.keyword.internal.KeywordExecutor.executeKeywordForPlatform(KeywordExecutor.groovy:72)
	at com.kms.katalon.core.webui.keyword.WebUiBuiltInKeywords.verifyElementNotChecked(WebUiBuiltInKeywords.groovy:1385)
	at com.kms.katalon.core.webui.keyword.WebUiBuiltInKeywords$verifyElementNotChecked$21.call(Unknown Source)
	at BasicInformation.run(BasicInformation:29)
	at com.kms.katalon.core.main.ScriptEngine.run(ScriptEngine.java:194)
	at com.kms.katalon.core.main.ScriptEngine.runScriptAsRawText(ScriptEngine.java:119)
	at com.kms.katalon.core.main.TestCaseExecutor.runScript(TestCaseExecutor.java:337)
	at com.kms.katalon.core.main.TestCaseExecutor.doExecute(TestCaseExecutor.java:328)
	at com.kms.katalon.core.main.TestCaseExecutor.processExecutionPhase(TestCaseExecutor.java:307)
	at com.kms.katalon.core.main.TestCaseExecutor.accessMainPhase(TestCaseExecutor.java:299)
	at com.kms.katalon.core.main.TestCaseExecutor.execute(TestCaseExecutor.java:233)
	at com.kms.katalon.core.main.TestCaseMain.runTestCase(TestCaseMain.java:114)
	at com.kms.katalon.core.keyword.builtin.CallTestCaseKeyword$_callTestCase_closure1.doCall(CallTestCaseKeyword.groovy:59)
	at com.kms.katalon.core.keyword.builtin.CallTestCaseKeyword$_callTestCase_closure1.call(CallTestCaseKeyword.groovy)
	at com.kms.katalon.core.keyword.internal.KeywordMain.runKeyword(KeywordMain.groovy:68)
	at com.kms.katalon.core.keyword.builtin.CallTestCaseKeyword.callTestCase(CallTestCaseKeyword.groovy:81)
	at com.kms.katalon.core.keyword.builtin.CallTestCaseKeyword.execute(CallTestCaseKeyword.groovy:44)
	at com.kms.katalon.core.keyword.internal.KeywordExecutor.executeKeywordForPlatform(KeywordExecutor.groovy:72)
	at com.kms.katalon.core.keyword.BuiltinKeywords.callTestCase(BuiltinKeywords.groovy:334)
	at CDB_CMO_Personal.run(CDB_CMO_Personal:29)
	at com.kms.katalon.core.main.ScriptEngine.run(ScriptEngine.java:194)
	at com.kms.katalon.core.main.ScriptEngine.runScriptAsRawText(ScriptEngine.java:119)
	at com.kms.katalon.core.main.TestCaseExecutor.runScript(TestCaseExecutor.java:337)
	at com.kms.katalon.core.main.TestCaseExecutor.doExecute(TestCaseExecutor.java:328)
	at com.kms.katalon.core.main.TestCaseExecutor.processExecutionPhase(TestCaseExecutor.java:307)
	at com.kms.katalon.core.main.TestCaseExecutor.accessMainPhase(TestCaseExecutor.java:299)
	at com.kms.katalon.core.main.TestCaseExecutor.execute(TestCaseExecutor.java:233)
	at com.kms.katalon.core.main.TestCaseMain.runTestCase(TestCaseMain.java:114)
	at com.kms.katalon.core.keyword.builtin.CallTestCaseKeyword$_callTestCase_closure1.doCall(CallTestCaseKeyword.groovy:59)
	at com.kms.katalon.core.keyword.builtin.CallTestCaseKeyword$_callTestCase_closure1.call(CallTestCaseKeyword.groovy)
	at com.kms.katalon.core.keyword.internal.KeywordMain.runKeyword(KeywordMain.groovy:68)
	at com.kms.katalon.core.keyword.builtin.CallTestCaseKeyword.callTestCase(CallTestCaseKeyword.groovy:81)
	at com.kms.katalon.core.keyword.builtin.CallTestCaseKeyword.execute(CallTestCaseKeyword.groovy:44)
	at com.kms.katalon.core.keyword.internal.KeywordExecutor.executeKeywordForPlatform(KeywordExecutor.groovy:72)
	at com.kms.katalon.core.keyword.BuiltinKeywords.callTestCase(BuiltinKeywords.groovy:334)
	at CDB_CMO_Improved.run(CDB_CMO_Improved:21)
	at com.kms.katalon.core.main.ScriptEngine.run(ScriptEngine.java:194)
	at com.kms.katalon.core.main.ScriptEngine.runScriptAsRawText(ScriptEngine.java:119)
	at com.kms.katalon.core.main.TestCaseExecutor.runScript(TestCaseExecutor.java:337)
	at com.kms.katalon.core.main.TestCaseExecutor.doExecute(TestCaseExecutor.java:328)
	at com.kms.katalon.core.main.TestCaseExecutor.processExecutionPhase(TestCaseExecutor.java:307)
	at com.kms.katalon.core.main.TestCaseExecutor.accessMainPhase(TestCaseExecutor.java:299)
	at com.kms.katalon.core.main.TestCaseExecutor.execute(TestCaseExecutor.java:233)
	at com.kms.katalon.core.main.TestCaseMain.runTestCase(TestCaseMain.java:114)
	at com.kms.katalon.core.keyword.builtin.CallTestCaseKeyword$_callTestCase_closure1.doCall(CallTestCaseKeyword.groovy:59)
	at com.kms.katalon.core.keyword.builtin.CallTestCaseKeyword$_callTestCase_closure1.call(CallTestCaseKeyword.groovy)
	at com.kms.katalon.core.keyword.internal.KeywordMain.runKeyword(KeywordMain.groovy:68)
	at com.kms.katalon.core.keyword.builtin.CallTestCaseKeyword.callTestCase(CallTestCaseKeyword.groovy:81)
	at com.kms.katalon.core.keyword.builtin.CallTestCaseKeyword.execute(CallTestCaseKeyword.groovy:44)
	at com.kms.katalon.core.keyword.internal.KeywordExecutor.executeKeywordForPlatform(KeywordExecutor.groovy:72)
	at com.kms.katalon.core.keyword.BuiltinKeywords.callTestCase(BuiltinKeywords.groovy:334)
	at FullScenarioCDBv2.run(FullScenarioCDBv2:30)
	at com.kms.katalon.core.main.ScriptEngine.run(ScriptEngine.java:194)
	at com.kms.katalon.core.main.ScriptEngine.runScriptAsRawText(ScriptEngine.java:119)
	at com.kms.katalon.core.main.TestCaseExecutor.runScript(TestCaseExecutor.java:337)
	at com.kms.katalon.core.main.TestCaseExecutor.doExecute(TestCaseExecutor.java:328)
	at com.kms.katalon.core.main.TestCaseExecutor.processExecutionPhase(TestCaseExecutor.java:307)
	at com.kms.katalon.core.main.TestCaseExecutor.accessMainPhase(TestCaseExecutor.java:299)
	at com.kms.katalon.core.main.TestCaseExecutor.execute(TestCaseExecutor.java:233)
	at com.kms.katalon.core.main.TestSuiteExecutor.accessTestCaseMainPhase(TestSuiteExecutor.java:169)
	at com.kms.katalon.core.main.TestSuiteExecutor.accessTestSuiteMainPhase(TestSuiteExecutor.java:142)
	at com.kms.katalon.core.main.TestSuiteExecutor.execute(TestSuiteExecutor.java:91)
	at com.kms.katalon.core.main.TestCaseMain.startTestSuite(TestCaseMain.java:157)
	at com.kms.katalon.core.main.TestCaseMain$startTestSuite$0.call(Unknown Source)
	at TempTestSuite1583830456174.run(TempTestSuite1583830456174.groovy:36)
)

2020-03-10 16:02:04 - [TEST_STEP][PASSED] - selectOptionByValue(findTestObject("CDB/Personal/Page_FormCDBPersonal/select_MR.MRS.MS."), "MR.", true): All options with value 'MR.' are selected in object 'Object Repository/CDB/Personal/Page_FormCDBPersonal/select_MR.MRS.MS.'  using regular expression

2020-03-10 16:02:05 - [MESSAGE][PASSED] - All options with value 'MR.' are selected in object 'Object Repository/CDB/Personal/Page_FormCDBPersonal/select_MR.MRS.MS.'  using regular expression

2020-03-10 16:02:05 - [TEST_STEP][PASSED] - selectOptionByValue(findTestObject("CDB/Personal/Page_FormCDBPersonal/select_MR.MRS.MS."), "MRS.", true): All options with value 'MRS.' are selected in object 'Object Repository/CDB/Personal/Page_FormCDBPersonal/select_MR.MRS.MS.'  using regular expression

2020-03-10 16:02:06 - [MESSAGE][PASSED] - All options with value 'MRS.' are selected in object 'Object Repository/CDB/Personal/Page_FormCDBPersonal/select_MR.MRS.MS.'  using regular expression

2020-03-10 16:02:06 - [TEST_STEP][PASSED] - selectOptionByValue(findTestObject("CDB/Personal/Page_FormCDBPersonal/select_MR.MRS.MS."), "MS.", true): All options with value 'MS.' are selected in object 'Object Repository/CDB/Personal/Page_FormCDBPersonal/select_MR.MRS.MS.'  using regular expression

2020-03-10 16:02:08 - [MESSAGE][PASSED] - All options with value 'MS.' are selected in object 'Object Repository/CDB/Personal/Page_FormCDBPersonal/select_MR.MRS.MS.'  using regular expression

2020-03-10 16:02:08 - [TEST_STEP][PASSED] - selectOptionByValue(findTestObject("CDB/Personal/Page_FormCDBPersonal/select_MaleFemale"), "M", true): All options with value 'M' are selected in object 'Object Repository/CDB/Personal/Page_FormCDBPersonal/select_MaleFemale'  using regular expression

2020-03-10 16:02:09 - [MESSAGE][PASSED] - All options with value 'M' are selected in object 'Object Repository/CDB/Personal/Page_FormCDBPersonal/select_MaleFemale'  using regular expression

2020-03-10 16:02:09 - [TEST_STEP][PASSED] - selectOptionByValue(findTestObject("CDB/Personal/Page_FormCDBPersonal/select_MaleFemale"), "F", true): All options with value 'F' are selected in object 'Object Repository/CDB/Personal/Page_FormCDBPersonal/select_MaleFemale'  using regular expression

2020-03-10 16:02:11 - [MESSAGE][PASSED] - All options with value 'F' are selected in object 'Object Repository/CDB/Personal/Page_FormCDBPersonal/select_MaleFemale'  using regular expression

2020-03-10 16:02:11 - [TEST_STEP][PASSED] - setText(findTestObject("CDB/Personal/BasicInformation/BasicInfo_Name"), CustomerName): Text 'HENDRO' is set on object 'Object Repository/CDB/Personal/BasicInformation/BasicInfo_Name'

2020-03-10 16:02:11 - [MESSAGE][PASSED] - Text 'HENDRO' is set on object 'Object Repository/CDB/Personal/BasicInformation/BasicInfo_Name'

2020-03-10 16:02:11 - [TEST_STEP][PASSED] - setText(findTestObject("CDB/Personal/Page_FormCDBPersonal/input_frmMaintxtPOB"), "GARUT"): Text 'GARUT' is set on object 'Object Repository/CDB/Personal/Page_FormCDBPersonal/input_frmMaintxtPOB'

2020-03-10 16:02:12 - [MESSAGE][PASSED] - Text 'GARUT' is set on object 'Object Repository/CDB/Personal/Page_FormCDBPersonal/input_frmMaintxtPOB'

2020-03-10 16:02:12 - [TEST_STEP][PASSED] - customKeywords.CustomKeywordJS.setDateUsingJS(findTestObject("CDB/Personal/Page_FormCDBPersonal/textPlaceOfBirth"), "25/06/2018", wait_js_long_time): customKeywords.CustomKeywordJS.setDateUsingJS is PASSED

2020-03-10 16:02:12 - [MESSAGE][PASSED] - customKeywords.CustomKeywordJS.setDateUsingJS is PASSED

2020-03-10 16:02:12 - [TEST_STEP][PASSED] - selectOptionByValue(findTestObject("CDB/Personal/Page_FormCDBPersonal/select_-DIVORCEDMARRIEDSINGLEW"), "SINGL", true): All options with value 'SINGL' are selected in object 'Object Repository/CDB/Personal/Page_FormCDBPersonal/select_-DIVORCEDMARRIEDSINGLEW'  using regular expression

2020-03-10 16:02:14 - [MESSAGE][PASSED] - All options with value 'SINGL' are selected in object 'Object Repository/CDB/Personal/Page_FormCDBPersonal/select_-DIVORCEDMARRIEDSINGLEW'  using regular expression

2020-03-10 16:02:14 - [TEST_STEP][PASSED] - if (false): null

2020-03-10 16:02:14 - [MESSAGE][PASSED] - Call Test Case 'Test Cases/CDB/CDBPersonal/BasicInformation/BasicInformation' successfully

2020-03-10 16:02:14 - [TEST_STEP][PASSED] - callTestCase(findTestCase("CDB/CDBPersonal/IdInformation/IdInformation"), ["IdCard":IdCard], STOP_ON_FAILURE): Call Test Case 'Test Cases/CDB/CDBPersonal/IdInformation/IdInformation' successfully

2020-03-10 16:02:14 - [TEST_CASE][PASSED] - Test Cases/CDB/CDBPersonal/IdInformation/IdInformation: Test Cases/CDB/CDBPersonal/IdInformation/IdInformation

2020-03-10 16:02:14 - [TEST_STEP][PASSED] - selectOptionByValue(findTestObject("CDB/Personal/Page_FormCDBPersonal/select_IDType"), "IDCRD", true): All options with value 'IDCRD' are selected in object 'Object Repository/CDB/Personal/Page_FormCDBPersonal/select_IDType'  using regular expression

2020-03-10 16:02:15 - [MESSAGE][PASSED] - All options with value 'IDCRD' are selected in object 'Object Repository/CDB/Personal/Page_FormCDBPersonal/select_IDType'  using regular expression

2020-03-10 16:02:15 - [TEST_STEP][PASSED] - setText(findTestObject("CDB/Personal/Page_FormCDBPersonal/input_frmMaintxtIdNo"), IdCard): Text '302900012240434' is set on object 'Object Repository/CDB/Personal/Page_FormCDBPersonal/input_frmMaintxtIdNo'

2020-03-10 16:02:16 - [MESSAGE][PASSED] - Text '302900012240434' is set on object 'Object Repository/CDB/Personal/Page_FormCDBPersonal/input_frmMaintxtIdNo'

2020-03-10 16:02:16 - [TEST_STEP][PASSED] - if (verifyElementNotChecked(findTestObject("CDB/Personal/Page_FormCDBPersonal/input_frmMainj_id148"), wait_short_time, OPTIONAL)): null

2020-03-10 16:02:17 - [MESSAGE][PASSED] - Object 'Object Repository/CDB/Personal/Page_FormCDBPersonal/input_frmMainj_id148' is not checked

2020-03-10 16:02:17 - [TEST_STEP][PASSED] - click(findTestObject("CDB/Personal/Page_FormCDBPersonal/input_frmMainj_id148")): Object: 'Object Repository/CDB/Personal/Page_FormCDBPersonal/input_frmMainj_id148' is clicked on

2020-03-10 16:02:17 - [MESSAGE][PASSED] - Object: 'Object Repository/CDB/Personal/Page_FormCDBPersonal/input_frmMainj_id148' is clicked on

2020-03-10 16:02:17 - [TEST_STEP][PASSED] - driver = getWebDriver(): null

2020-03-10 16:02:17 - [TEST_STEP][PASSED] - if (isLifetime == false): null

2020-03-10 16:02:17 - [TEST_STEP][PASSED] - setText(findTestObject("CDB/Personal/Page_FormCDBPersonal/input_frmMainnpwpNo"), "123456789012343"): Text '123456789012343' is set on object 'Object Repository/CDB/Personal/Page_FormCDBPersonal/input_frmMainnpwpNo'

2020-03-10 16:02:19 - [MESSAGE][PASSED] - Text '123456789012343' is set on object 'Object Repository/CDB/Personal/Page_FormCDBPersonal/input_frmMainnpwpNo'

2020-03-10 16:02:19 - [TEST_STEP][PASSED] - if (false): null

2020-03-10 16:02:19 - [MESSAGE][PASSED] - Call Test Case 'Test Cases/CDB/CDBPersonal/IdInformation/IdInformation' successfully

2020-03-10 16:02:19 - [TEST_STEP][PASSED] - callTestCase(findTestCase("CDB/CDBPersonal/OtherInformation/OtherInformation"), [:], STOP_ON_FAILURE): Call Test Case 'Test Cases/CDB/CDBPersonal/OtherInformation/OtherInformation' successfully

2020-03-10 16:02:19 - [TEST_CASE][PASSED] - Test Cases/CDB/CDBPersonal/OtherInformation/OtherInformation: Test Cases/CDB/CDBPersonal/OtherInformation/OtherInformation

2020-03-10 16:02:19 - [TEST_STEP][PASSED] - setText(findTestObject("CDB/Personal/Page_FormCDBPersonal/input_frmMainj_id198"), "2017"): Text '2017' is set on object 'Object Repository/CDB/Personal/Page_FormCDBPersonal/input_frmMainj_id198'

2020-03-10 16:02:20 - [MESSAGE][PASSED] - Text '2017' is set on object 'Object Repository/CDB/Personal/Page_FormCDBPersonal/input_frmMainj_id198'

2020-03-10 16:02:20 - [TEST_STEP][PASSED] - selectOptionByValue(findTestObject("CDB/Personal/Page_FormCDBPersonal/select_COLLEGEJUNIOR HIGH SCHO"), "UNIVE", true): All options with value 'UNIVE' are selected in object 'Object Repository/CDB/Personal/Page_FormCDBPersonal/select_COLLEGEJUNIOR HIGH SCHO'  using regular expression

2020-03-10 16:02:21 - [MESSAGE][PASSED] - All options with value 'UNIVE' are selected in object 'Object Repository/CDB/Personal/Page_FormCDBPersonal/select_COLLEGEJUNIOR HIGH SCHO'  using regular expression

2020-03-10 16:02:21 - [TEST_STEP][PASSED] - setText(findTestObject("CDB/Personal/Page_FormCDBPersonal/input_frmMainmotherMaiden"), "MOMMY"): Text 'MOMMY' is set on object 'Object Repository/CDB/Personal/Page_FormCDBPersonal/input_frmMainmotherMaiden'

2020-03-10 16:02:22 - [MESSAGE][PASSED] - Text 'MOMMY' is set on object 'Object Repository/CDB/Personal/Page_FormCDBPersonal/input_frmMainmotherMaiden'

2020-03-10 16:02:22 - [TEST_STEP][PASSED] - setText(findTestObject("CDB/Personal/Page_FormCDBPersonal/input_frmMainnumberDependent"), "2"): Text '2' is set on object 'Object Repository/CDB/Personal/Page_FormCDBPersonal/input_frmMainnumberDependent'

2020-03-10 16:02:22 - [MESSAGE][PASSED] - Text '2' is set on object 'Object Repository/CDB/Personal/Page_FormCDBPersonal/input_frmMainnumberDependent'

2020-03-10 16:02:22 - [TEST_STEP][PASSED] - setText(findTestObject("CDB/Personal/Page_FormCDBPersonal/input_frmMainj_id212"), "No"): Text 'No' is set on object 'Object Repository/CDB/Personal/Page_FormCDBPersonal/input_frmMainj_id212'

2020-03-10 16:02:23 - [MESSAGE][PASSED] - Text 'No' is set on object 'Object Repository/CDB/Personal/Page_FormCDBPersonal/input_frmMainj_id212'

2020-03-10 16:02:23 - [TEST_STEP][PASSED] - customKeywords.CustomKeywordJS.setDateUsingJS(findTestObject("CDB/Personal/Page_FormCDBPersonal/input_dateLegalReview"), "25/07/2018", wait_js_long_time): customKeywords.CustomKeywordJS.setDateUsingJS is PASSED

2020-03-10 16:02:23 - [MESSAGE][PASSED] - customKeywords.CustomKeywordJS.setDateUsingJS is PASSED

2020-03-10 16:02:23 - [TEST_STEP][PASSED] - customKeywords.CustomKeywordJS.setDateUsingJS(findTestObject("CDB/Personal/Page_FormCDBPersonal/input_dateLegalReview_reminder"), "25/06/2018", wait_js_long_time): customKeywords.CustomKeywordJS.setDateUsingJS is PASSED

2020-03-10 16:02:23 - [MESSAGE][PASSED] - customKeywords.CustomKeywordJS.setDateUsingJS is PASSED

2020-03-10 16:02:23 - [TEST_STEP][PASSED] - setText(findTestObject("CDB/Personal/Page_FormCDBPersonal/input_scoreCreditRatingBI"), "0"): Text '0' is set on object 'Object Repository/CDB/Personal/Page_FormCDBPersonal/input_scoreCreditRatingBI'

2020-03-10 16:02:24 - [MESSAGE][PASSED] - Text '0' is set on object 'Object Repository/CDB/Personal/Page_FormCDBPersonal/input_scoreCreditRatingBI'

2020-03-10 16:02:24 - [TEST_STEP][PASSED] - customKeywords.CustomKeywordJS.setDateUsingJS(findTestObject("CDB/Personal/Page_FormCDBPersonal/input_dateCreditRatingBI"), "25/06/2018", wait_js_long_time): customKeywords.CustomKeywordJS.setDateUsingJS is PASSED

2020-03-10 16:02:24 - [MESSAGE][PASSED] - customKeywords.CustomKeywordJS.setDateUsingJS is PASSED

2020-03-10 16:02:24 - [TEST_STEP][PASSED] - selectOptionByValue(findTestObject("CDB/Personal/OtherInformation/select_Please SelectLOWMEDIUMHIGH"), "L", true, STOP_ON_FAILURE): All options with value 'L' are selected in object 'Object Repository/CDB/Personal/OtherInformation/select_Please SelectLOWMEDIUMHIGH'  using regular expression

2020-03-10 16:02:26 - [MESSAGE][PASSED] - All options with value 'L' are selected in object 'Object Repository/CDB/Personal/OtherInformation/select_Please SelectLOWMEDIUMHIGH'  using regular expression

2020-03-10 16:02:26 - [TEST_STEP][PASSED] - if (verifyElementNotChecked(findTestObject("CDB/Personal/OtherInformation/input__frmMainj_id256"), wait_short_time, OPTIONAL)): null

2020-03-10 16:02:26 - [MESSAGE][PASSED] - Object 'Object Repository/CDB/Personal/OtherInformation/input__frmMainj_id256' is not checked

2020-03-10 16:02:26 - [TEST_STEP][PASSED] - customKeywords.CustomKeywordJS.clickUsingJS(findTestObject("CDB/Personal/OtherInformation/input__frmMainj_id256"), 10): customKeywords.CustomKeywordJS.clickUsingJS is PASSED

2020-03-10 16:02:26 - [MESSAGE][PASSED] - customKeywords.CustomKeywordJS.clickUsingJS is PASSED

2020-03-10 16:02:26 - [TEST_STEP][PASSED] - setText(findTestObject("CDB/Personal/Page_FormCDBPersonal/textarea_Test Other Conditions"), "Test Other Conditions"): Text 'Test Other Conditions' is set on object 'Object Repository/CDB/Personal/Page_FormCDBPersonal/textarea_Test Other Conditions'

2020-03-10 16:02:27 - [MESSAGE][PASSED] - Text 'Test Other Conditions' is set on object 'Object Repository/CDB/Personal/Page_FormCDBPersonal/textarea_Test Other Conditions'

2020-03-10 16:02:27 - [MESSAGE][PASSED] - Call Test Case 'Test Cases/CDB/CDBPersonal/OtherInformation/OtherInformation' successfully

2020-03-10 16:02:27 - [TEST_STEP][PASSED] - callTestCase(findTestCase("CDB/FloatingButton/ButtonSave"), [:], STOP_ON_FAILURE): Call Test Case 'Test Cases/CDB/FloatingButton/ButtonSave' successfully

2020-03-10 16:02:27 - [TEST_CASE][PASSED] - Test Cases/CDB/FloatingButton/ButtonSave: Test Cases/CDB/FloatingButton/ButtonSave

2020-03-10 16:02:27 - [TEST_STEP][PASSED] - switchToDefaultContent(): null

2020-03-10 16:02:27 - [TEST_STEP][PASSED] - customKeywords.CustomKeywordJS.clickUsingJS(findTestObject("CDB/Personal/Page_FormCDBPersonal/input_frmMainbtnAL_saveExec"), wait_js_long_time): customKeywords.CustomKeywordJS.clickUsingJS is PASSED

2020-03-10 16:02:28 - [MESSAGE][PASSED] - customKeywords.CustomKeywordJS.clickUsingJS is PASSED

2020-03-10 16:02:28 - [TEST_STEP][PASSED] - waitForAlert(wait_short_time): Alert is present after 3 second(s).

2020-03-10 16:02:28 - [MESSAGE][PASSED] - Alert is present after 3 second(s).

2020-03-10 16:02:28 - [TEST_STEP][PASSED] - acceptAlert(): Alert accepted

2020-03-10 16:02:28 - [MESSAGE][PASSED] - Alert accepted

2020-03-10 16:02:28 - [TEST_STEP][PASSED] - waitForElementPresent(findTestObject("CDB/Personal/Page_FormCDBPersonal/freeze_panel_save"), wait_js_long_time, OPTIONAL): Object 'Object Repository/CDB/Personal/Page_FormCDBPersonal/freeze_panel_save' is present

2020-03-10 16:02:37 - [MESSAGE][PASSED] - Object 'Object Repository/CDB/Personal/Page_FormCDBPersonal/freeze_panel_save' is present

2020-03-10 16:02:37 - [TEST_STEP][PASSED] - waitForElementNotPresent(findTestObject("CDB/Personal/Page_FormCDBPersonal/freeze_panel_save"), wait_js_long_time, OPTIONAL): Unable to wait for object 'Object Repository/CDB/Personal/Page_FormCDBPersonal/freeze_panel_save' to be not present (Root cause: com.kms.katalon.core.exception.StepFailedException: Unable to wait for object 'Object Repository/CDB/Personal/Page_FormCDBPersonal/freeze_panel_save' to be not present
	at com.kms.katalon.core.webui.keyword.internal.WebUIKeywordMain.stepFailed(WebUIKeywordMain.groovy:64)
	at com.kms.katalon.core.webui.keyword.internal.WebUIKeywordMain.runKeyword(WebUIKeywordMain.groovy:26)
	at com.kms.katalon.core.webui.keyword.internal.WebUIKeywordMain$runKeyword.call(Unknown Source)
	at com.kms.katalon.core.webui.keyword.builtin.WaitForElementNotPresentKeyword.waitForElementNotPresent(WaitForElementNotPresentKeyword.groovy:114)
	at com.kms.katalon.core.webui.keyword.builtin.WaitForElementNotPresentKeyword.execute(WaitForElementNotPresentKeyword.groovy:68)
	at com.kms.katalon.core.keyword.internal.KeywordExecutor.executeKeywordForPlatform(KeywordExecutor.groovy:72)
	at com.kms.katalon.core.webui.keyword.WebUiBuiltInKeywords.waitForElementNotPresent(WebUiBuiltInKeywords.groovy:294)
	at com.kms.katalon.core.webui.keyword.WebUiBuiltInKeywords$waitForElementNotPresent$11.call(Unknown Source)
	at ButtonSave.run(ButtonSave:34)
	at com.kms.katalon.core.main.ScriptEngine.run(ScriptEngine.java:194)
	at com.kms.katalon.core.main.ScriptEngine.runScriptAsRawText(ScriptEngine.java:119)
	at com.kms.katalon.core.main.TestCaseExecutor.runScript(TestCaseExecutor.java:337)
	at com.kms.katalon.core.main.TestCaseExecutor.doExecute(TestCaseExecutor.java:328)
	at com.kms.katalon.core.main.TestCaseExecutor.processExecutionPhase(TestCaseExecutor.java:307)
	at com.kms.katalon.core.main.TestCaseExecutor.accessMainPhase(TestCaseExecutor.java:299)
	at com.kms.katalon.core.main.TestCaseExecutor.execute(TestCaseExecutor.java:233)
	at com.kms.katalon.core.main.TestCaseMain.runTestCase(TestCaseMain.java:114)
	at com.kms.katalon.core.keyword.builtin.CallTestCaseKeyword$_callTestCase_closure1.doCall(CallTestCaseKeyword.groovy:59)
	at com.kms.katalon.core.keyword.builtin.CallTestCaseKeyword$_callTestCase_closure1.call(CallTestCaseKeyword.groovy)
	at com.kms.katalon.core.keyword.internal.KeywordMain.runKeyword(KeywordMain.groovy:68)
	at com.kms.katalon.core.keyword.builtin.CallTestCaseKeyword.callTestCase(CallTestCaseKeyword.groovy:81)
	at com.kms.katalon.core.keyword.builtin.CallTestCaseKeyword.execute(CallTestCaseKeyword.groovy:44)
	at com.kms.katalon.core.keyword.internal.KeywordExecutor.executeKeywordForPlatform(KeywordExecutor.groovy:72)
	at com.kms.katalon.core.keyword.BuiltinKeywords.callTestCase(BuiltinKeywords.groovy:334)
	at CDB_CMO_Personal.run(CDB_CMO_Personal:36)
	at com.kms.katalon.core.main.ScriptEngine.run(ScriptEngine.java:194)
	at com.kms.katalon.core.main.ScriptEngine.runScriptAsRawText(ScriptEngine.java:119)
	at com.kms.katalon.core.main.TestCaseExecutor.runScript(TestCaseExecutor.java:337)
	at com.kms.katalon.core.main.TestCaseExecutor.doExecute(TestCaseExecutor.java:328)
	at com.kms.katalon.core.main.TestCaseExecutor.processExecutionPhase(TestCaseExecutor.java:307)
	at com.kms.katalon.core.main.TestCaseExecutor.accessMainPhase(TestCaseExecutor.java:299)
	at com.kms.katalon.core.main.TestCaseExecutor.execute(TestCaseExecutor.java:233)
	at com.kms.katalon.core.main.TestCaseMain.runTestCase(TestCaseMain.java:114)
	at com.kms.katalon.core.keyword.builtin.CallTestCaseKeyword$_callTestCase_closure1.doCall(CallTestCaseKeyword.groovy:59)
	at com.kms.katalon.core.keyword.builtin.CallTestCaseKeyword$_callTestCase_closure1.call(CallTestCaseKeyword.groovy)
	at com.kms.katalon.core.keyword.internal.KeywordMain.runKeyword(KeywordMain.groovy:68)
	at com.kms.katalon.core.keyword.builtin.CallTestCaseKeyword.callTestCase(CallTestCaseKeyword.groovy:81)
	at com.kms.katalon.core.keyword.builtin.CallTestCaseKeyword.execute(CallTestCaseKeyword.groovy:44)
	at com.kms.katalon.core.keyword.internal.KeywordExecutor.executeKeywordForPlatform(KeywordExecutor.groovy:72)
	at com.kms.katalon.core.keyword.BuiltinKeywords.callTestCase(BuiltinKeywords.groovy:334)
	at CDB_CMO_Improved.run(CDB_CMO_Improved:21)
	at com.kms.katalon.core.main.ScriptEngine.run(ScriptEngine.java:194)
	at com.kms.katalon.core.main.ScriptEngine.runScriptAsRawText(ScriptEngine.java:119)
	at com.kms.katalon.core.main.TestCaseExecutor.runScript(TestCaseExecutor.java:337)
	at com.kms.katalon.core.main.TestCaseExecutor.doExecute(TestCaseExecutor.java:328)
	at com.kms.katalon.core.main.TestCaseExecutor.processExecutionPhase(TestCaseExecutor.java:307)
	at com.kms.katalon.core.main.TestCaseExecutor.accessMainPhase(TestCaseExecutor.java:299)
	at com.kms.katalon.core.main.TestCaseExecutor.execute(TestCaseExecutor.java:233)
	at com.kms.katalon.core.main.TestCaseMain.runTestCase(TestCaseMain.java:114)
	at com.kms.katalon.core.keyword.builtin.CallTestCaseKeyword$_callTestCase_closure1.doCall(CallTestCaseKeyword.groovy:59)
	at com.kms.katalon.core.keyword.builtin.CallTestCaseKeyword$_callTestCase_closure1.call(CallTestCaseKeyword.groovy)
	at com.kms.katalon.core.keyword.internal.KeywordMain.runKeyword(KeywordMain.groovy:68)
	at com.kms.katalon.core.keyword.builtin.CallTestCaseKeyword.callTestCase(CallTestCaseKeyword.groovy:81)
	at com.kms.katalon.core.keyword.builtin.CallTestCaseKeyword.execute(CallTestCaseKeyword.groovy:44)
	at com.kms.katalon.core.keyword.internal.KeywordExecutor.executeKeywordForPlatform(KeywordExecutor.groovy:72)
	at com.kms.katalon.core.keyword.BuiltinKeywords.callTestCase(BuiltinKeywords.groovy:334)
	at FullScenarioCDBv2.run(FullScenarioCDBv2:30)
	at com.kms.katalon.core.main.ScriptEngine.run(ScriptEngine.java:194)
	at com.kms.katalon.core.main.ScriptEngine.runScriptAsRawText(ScriptEngine.java:119)
	at com.kms.katalon.core.main.TestCaseExecutor.runScript(TestCaseExecutor.java:337)
	at com.kms.katalon.core.main.TestCaseExecutor.doExecute(TestCaseExecutor.java:328)
	at com.kms.katalon.core.main.TestCaseExecutor.processExecutionPhase(TestCaseExecutor.java:307)
	at com.kms.katalon.core.main.TestCaseExecutor.accessMainPhase(TestCaseExecutor.java:299)
	at com.kms.katalon.core.main.TestCaseExecutor.execute(TestCaseExecutor.java:233)
	at com.kms.katalon.core.main.TestSuiteExecutor.accessTestCaseMainPhase(TestSuiteExecutor.java:169)
	at com.kms.katalon.core.main.TestSuiteExecutor.accessTestSuiteMainPhase(TestSuiteExecutor.java:142)
	at com.kms.katalon.core.main.TestSuiteExecutor.execute(TestSuiteExecutor.java:91)
	at com.kms.katalon.core.main.TestCaseMain.startTestSuite(TestCaseMain.java:157)
	at com.kms.katalon.core.main.TestCaseMain$startTestSuite$0.call(Unknown Source)
	at TempTestSuite1583830456174.run(TempTestSuite1583830456174.groovy:36)
Caused by: org.openqa.selenium.UnhandledAlertException: unexpected alert open: {Alert text : Are you sure you want to Save?}
  (Session info: chrome=80.0.3987.132): Are you sure you want to Save?
Build info: version: '3.141.59', revision: 'e82be7d358', time: '2018-11-14T08:25:53'
System info: host: 'FID-LB214', ip: '192.168.0.109', os.name: 'Windows 7', os.arch: 'amd64', os.version: '6.1', java.version: '1.8.0_181'
Driver info: com.kms.katalon.selenium.driver.CChromeDriver
Capabilities {acceptInsecureCerts: false, browserName: chrome, browserVersion: 80.0.3987.132, chrome: {chromedriverVersion: 79.0.3945.36 (3582db32b3389..., userDataDir: C:\Users\as4011\AppData\Loc...}, goog:chromeOptions: {debuggerAddress: localhost:60008}, javascriptEnabled: true, networkConnectionEnabled: false, pageLoadStrategy: normal, platform: WINDOWS, platformName: WINDOWS, proxy: Proxy(), setWindowRect: true, strictFileInteractability: false, timeouts: {implicit: 0, pageLoad: 300000, script: 30000}, unhandledPromptBehavior: dismiss and notify}
Session ID: 68c3696d8a4d9ee22c673574a2d77204
*** Element info: {Using=xpath, value=id("modalPanelContentTable")/tbody[1]/tr[1]/td[@class="rich-mpnl-body"]/label[1][count(. | //label[(text() = '
Processing...' or . = '
Processing...')]) = count(//label[(text() = '
Processing...' or . = '
Processing...')])]}
	at org.openqa.selenium.remote.http.W3CHttpResponseCodec.decode(W3CHttpResponseCodec.java:120)
	at org.openqa.selenium.remote.http.W3CHttpResponseCodec.decode(W3CHttpResponseCodec.java:49)
	at org.openqa.selenium.remote.HttpCommandExecutor.execute(HttpCommandExecutor.java:158)
	at org.openqa.selenium.remote.service.DriverCommandExecutor.execute(DriverCommandExecutor.java:83)
	at org.openqa.selenium.remote.RemoteWebDriver.execute(RemoteWebDriver.java:552)
	at com.kms.katalon.selenium.driver.CChromeDriver.execute(CChromeDriver.java:19)
	at org.openqa.selenium.remote.RemoteWebDriver.findElement(RemoteWebDriver.java:323)
	at org.openqa.selenium.remote.RemoteWebDriver.findElementByXPath(RemoteWebDriver.java:428)
	at org.openqa.selenium.By$ByXPath.findElement(By.java:353)
	at org.openqa.selenium.remote.RemoteWebDriver.findElement(RemoteWebDriver.java:315)
	at org.openqa.selenium.support.events.EventFiringWebDriver.lambda$new$1(EventFiringWebDriver.java:105)
	at com.sun.proxy.$Proxy8.findElement(Unknown Source)
	at org.openqa.selenium.support.events.EventFiringWebDriver.findElement(EventFiringWebDriver.java:194)
	at org.openqa.selenium.WebDriver$findElement.call(Unknown Source)
	at com.kms.katalon.core.webui.keyword.builtin.WaitForElementNotPresentKeyword$1.apply(WaitForElementNotPresentKeyword.groovy:89)
	at com.kms.katalon.core.webui.keyword.builtin.WaitForElementNotPresentKeyword$1.apply(WaitForElementNotPresentKeyword.groovy)
	at org.openqa.selenium.support.ui.FluentWait.until(FluentWait.java:249)
	at org.openqa.selenium.support.ui.Wait$until.call(Unknown Source)
	at com.kms.katalon.core.webui.keyword.builtin.WaitForElementNotPresentKeyword$_waitForElementNotPresent_closure1.doCall(WaitForElementNotPresentKeyword.groovy:85)
	at com.kms.katalon.core.webui.keyword.builtin.WaitForElementNotPresentKeyword$_waitForElementNotPresent_closure1.doCall(WaitForElementNotPresentKeyword.groovy)
	at com.kms.katalon.core.webui.keyword.internal.WebUIKeywordMain.runKeyword(WebUIKeywordMain.groovy:20)
	at com.kms.katalon.core.webui.keyword.internal.WebUIKeywordMain$runKeyword.call(Unknown Source)
	at com.kms.katalon.core.webui.keyword.builtin.WaitForElementNotPresentKeyword.waitForElementNotPresent(WaitForElementNotPresentKeyword.groovy:114)
	at com.kms.katalon.core.webui.keyword.builtin.WaitForElementNotPresentKeyword.execute(WaitForElementNotPresentKeyword.groovy:68)
	at com.kms.katalon.core.keyword.internal.KeywordExecutor.executeKeywordForPlatform(KeywordExecutor.groovy:72)
	at com.kms.katalon.core.webui.keyword.WebUiBuiltInKeywords.waitForElementNotPresent(WebUiBuiltInKeywords.groovy:294)
	at com.kms.katalon.core.webui.keyword.WebUiBuiltInKeywords$waitForElementNotPresent$11.call(Unknown Source)
	at Script1570183414819.run(Script1570183414819.groovy:34)
	at com.kms.katalon.core.main.ScriptEngine.run(ScriptEngine.java:194)
	at com.kms.katalon.core.main.ScriptEngine.runScriptAsRawText(ScriptEngine.java:119)
	at com.kms.katalon.core.main.TestCaseExecutor.runScript(TestCaseExecutor.java:337)
	at com.kms.katalon.core.main.TestCaseExecutor.doExecute(TestCaseExecutor.java:328)
	at com.kms.katalon.core.main.TestCaseExecutor.processExecutionPhase(TestCaseExecutor.java:307)
	at com.kms.katalon.core.main.TestCaseExecutor.accessMainPhase(TestCaseExecutor.java:299)
	at com.kms.katalon.core.main.TestCaseExecutor.execute(TestCaseExecutor.java:233)
	at com.kms.katalon.core.main.TestCaseMain.runTestCase(TestCaseMain.java:114)
	at com.kms.katalon.core.keyword.builtin.CallTestCaseKeyword$_callTestCase_closure1.doCall(CallTestCaseKeyword.groovy:59)
	at com.kms.katalon.core.keyword.builtin.CallTestCaseKeyword$_callTestCase_closure1.call(CallTestCaseKeyword.groovy)
	at com.kms.katalon.core.keyword.internal.KeywordMain.runKeyword(KeywordMain.groovy:68)
	at com.kms.katalon.core.keyword.builtin.CallTestCaseKeyword.callTestCase(CallTestCaseKeyword.groovy:81)
	at com.kms.katalon.core.keyword.builtin.CallTestCaseKeyword.execute(CallTestCaseKeyword.groovy:44)
	at com.kms.katalon.core.keyword.internal.KeywordExecutor.executeKeywordForPlatform(KeywordExecutor.groovy:72)
	at com.kms.katalon.core.keyword.BuiltinKeywords.callTestCase(BuiltinKeywords.groovy:334)
	at Script1570183635490.run(Script1570183635490.groovy:36)
	at com.kms.katalon.core.main.ScriptEngine.run(ScriptEngine.java:194)
	at com.kms.katalon.core.main.ScriptEngine.runScriptAsRawText(ScriptEngine.java:119)
	at com.kms.katalon.core.main.TestCaseExecutor.runScript(TestCaseExecutor.java:337)
	at com.kms.katalon.core.main.TestCaseExecutor.doExecute(TestCaseExecutor.java:328)
	at com.kms.katalon.core.main.TestCaseExecutor.processExecutionPhase(TestCaseExecutor.java:307)
	at com.kms.katalon.core.main.TestCaseExecutor.accessMainPhase(TestCaseExecutor.java:299)
	at com.kms.katalon.core.main.TestCaseExecutor.execute(TestCaseExecutor.java:233)
	at com.kms.katalon.core.main.TestCaseMain.runTestCase(TestCaseMain.java:114)
	at com.kms.katalon.core.keyword.builtin.CallTestCaseKeyword$_callTestCase_closure1.doCall(CallTestCaseKeyword.groovy:59)
	at com.kms.katalon.core.keyword.builtin.CallTestCaseKeyword$_callTestCase_closure1.call(CallTestCaseKeyword.groovy)
	at com.kms.katalon.core.keyword.internal.KeywordMain.runKeyword(KeywordMain.groovy:68)
	at com.kms.katalon.core.keyword.builtin.CallTestCaseKeyword.callTestCase(CallTestCaseKeyword.groovy:81)
	at com.kms.katalon.core.keyword.builtin.CallTestCaseKeyword.execute(CallTestCaseKeyword.groovy:44)
	at com.kms.katalon.core.keyword.internal.KeywordExecutor.executeKeywordForPlatform(KeywordExecutor.groovy:72)
	at com.kms.katalon.core.keyword.BuiltinKeywords.callTestCase(BuiltinKeywords.groovy:334)
	at Script1570183635443.run(Script1570183635443.groovy:21)
	at com.kms.katalon.core.main.ScriptEngine.run(ScriptEngine.java:194)
	at com.kms.katalon.core.main.ScriptEngine.runScriptAsRawText(ScriptEngine.java:119)
	at com.kms.katalon.core.main.TestCaseExecutor.runScript(TestCaseExecutor.java:337)
	at com.kms.katalon.core.main.TestCaseExecutor.doExecute(TestCaseExecutor.java:328)
	at com.kms.katalon.core.main.TestCaseExecutor.processExecutionPhase(TestCaseExecutor.java:307)
	at com.kms.katalon.core.main.TestCaseExecutor.accessMainPhase(TestCaseExecutor.java:299)
	at com.kms.katalon.core.main.TestCaseExecutor.execute(TestCaseExecutor.java:233)
	at com.kms.katalon.core.main.TestCaseMain.runTestCase(TestCaseMain.java:114)
	at com.kms.katalon.core.keyword.builtin.CallTestCaseKeyword$_callTestCase_closure1.doCall(CallTestCaseKeyword.groovy:59)
	at com.kms.katalon.core.keyword.builtin.CallTestCaseKeyword$_callTestCase_closure1.call(CallTestCaseKeyword.groovy)
	at com.kms.katalon.core.keyword.internal.KeywordMain.runKeyword(KeywordMain.groovy:68)
	at com.kms.katalon.core.keyword.builtin.CallTestCaseKeyword.callTestCase(CallTestCaseKeyword.groovy:81)
	at com.kms.katalon.core.keyword.builtin.CallTestCaseKeyword.execute(CallTestCaseKeyword.groovy:44)
	at com.kms.katalon.core.keyword.internal.KeywordExecutor.executeKeywordForPlatform(KeywordExecutor.groovy:72)
	at com.kms.katalon.core.keyword.BuiltinKeywords.callTestCase(BuiltinKeywords.groovy:334)
	at Script1571908017636.run(Script1571908017636.groovy:30)
	... 13 more
)

2020-03-10 16:03:00 - [MESSAGE][WARNING] - Unable to wait for object 'Object Repository/CDB/Personal/Page_FormCDBPersonal/freeze_panel_save' to be not present (Root cause: com.kms.katalon.core.exception.StepFailedException: Unable to wait for object 'Object Repository/CDB/Personal/Page_FormCDBPersonal/freeze_panel_save' to be not present
	at com.kms.katalon.core.webui.keyword.internal.WebUIKeywordMain.stepFailed(WebUIKeywordMain.groovy:64)
	at com.kms.katalon.core.webui.keyword.internal.WebUIKeywordMain.runKeyword(WebUIKeywordMain.groovy:26)
	at com.kms.katalon.core.webui.keyword.internal.WebUIKeywordMain$runKeyword.call(Unknown Source)
	at com.kms.katalon.core.webui.keyword.builtin.WaitForElementNotPresentKeyword.waitForElementNotPresent(WaitForElementNotPresentKeyword.groovy:114)
	at com.kms.katalon.core.webui.keyword.builtin.WaitForElementNotPresentKeyword.execute(WaitForElementNotPresentKeyword.groovy:68)
	at com.kms.katalon.core.keyword.internal.KeywordExecutor.executeKeywordForPlatform(KeywordExecutor.groovy:72)
	at com.kms.katalon.core.webui.keyword.WebUiBuiltInKeywords.waitForElementNotPresent(WebUiBuiltInKeywords.groovy:294)
	at com.kms.katalon.core.webui.keyword.WebUiBuiltInKeywords$waitForElementNotPresent$11.call(Unknown Source)
	at ButtonSave.run(ButtonSave:34)
	at com.kms.katalon.core.main.ScriptEngine.run(ScriptEngine.java:194)
	at com.kms.katalon.core.main.ScriptEngine.runScriptAsRawText(ScriptEngine.java:119)
	at com.kms.katalon.core.main.TestCaseExecutor.runScript(TestCaseExecutor.java:337)
	at com.kms.katalon.core.main.TestCaseExecutor.doExecute(TestCaseExecutor.java:328)
	at com.kms.katalon.core.main.TestCaseExecutor.processExecutionPhase(TestCaseExecutor.java:307)
	at com.kms.katalon.core.main.TestCaseExecutor.accessMainPhase(TestCaseExecutor.java:299)
	at com.kms.katalon.core.main.TestCaseExecutor.execute(TestCaseExecutor.java:233)
	at com.kms.katalon.core.main.TestCaseMain.runTestCase(TestCaseMain.java:114)
	at com.kms.katalon.core.keyword.builtin.CallTestCaseKeyword$_callTestCase_closure1.doCall(CallTestCaseKeyword.groovy:59)
	at com.kms.katalon.core.keyword.builtin.CallTestCaseKeyword$_callTestCase_closure1.call(CallTestCaseKeyword.groovy)
	at com.kms.katalon.core.keyword.internal.KeywordMain.runKeyword(KeywordMain.groovy:68)
	at com.kms.katalon.core.keyword.builtin.CallTestCaseKeyword.callTestCase(CallTestCaseKeyword.groovy:81)
	at com.kms.katalon.core.keyword.builtin.CallTestCaseKeyword.execute(CallTestCaseKeyword.groovy:44)
	at com.kms.katalon.core.keyword.internal.KeywordExecutor.executeKeywordForPlatform(KeywordExecutor.groovy:72)
	at com.kms.katalon.core.keyword.BuiltinKeywords.callTestCase(BuiltinKeywords.groovy:334)
	at CDB_CMO_Personal.run(CDB_CMO_Personal:36)
	at com.kms.katalon.core.main.ScriptEngine.run(ScriptEngine.java:194)
	at com.kms.katalon.core.main.ScriptEngine.runScriptAsRawText(ScriptEngine.java:119)
	at com.kms.katalon.core.main.TestCaseExecutor.runScript(TestCaseExecutor.java:337)
	at com.kms.katalon.core.main.TestCaseExecutor.doExecute(TestCaseExecutor.java:328)
	at com.kms.katalon.core.main.TestCaseExecutor.processExecutionPhase(TestCaseExecutor.java:307)
	at com.kms.katalon.core.main.TestCaseExecutor.accessMainPhase(TestCaseExecutor.java:299)
	at com.kms.katalon.core.main.TestCaseExecutor.execute(TestCaseExecutor.java:233)
	at com.kms.katalon.core.main.TestCaseMain.runTestCase(TestCaseMain.java:114)
	at com.kms.katalon.core.keyword.builtin.CallTestCaseKeyword$_callTestCase_closure1.doCall(CallTestCaseKeyword.groovy:59)
	at com.kms.katalon.core.keyword.builtin.CallTestCaseKeyword$_callTestCase_closure1.call(CallTestCaseKeyword.groovy)
	at com.kms.katalon.core.keyword.internal.KeywordMain.runKeyword(KeywordMain.groovy:68)
	at com.kms.katalon.core.keyword.builtin.CallTestCaseKeyword.callTestCase(CallTestCaseKeyword.groovy:81)
	at com.kms.katalon.core.keyword.builtin.CallTestCaseKeyword.execute(CallTestCaseKeyword.groovy:44)
	at com.kms.katalon.core.keyword.internal.KeywordExecutor.executeKeywordForPlatform(KeywordExecutor.groovy:72)
	at com.kms.katalon.core.keyword.BuiltinKeywords.callTestCase(BuiltinKeywords.groovy:334)
	at CDB_CMO_Improved.run(CDB_CMO_Improved:21)
	at com.kms.katalon.core.main.ScriptEngine.run(ScriptEngine.java:194)
	at com.kms.katalon.core.main.ScriptEngine.runScriptAsRawText(ScriptEngine.java:119)
	at com.kms.katalon.core.main.TestCaseExecutor.runScript(TestCaseExecutor.java:337)
	at com.kms.katalon.core.main.TestCaseExecutor.doExecute(TestCaseExecutor.java:328)
	at com.kms.katalon.core.main.TestCaseExecutor.processExecutionPhase(TestCaseExecutor.java:307)
	at com.kms.katalon.core.main.TestCaseExecutor.accessMainPhase(TestCaseExecutor.java:299)
	at com.kms.katalon.core.main.TestCaseExecutor.execute(TestCaseExecutor.java:233)
	at com.kms.katalon.core.main.TestCaseMain.runTestCase(TestCaseMain.java:114)
	at com.kms.katalon.core.keyword.builtin.CallTestCaseKeyword$_callTestCase_closure1.doCall(CallTestCaseKeyword.groovy:59)
	at com.kms.katalon.core.keyword.builtin.CallTestCaseKeyword$_callTestCase_closure1.call(CallTestCaseKeyword.groovy)
	at com.kms.katalon.core.keyword.internal.KeywordMain.runKeyword(KeywordMain.groovy:68)
	at com.kms.katalon.core.keyword.builtin.CallTestCaseKeyword.callTestCase(CallTestCaseKeyword.groovy:81)
	at com.kms.katalon.core.keyword.builtin.CallTestCaseKeyword.execute(CallTestCaseKeyword.groovy:44)
	at com.kms.katalon.core.keyword.internal.KeywordExecutor.executeKeywordForPlatform(KeywordExecutor.groovy:72)
	at com.kms.katalon.core.keyword.BuiltinKeywords.callTestCase(BuiltinKeywords.groovy:334)
	at FullScenarioCDBv2.run(FullScenarioCDBv2:30)
	at com.kms.katalon.core.main.ScriptEngine.run(ScriptEngine.java:194)
	at com.kms.katalon.core.main.ScriptEngine.runScriptAsRawText(ScriptEngine.java:119)
	at com.kms.katalon.core.main.TestCaseExecutor.runScript(TestCaseExecutor.java:337)
	at com.kms.katalon.core.main.TestCaseExecutor.doExecute(TestCaseExecutor.java:328)
	at com.kms.katalon.core.main.TestCaseExecutor.processExecutionPhase(TestCaseExecutor.java:307)
	at com.kms.katalon.core.main.TestCaseExecutor.accessMainPhase(TestCaseExecutor.java:299)
	at com.kms.katalon.core.main.TestCaseExecutor.execute(TestCaseExecutor.java:233)
	at com.kms.katalon.core.main.TestSuiteExecutor.accessTestCaseMainPhase(TestSuiteExecutor.java:169)
	at com.kms.katalon.core.main.TestSuiteExecutor.accessTestSuiteMainPhase(TestSuiteExecutor.java:142)
	at com.kms.katalon.core.main.TestSuiteExecutor.execute(TestSuiteExecutor.java:91)
	at com.kms.katalon.core.main.TestCaseMain.startTestSuite(TestCaseMain.java:157)
	at com.kms.katalon.core.main.TestCaseMain$startTestSuite$0.call(Unknown Source)
	at TempTestSuite1583830456174.run(TempTestSuite1583830456174.groovy:36)
Caused by: org.openqa.selenium.UnhandledAlertException: unexpected alert open: {Alert text : Are you sure you want to Save?}
  (Session info: chrome=80.0.3987.132): Are you sure you want to Save?
Build info: version: '3.141.59', revision: 'e82be7d358', time: '2018-11-14T08:25:53'
System info: host: 'FID-LB214', ip: '192.168.0.109', os.name: 'Windows 7', os.arch: 'amd64', os.version: '6.1', java.version: '1.8.0_181'
Driver info: com.kms.katalon.selenium.driver.CChromeDriver
Capabilities {acceptInsecureCerts: false, browserName: chrome, browserVersion: 80.0.3987.132, chrome: {chromedriverVersion: 79.0.3945.36 (3582db32b3389..., userDataDir: C:\Users\as4011\AppData\Loc...}, goog:chromeOptions: {debuggerAddress: localhost:60008}, javascriptEnabled: true, networkConnectionEnabled: false, pageLoadStrategy: normal, platform: WINDOWS, platformName: WINDOWS, proxy: Proxy(), setWindowRect: true, strictFileInteractability: false, timeouts: {implicit: 0, pageLoad: 300000, script: 30000}, unhandledPromptBehavior: dismiss and notify}
Session ID: 68c3696d8a4d9ee22c673574a2d77204
*** Element info: {Using=xpath, value=id("modalPanelContentTable")/tbody[1]/tr[1]/td[@class="rich-mpnl-body"]/label[1][count(. | //label[(text() = '
Processing...' or . = '
Processing...')]) = count(//label[(text() = '
Processing...' or . = '
Processing...')])]}
	at org.openqa.selenium.remote.http.W3CHttpResponseCodec.decode(W3CHttpResponseCodec.java:120)
	at org.openqa.selenium.remote.http.W3CHttpResponseCodec.decode(W3CHttpResponseCodec.java:49)
	at org.openqa.selenium.remote.HttpCommandExecutor.execute(HttpCommandExecutor.java:158)
	at org.openqa.selenium.remote.service.DriverCommandExecutor.execute(DriverCommandExecutor.java:83)
	at org.openqa.selenium.remote.RemoteWebDriver.execute(RemoteWebDriver.java:552)
	at com.kms.katalon.selenium.driver.CChromeDriver.execute(CChromeDriver.java:19)
	at org.openqa.selenium.remote.RemoteWebDriver.findElement(RemoteWebDriver.java:323)
	at org.openqa.selenium.remote.RemoteWebDriver.findElementByXPath(RemoteWebDriver.java:428)
	at org.openqa.selenium.By$ByXPath.findElement(By.java:353)
	at org.openqa.selenium.remote.RemoteWebDriver.findElement(RemoteWebDriver.java:315)
	at org.openqa.selenium.support.events.EventFiringWebDriver.lambda$new$1(EventFiringWebDriver.java:105)
	at com.sun.proxy.$Proxy8.findElement(Unknown Source)
	at org.openqa.selenium.support.events.EventFiringWebDriver.findElement(EventFiringWebDriver.java:194)
	at org.openqa.selenium.WebDriver$findElement.call(Unknown Source)
	at com.kms.katalon.core.webui.keyword.builtin.WaitForElementNotPresentKeyword$1.apply(WaitForElementNotPresentKeyword.groovy:89)
	at com.kms.katalon.core.webui.keyword.builtin.WaitForElementNotPresentKeyword$1.apply(WaitForElementNotPresentKeyword.groovy)
	at org.openqa.selenium.support.ui.FluentWait.until(FluentWait.java:249)
	at org.openqa.selenium.support.ui.Wait$until.call(Unknown Source)
	at com.kms.katalon.core.webui.keyword.builtin.WaitForElementNotPresentKeyword$_waitForElementNotPresent_closure1.doCall(WaitForElementNotPresentKeyword.groovy:85)
	at com.kms.katalon.core.webui.keyword.builtin.WaitForElementNotPresentKeyword$_waitForElementNotPresent_closure1.doCall(WaitForElementNotPresentKeyword.groovy)
	at com.kms.katalon.core.webui.keyword.internal.WebUIKeywordMain.runKeyword(WebUIKeywordMain.groovy:20)
	at com.kms.katalon.core.webui.keyword.internal.WebUIKeywordMain$runKeyword.call(Unknown Source)
	at com.kms.katalon.core.webui.keyword.builtin.WaitForElementNotPresentKeyword.waitForElementNotPresent(WaitForElementNotPresentKeyword.groovy:114)
	at com.kms.katalon.core.webui.keyword.builtin.WaitForElementNotPresentKeyword.execute(WaitForElementNotPresentKeyword.groovy:68)
	at com.kms.katalon.core.keyword.internal.KeywordExecutor.executeKeywordForPlatform(KeywordExecutor.groovy:72)
	at com.kms.katalon.core.webui.keyword.WebUiBuiltInKeywords.waitForElementNotPresent(WebUiBuiltInKeywords.groovy:294)
	at com.kms.katalon.core.webui.keyword.WebUiBuiltInKeywords$waitForElementNotPresent$11.call(Unknown Source)
	at Script1570183414819.run(Script1570183414819.groovy:34)
	at com.kms.katalon.core.main.ScriptEngine.run(ScriptEngine.java:194)
	at com.kms.katalon.core.main.ScriptEngine.runScriptAsRawText(ScriptEngine.java:119)
	at com.kms.katalon.core.main.TestCaseExecutor.runScript(TestCaseExecutor.java:337)
	at com.kms.katalon.core.main.TestCaseExecutor.doExecute(TestCaseExecutor.java:328)
	at com.kms.katalon.core.main.TestCaseExecutor.processExecutionPhase(TestCaseExecutor.java:307)
	at com.kms.katalon.core.main.TestCaseExecutor.accessMainPhase(TestCaseExecutor.java:299)
	at com.kms.katalon.core.main.TestCaseExecutor.execute(TestCaseExecutor.java:233)
	at com.kms.katalon.core.main.TestCaseMain.runTestCase(TestCaseMain.java:114)
	at com.kms.katalon.core.keyword.builtin.CallTestCaseKeyword$_callTestCase_closure1.doCall(CallTestCaseKeyword.groovy:59)
	at com.kms.katalon.core.keyword.builtin.CallTestCaseKeyword$_callTestCase_closure1.call(CallTestCaseKeyword.groovy)
	at com.kms.katalon.core.keyword.internal.KeywordMain.runKeyword(KeywordMain.groovy:68)
	at com.kms.katalon.core.keyword.builtin.CallTestCaseKeyword.callTestCase(CallTestCaseKeyword.groovy:81)
	at com.kms.katalon.core.keyword.builtin.CallTestCaseKeyword.execute(CallTestCaseKeyword.groovy:44)
	at com.kms.katalon.core.keyword.internal.KeywordExecutor.executeKeywordForPlatform(KeywordExecutor.groovy:72)
	at com.kms.katalon.core.keyword.BuiltinKeywords.callTestCase(BuiltinKeywords.groovy:334)
	at Script1570183635490.run(Script1570183635490.groovy:36)
	at com.kms.katalon.core.main.ScriptEngine.run(ScriptEngine.java:194)
	at com.kms.katalon.core.main.ScriptEngine.runScriptAsRawText(ScriptEngine.java:119)
	at com.kms.katalon.core.main.TestCaseExecutor.runScript(TestCaseExecutor.java:337)
	at com.kms.katalon.core.main.TestCaseExecutor.doExecute(TestCaseExecutor.java:328)
	at com.kms.katalon.core.main.TestCaseExecutor.processExecutionPhase(TestCaseExecutor.java:307)
	at com.kms.katalon.core.main.TestCaseExecutor.accessMainPhase(TestCaseExecutor.java:299)
	at com.kms.katalon.core.main.TestCaseExecutor.execute(TestCaseExecutor.java:233)
	at com.kms.katalon.core.main.TestCaseMain.runTestCase(TestCaseMain.java:114)
	at com.kms.katalon.core.keyword.builtin.CallTestCaseKeyword$_callTestCase_closure1.doCall(CallTestCaseKeyword.groovy:59)
	at com.kms.katalon.core.keyword.builtin.CallTestCaseKeyword$_callTestCase_closure1.call(CallTestCaseKeyword.groovy)
	at com.kms.katalon.core.keyword.internal.KeywordMain.runKeyword(KeywordMain.groovy:68)
	at com.kms.katalon.core.keyword.builtin.CallTestCaseKeyword.callTestCase(CallTestCaseKeyword.groovy:81)
	at com.kms.katalon.core.keyword.builtin.CallTestCaseKeyword.execute(CallTestCaseKeyword.groovy:44)
	at com.kms.katalon.core.keyword.internal.KeywordExecutor.executeKeywordForPlatform(KeywordExecutor.groovy:72)
	at com.kms.katalon.core.keyword.BuiltinKeywords.callTestCase(BuiltinKeywords.groovy:334)
	at Script1570183635443.run(Script1570183635443.groovy:21)
	at com.kms.katalon.core.main.ScriptEngine.run(ScriptEngine.java:194)
	at com.kms.katalon.core.main.ScriptEngine.runScriptAsRawText(ScriptEngine.java:119)
	at com.kms.katalon.core.main.TestCaseExecutor.runScript(TestCaseExecutor.java:337)
	at com.kms.katalon.core.main.TestCaseExecutor.doExecute(TestCaseExecutor.java:328)
	at com.kms.katalon.core.main.TestCaseExecutor.processExecutionPhase(TestCaseExecutor.java:307)
	at com.kms.katalon.core.main.TestCaseExecutor.accessMainPhase(TestCaseExecutor.java:299)
	at com.kms.katalon.core.main.TestCaseExecutor.execute(TestCaseExecutor.java:233)
	at com.kms.katalon.core.main.TestCaseMain.runTestCase(TestCaseMain.java:114)
	at com.kms.katalon.core.keyword.builtin.CallTestCaseKeyword$_callTestCase_closure1.doCall(CallTestCaseKeyword.groovy:59)
	at com.kms.katalon.core.keyword.builtin.CallTestCaseKeyword$_callTestCase_closure1.call(CallTestCaseKeyword.groovy)
	at com.kms.katalon.core.keyword.internal.KeywordMain.runKeyword(KeywordMain.groovy:68)
	at com.kms.katalon.core.keyword.builtin.CallTestCaseKeyword.callTestCase(CallTestCaseKeyword.groovy:81)
	at com.kms.katalon.core.keyword.builtin.CallTestCaseKeyword.execute(CallTestCaseKeyword.groovy:44)
	at com.kms.katalon.core.keyword.internal.KeywordExecutor.executeKeywordForPlatform(KeywordExecutor.groovy:72)
	at com.kms.katalon.core.keyword.BuiltinKeywords.callTestCase(BuiltinKeywords.groovy:334)
	at Script1571908017636.run(Script1571908017636.groovy:30)
	... 13 more
)

2020-03-10 16:03:00 - [MESSAGE][PASSED] - Call Test Case 'Test Cases/CDB/FloatingButton/ButtonSave' successfully

2020-03-10 16:03:00 - [TEST_STEP][PASSED] - callTestCase(findTestCase("CDB/CDBPersonal/ComboBoxInput/Address/LegalAddress"), [:], STOP_ON_FAILURE): Call Test Case 'Test Cases/CDB/CDBPersonal/ComboBoxInput/Address/LegalAddress' successfully

2020-03-10 16:03:00 - [TEST_CASE][PASSED] - Test Cases/CDB/CDBPersonal/ComboBoxInput/Address/LegalAddress: Test Cases/CDB/CDBPersonal/ComboBoxInput/Address/LegalAddress

2020-03-10 16:03:00 - [TEST_STEP][PASSED] - waitForElementPresent(findTestObject("CDB/Personal/Page_FormCDBPersonal/img"), wait_js_long_time): Object 'Object Repository/CDB/Personal/Page_FormCDBPersonal/img' is present

2020-03-10 16:03:01 - [MESSAGE][PASSED] - Object 'Object Repository/CDB/Personal/Page_FormCDBPersonal/img' is present

2020-03-10 16:03:01 - [TEST_STEP][PASSED] - customKeywords.CustomKeywordJS.clickUsingJS(findTestObject("CDB/Personal/Page_FormCDBPersonal/img"), wait_js_long_time): customKeywords.CustomKeywordJS.clickUsingJS is PASSED

2020-03-10 16:03:01 - [MESSAGE][PASSED] - customKeywords.CustomKeywordJS.clickUsingJS is PASSED

2020-03-10 16:03:01 - [TEST_STEP][PASSED] - delay(wait_short_time): Delayed 3 second(s)

2020-03-10 16:03:04 - [MESSAGE][PASSED] - Delayed 3 second(s)

2020-03-10 16:03:04 - [TEST_STEP][PASSED] - waitForElementVisible(findTestObject("Object Repository/CDB/Personal/ComboBoxInput/Address/AddressTextArea"), wait_long_time): Object 'Object Repository/CDB/Personal/ComboBoxInput/Address/AddressTextArea' is visible

2020-03-10 16:03:05 - [MESSAGE][PASSED] - Object 'Object Repository/CDB/Personal/ComboBoxInput/Address/AddressTextArea' is visible

2020-03-10 16:03:05 - [TEST_STEP][PASSED] - setText(findTestObject("Object Repository/CDB/Personal/ComboBoxInput/Address/AddressTextArea"), "Jakarta"): Text 'Jakarta' is set on object 'Object Repository/CDB/Personal/ComboBoxInput/Address/AddressTextArea'

2020-03-10 16:03:06 - [MESSAGE][PASSED] - Text 'Jakarta' is set on object 'Object Repository/CDB/Personal/ComboBoxInput/Address/AddressTextArea'

2020-03-10 16:03:06 - [TEST_STEP][PASSED] - selectOptionByValue(findTestObject("Object Repository/CDB/Personal/ComboBoxInput/Address/Country"), "IDN", false): All options with value 'IDN' are selected in object 'Object Repository/CDB/Personal/ComboBoxInput/Address/Country' 

2020-03-10 16:03:06 - [MESSAGE][PASSED] - All options with value 'IDN' are selected in object 'Object Repository/CDB/Personal/ComboBoxInput/Address/Country' 

2020-03-10 16:03:07 - [TEST_STEP][PASSED] - delay(wait_short_time): Delayed 3 second(s)

2020-03-10 16:03:10 - [MESSAGE][PASSED] - Delayed 3 second(s)

2020-03-10 16:03:10 - [TEST_STEP][PASSED] - selectOptionByValue(findTestObject("Object Repository/CDB/Personal/ComboBoxInput/Address/Region"), "3172000000", false): All options with value '3172000000' are selected in object 'Object Repository/CDB/Personal/ComboBoxInput/Address/Region' 

2020-03-10 16:03:10 - [MESSAGE][PASSED] - All options with value '3172000000' are selected in object 'Object Repository/CDB/Personal/ComboBoxInput/Address/Region' 

2020-03-10 16:03:10 - [TEST_STEP][PASSED] - delay(wait_short_time): Delayed 3 second(s)

2020-03-10 16:03:13 - [MESSAGE][PASSED] - Delayed 3 second(s)

2020-03-10 16:03:13 - [TEST_STEP][PASSED] - selectOptionByValue(findTestObject("Object Repository/CDB/Personal/ComboBoxInput/Address/District"), "3172010000", false): All options with value '3172010000' are selected in object 'Object Repository/CDB/Personal/ComboBoxInput/Address/District' 

2020-03-10 16:03:14 - [MESSAGE][PASSED] - All options with value '3172010000' are selected in object 'Object Repository/CDB/Personal/ComboBoxInput/Address/District' 

2020-03-10 16:03:14 - [TEST_STEP][PASSED] - delay(wait_short_time): Delayed 3 second(s)

2020-03-10 16:03:17 - [MESSAGE][PASSED] - Delayed 3 second(s)

2020-03-10 16:03:17 - [TEST_STEP][PASSED] - selectOptionByValue(findTestObject("Object Repository/CDB/Personal/ComboBoxInput/Address/SubDistrick"), "3172011005", false): All options with value '3172011005' are selected in object 'Object Repository/CDB/Personal/ComboBoxInput/Address/SubDistrick' 

2020-03-10 16:03:18 - [MESSAGE][PASSED] - All options with value '3172011005' are selected in object 'Object Repository/CDB/Personal/ComboBoxInput/Address/SubDistrick' 

2020-03-10 16:03:18 - [TEST_STEP][PASSED] - setText(findTestObject("Object Repository/CDB/Personal/ComboBoxInput/Address/RT"), "009"): Text '009' is set on object 'Object Repository/CDB/Personal/ComboBoxInput/Address/RT'

2020-03-10 16:03:18 - [MESSAGE][PASSED] - Text '009' is set on object 'Object Repository/CDB/Personal/ComboBoxInput/Address/RT'

2020-03-10 16:03:18 - [TEST_STEP][PASSED] - setText(findTestObject("Object Repository/CDB/Personal/ComboBoxInput/Address/RW"), "099"): Text '099' is set on object 'Object Repository/CDB/Personal/ComboBoxInput/Address/RW'

2020-03-10 16:03:19 - [MESSAGE][PASSED] - Text '099' is set on object 'Object Repository/CDB/Personal/ComboBoxInput/Address/RW'

2020-03-10 16:03:19 - [TEST_STEP][PASSED] - callTestCase(findTestCase("CDB/CDBPersonal/ComboBoxInput/Address/Telephone"), [:], STOP_ON_FAILURE): Call Test Case 'Test Cases/CDB/CDBPersonal/ComboBoxInput/Address/Telephone' successfully

2020-03-10 16:03:19 - [TEST_CASE][PASSED] - Test Cases/CDB/CDBPersonal/ComboBoxInput/Address/Telephone: Test Cases/CDB/CDBPersonal/ComboBoxInput/Address/Telephone

2020-03-10 16:03:19 - [TEST_STEP][PASSED] - click(findTestObject("Object Repository/CDB/Personal/ComboBoxInput/Address/AddPhone")): Object: 'Object Repository/CDB/Personal/ComboBoxInput/Address/AddPhone' is clicked on

2020-03-10 16:03:20 - [MESSAGE][PASSED] - Object: 'Object Repository/CDB/Personal/ComboBoxInput/Address/AddPhone' is clicked on

2020-03-10 16:03:20 - [TEST_STEP][PASSED] - selectOptionByValue(findTestObject("Object Repository/CDB/Personal/ComboBoxInput/Address/PhoneType"), "MOBPH", false): All options with value 'MOBPH' are selected in object 'Object Repository/CDB/Personal/ComboBoxInput/Address/PhoneType' 

2020-03-10 16:03:21 - [MESSAGE][PASSED] - All options with value 'MOBPH' are selected in object 'Object Repository/CDB/Personal/ComboBoxInput/Address/PhoneType' 

2020-03-10 16:03:21 - [TEST_STEP][PASSED] - sendKeys(findTestObject("Object Repository/CDB/Personal/ComboBoxInput/Address/PhoneNo"), "0982039812"): Keys '0982039812' sent to object: 'Object Repository/CDB/Personal/ComboBoxInput/Address/PhoneNo'

2020-03-10 16:03:21 - [MESSAGE][PASSED] - Keys '0982039812' sent to object: 'Object Repository/CDB/Personal/ComboBoxInput/Address/PhoneNo'

2020-03-10 16:03:21 - [TEST_STEP][NOT_RUN] - click(findTestObject("CDB/Personal/Page_FormCDBPersonal/input_frmMainbtnAddPhone_phone")): NOT_RUN: click(findTestObject("CDB/Personal/Page_FormCDBPersonal/input_frmMainbtnAddPhone_phone"))

2020-03-10 16:03:21 - [MESSAGE][NOT_RUN] - NOT_RUN: click(findTestObject("CDB/Personal/Page_FormCDBPersonal/input_frmMainbtnAddPhone_phone"))

2020-03-10 16:03:21 - [TEST_STEP][NOT_RUN] - selectOptionByValue(findTestObject("CDB/Personal/Page_FormCDBPersonal/select_FAXMOBILE PHONEPHONETEL_1"), "FAX00", true): NOT_RUN: selectOptionByValue(findTestObject("CDB/Personal/Page_FormCDBPersonal/select_FAXMOBILE PHONEPHONETEL_1"), "FAX00", true)

2020-03-10 16:03:21 - [MESSAGE][NOT_RUN] - NOT_RUN: selectOptionByValue(findTestObject("CDB/Personal/Page_FormCDBPersonal/select_FAXMOBILE PHONEPHONETEL_1"), "FAX00", true)

2020-03-10 16:03:21 - [TEST_STEP][NOT_RUN] - setText(findTestObject("CDB/Personal/Page_FormCDBPersonal/input_frmMaintblPhone_phone1tx"), "8729387123"): NOT_RUN: setText(findTestObject("CDB/Personal/Page_FormCDBPersonal/input_frmMaintblPhone_phone1tx"), "8729387123")

2020-03-10 16:03:21 - [MESSAGE][NOT_RUN] - NOT_RUN: setText(findTestObject("CDB/Personal/Page_FormCDBPersonal/input_frmMaintblPhone_phone1tx"), "8729387123")

2020-03-10 16:03:21 - [TEST_STEP][NOT_RUN] - click(findTestObject("CDB/Personal/Page_FormCDBPersonal/input_frmMainbtnAddPhone_phone")): NOT_RUN: click(findTestObject("CDB/Personal/Page_FormCDBPersonal/input_frmMainbtnAddPhone_phone"))

2020-03-10 16:03:21 - [MESSAGE][NOT_RUN] - NOT_RUN: click(findTestObject("CDB/Personal/Page_FormCDBPersonal/input_frmMainbtnAddPhone_phone"))

2020-03-10 16:03:21 - [TEST_STEP][NOT_RUN] - selectOptionByValue(findTestObject("CDB/Personal/Page_FormCDBPersonal/select_FAXMOBILE PHONEPHONETEL_2"), "PHONE", true): NOT_RUN: selectOptionByValue(findTestObject("CDB/Personal/Page_FormCDBPersonal/select_FAXMOBILE PHONEPHONETEL_2"), "PHONE", true)

2020-03-10 16:03:21 - [MESSAGE][NOT_RUN] - NOT_RUN: selectOptionByValue(findTestObject("CDB/Personal/Page_FormCDBPersonal/select_FAXMOBILE PHONEPHONETEL_2"), "PHONE", true)

2020-03-10 16:03:21 - [TEST_STEP][NOT_RUN] - setText(findTestObject("CDB/Personal/Page_FormCDBPersonal/input_frmMaintblPhone_phone2tx"), "7693812312"): NOT_RUN: setText(findTestObject("CDB/Personal/Page_FormCDBPersonal/input_frmMaintblPhone_phone2tx"), "7693812312")

2020-03-10 16:03:21 - [MESSAGE][NOT_RUN] - NOT_RUN: setText(findTestObject("CDB/Personal/Page_FormCDBPersonal/input_frmMaintblPhone_phone2tx"), "7693812312")

2020-03-10 16:03:21 - [TEST_STEP][NOT_RUN] - setText(findTestObject("CDB/Personal/Page_FormCDBPersonal/input_frmMaintblPhone_phone2tx_1"), "023"): NOT_RUN: setText(findTestObject("CDB/Personal/Page_FormCDBPersonal/input_frmMaintblPhone_phone2tx_1"), "023")

2020-03-10 16:03:21 - [MESSAGE][NOT_RUN] - NOT_RUN: setText(findTestObject("CDB/Personal/Page_FormCDBPersonal/input_frmMaintblPhone_phone2tx_1"), "023")

2020-03-10 16:03:21 - [TEST_STEP][NOT_RUN] - click(findTestObject("CDB/Personal/Page_FormCDBPersonal/input_frmMainbtnAddPhone_phone")): NOT_RUN: click(findTestObject("CDB/Personal/Page_FormCDBPersonal/input_frmMainbtnAddPhone_phone"))

2020-03-10 16:03:21 - [MESSAGE][NOT_RUN] - NOT_RUN: click(findTestObject("CDB/Personal/Page_FormCDBPersonal/input_frmMainbtnAddPhone_phone"))

2020-03-10 16:03:21 - [TEST_STEP][NOT_RUN] - selectOptionByValue(findTestObject("CDB/Personal/Page_FormCDBPersonal/select_FAXMOBILE PHONEPHONETEL_3"), "TELEX", true): NOT_RUN: selectOptionByValue(findTestObject("CDB/Personal/Page_FormCDBPersonal/select_FAXMOBILE PHONEPHONETEL_3"), "TELEX", true)

2020-03-10 16:03:21 - [MESSAGE][NOT_RUN] - NOT_RUN: selectOptionByValue(findTestObject("CDB/Personal/Page_FormCDBPersonal/select_FAXMOBILE PHONEPHONETEL_3"), "TELEX", true)

2020-03-10 16:03:21 - [TEST_STEP][NOT_RUN] - setText(findTestObject("CDB/Personal/Page_FormCDBPersonal/input_frmMaintblPhone_phone3tx"), "98723123"): NOT_RUN: setText(findTestObject("CDB/Personal/Page_FormCDBPersonal/input_frmMaintblPhone_phone3tx"), "98723123")

2020-03-10 16:03:21 - [MESSAGE][NOT_RUN] - NOT_RUN: setText(findTestObject("CDB/Personal/Page_FormCDBPersonal/input_frmMaintblPhone_phone3tx"), "98723123")

2020-03-10 16:03:21 - [TEST_STEP][NOT_RUN] - click(findTestObject("CDB/Personal/Page_FormCDBPersonal/input_frmMaintblPhone_phone3bt")): NOT_RUN: click(findTestObject("CDB/Personal/Page_FormCDBPersonal/input_frmMaintblPhone_phone3bt"))

2020-03-10 16:03:21 - [MESSAGE][NOT_RUN] - NOT_RUN: click(findTestObject("CDB/Personal/Page_FormCDBPersonal/input_frmMaintblPhone_phone3bt"))

2020-03-10 16:03:21 - [MESSAGE][PASSED] - Call Test Case 'Test Cases/CDB/CDBPersonal/ComboBoxInput/Address/Telephone' successfully

2020-03-10 16:03:21 - [TEST_STEP][PASSED] - delay(wait_long_time): Delayed 10 second(s)

2020-03-10 16:03:31 - [MESSAGE][PASSED] - Delayed 10 second(s)

2020-03-10 16:03:31 - [TEST_STEP][PASSED] - click(findTestObject("Object Repository/CDB/Personal/ComboBoxInput/Address/SaveButton")): Switching to default content failed because an alert is presented on page. Please switch to default content after dealing with the alert.

2020-03-10 16:03:32 - [MESSAGE][PASSED] - Object: 'Object Repository/CDB/Personal/ComboBoxInput/Address/SaveButton' is clicked on

2020-03-10 16:03:32 - [MESSAGE][WARNING] - Switching to default content failed because an alert is presented on page. Please switch to default content after dealing with the alert.

2020-03-10 16:03:32 - [TEST_STEP][PASSED] - acceptAlert(): Alert accepted

2020-03-10 16:03:32 - [MESSAGE][PASSED] - Alert accepted

2020-03-10 16:03:32 - [TEST_STEP][PASSED] - delay(wait_long_time): Delayed 10 second(s)

2020-03-10 16:03:42 - [MESSAGE][PASSED] - Delayed 10 second(s)

2020-03-10 16:03:42 - [MESSAGE][PASSED] - Call Test Case 'Test Cases/CDB/CDBPersonal/ComboBoxInput/Address/LegalAddress' successfully

2020-03-10 16:03:42 - [TEST_STEP][PASSED] - callTestCase(findTestCase("CDB/CDBPersonal/ComboBoxInput/BankStatement/BankStatement"), ["CustomerName":CustomerName], STOP_ON_FAILURE): Call Test Case 'Test Cases/CDB/CDBPersonal/ComboBoxInput/BankStatement/BankStatement' successfully

2020-03-10 16:03:42 - [TEST_CASE][PASSED] - Test Cases/CDB/CDBPersonal/ComboBoxInput/BankStatement/BankStatement: Test Cases/CDB/CDBPersonal/ComboBoxInput/BankStatement/BankStatement

2020-03-10 16:03:43 - [TEST_STEP][PASSED] - switchToDefaultContent(): null

2020-03-10 16:03:43 - [TEST_STEP][PASSED] - scrollToElement(findTestObject("CDB/Personal/Page_FormCDBPersonal/img_frmMaintblDocChecking0idch"), wait_short_time): Scroll to object 'Object Repository/CDB/Personal/Page_FormCDBPersonal/img_frmMaintblDocChecking0idch' successfully

2020-03-10 16:03:43 - [MESSAGE][PASSED] - Scroll to object 'Object Repository/CDB/Personal/Page_FormCDBPersonal/img_frmMaintblDocChecking0idch' successfully

2020-03-10 16:03:43 - [TEST_STEP][PASSED] - selectOptionByLabel(findTestObject("CDB/Personal/Page_FormCDBPersonal/select_AddressBank StatementGu"), "Bank Statement", false): All options with label 'Bank Statement' are selected in object 'Object Repository/CDB/Personal/Page_FormCDBPersonal/select_AddressBank StatementGu' 

2020-03-10 16:03:44 - [MESSAGE][PASSED] - All options with label 'Bank Statement' are selected in object 'Object Repository/CDB/Personal/Page_FormCDBPersonal/select_AddressBank StatementGu' 

2020-03-10 16:03:44 - [TEST_STEP][PASSED] - delay(wait_short_time): Delayed 3 second(s)

2020-03-10 16:03:47 - [MESSAGE][PASSED] - Delayed 3 second(s)

2020-03-10 16:03:47 - [TEST_STEP][PASSED] - customKeywords.CustomKeywordJS.clickUsingJS(findTestObject("CDB/Personal/Page_FormCDBPersonal/img"), wait_js_long_time): customKeywords.CustomKeywordJS.clickUsingJS is PASSED

2020-03-10 16:03:47 - [MESSAGE][PASSED] - customKeywords.CustomKeywordJS.clickUsingJS is PASSED

2020-03-10 16:03:47 - [TEST_STEP][PASSED] - delay(wait_short_time): Delayed 3 second(s)

2020-03-10 16:03:50 - [MESSAGE][PASSED] - Delayed 3 second(s)

2020-03-10 16:03:50 - [TEST_STEP][PASSED] - waitForElementClickable(findTestObject("Object Repository/CDB/Personal/ComboBoxInput/BANKStatement/BANKName"), wait_short_time): Object 'Object Repository/CDB/Personal/ComboBoxInput/BANKStatement/BANKName' is clickable

2020-03-10 16:03:51 - [MESSAGE][PASSED] - Object 'Object Repository/CDB/Personal/ComboBoxInput/BANKStatement/BANKName' is clickable

2020-03-10 16:03:51 - [TEST_STEP][PASSED] - selectOptionByValue(findTestObject("Object Repository/CDB/Personal/ComboBoxInput/BANKStatement/BANKName"), "13", false): All options with value '13' are selected in object 'Object Repository/CDB/Personal/ComboBoxInput/BANKStatement/BANKName' 

2020-03-10 16:03:52 - [MESSAGE][PASSED] - All options with value '13' are selected in object 'Object Repository/CDB/Personal/ComboBoxInput/BANKStatement/BANKName' 

2020-03-10 16:03:52 - [TEST_STEP][PASSED] - setText(findTestObject("Object Repository/CDB/Personal/ComboBoxInput/BANKStatement/AccountNo"), "09283123"): Text '09283123' is set on object 'Object Repository/CDB/Personal/ComboBoxInput/BANKStatement/AccountNo'

2020-03-10 16:03:52 - [MESSAGE][PASSED] - Text '09283123' is set on object 'Object Repository/CDB/Personal/ComboBoxInput/BANKStatement/AccountNo'

2020-03-10 16:03:52 - [TEST_STEP][PASSED] - setText(findTestObject("Object Repository/CDB/Personal/ComboBoxInput/BANKStatement/AccountName"), CustomerName): Text 'HENDRO' is set on object 'Object Repository/CDB/Personal/ComboBoxInput/BANKStatement/AccountName'

2020-03-10 16:03:53 - [MESSAGE][PASSED] - Text 'HENDRO' is set on object 'Object Repository/CDB/Personal/ComboBoxInput/BANKStatement/AccountName'

2020-03-10 16:03:53 - [TEST_STEP][PASSED] - setText(findTestObject("Object Repository/CDB/Personal/ComboBoxInput/BANKStatement/MinimumOSBalance"), "400,000"): Text '400,000' is set on object 'Object Repository/CDB/Personal/ComboBoxInput/BANKStatement/MinimumOSBalance'

2020-03-10 16:03:54 - [MESSAGE][PASSED] - Text '400,000' is set on object 'Object Repository/CDB/Personal/ComboBoxInput/BANKStatement/MinimumOSBalance'

2020-03-10 16:03:54 - [TEST_STEP][PASSED] - setText(findTestObject("Object Repository/CDB/Personal/ComboBoxInput/BANKStatement/LatestOSBalance"), "200,000,000"): Text '200,000,000' is set on object 'Object Repository/CDB/Personal/ComboBoxInput/BANKStatement/LatestOSBalance'

2020-03-10 16:03:55 - [MESSAGE][PASSED] - Text '200,000,000' is set on object 'Object Repository/CDB/Personal/ComboBoxInput/BANKStatement/LatestOSBalance'

2020-03-10 16:03:55 - [TEST_STEP][PASSED] - click(findTestObject("Object Repository/CDB/Personal/ComboBoxInput/BANKStatement/SaveButton")): Switching to default content failed because an alert is presented on page. Please switch to default content after dealing with the alert.

2020-03-10 16:03:56 - [MESSAGE][PASSED] - Object: 'Object Repository/CDB/Personal/ComboBoxInput/BANKStatement/SaveButton' is clicked on

2020-03-10 16:03:56 - [MESSAGE][WARNING] - Switching to default content failed because an alert is presented on page. Please switch to default content after dealing with the alert.

2020-03-10 16:03:56 - [TEST_STEP][PASSED] - acceptAlert(): Alert accepted

2020-03-10 16:03:56 - [MESSAGE][PASSED] - Alert accepted

2020-03-10 16:03:56 - [TEST_STEP][PASSED] - delay(wait_long_time): Delayed 10 second(s)

2020-03-10 16:04:06 - [MESSAGE][PASSED] - Delayed 10 second(s)

2020-03-10 16:04:06 - [MESSAGE][PASSED] - Call Test Case 'Test Cases/CDB/CDBPersonal/ComboBoxInput/BankStatement/BankStatement' successfully

2020-03-10 16:04:06 - [TEST_STEP][PASSED] - callTestCase(findTestCase("CDB/CDBPersonal/ComboBoxInput/Occupation/Occupation"), [:], STOP_ON_FAILURE): Call Test Case 'Test Cases/CDB/CDBPersonal/ComboBoxInput/Occupation/Occupation' successfully

2020-03-10 16:04:06 - [TEST_CASE][PASSED] - Test Cases/CDB/CDBPersonal/ComboBoxInput/Occupation/Occupation: Test Cases/CDB/CDBPersonal/ComboBoxInput/Occupation/Occupation

2020-03-10 16:04:07 - [TEST_STEP][PASSED] - switchToDefaultContent(): null

2020-03-10 16:04:07 - [TEST_STEP][PASSED] - scrollToElement(findTestObject("CDB/Personal/Page_FormCDBPersonal/img_frmMaintblDocChecking0idch"), wait_short_time): Scroll to object 'Object Repository/CDB/Personal/Page_FormCDBPersonal/img_frmMaintblDocChecking0idch' successfully

2020-03-10 16:04:07 - [MESSAGE][PASSED] - Scroll to object 'Object Repository/CDB/Personal/Page_FormCDBPersonal/img_frmMaintblDocChecking0idch' successfully

2020-03-10 16:04:07 - [TEST_STEP][PASSED] - selectOptionByValue(findTestObject("CDB/Personal/Page_FormCDBPersonal/select_AddressBank StatementGu"), "/CIF/Personal/Occupation/list.xhtml", false): All options with value '/CIF/Personal/Occupation/list.xhtml' are selected in object 'Object Repository/CDB/Personal/Page_FormCDBPersonal/select_AddressBank StatementGu' 

2020-03-10 16:04:08 - [MESSAGE][PASSED] - All options with value '/CIF/Personal/Occupation/list.xhtml' are selected in object 'Object Repository/CDB/Personal/Page_FormCDBPersonal/select_AddressBank StatementGu' 

2020-03-10 16:04:08 - [TEST_STEP][PASSED] - delay(wait_short_time): Delayed 3 second(s)

2020-03-10 16:04:11 - [MESSAGE][PASSED] - Delayed 3 second(s)

2020-03-10 16:04:11 - [TEST_STEP][PASSED] - click(findTestObject("CDB/Personal/Page_FormCDBPersonal/img")): Object: 'Object Repository/CDB/Personal/Page_FormCDBPersonal/img' is clicked on

2020-03-10 16:04:11 - [MESSAGE][PASSED] - Object: 'Object Repository/CDB/Personal/Page_FormCDBPersonal/img' is clicked on

2020-03-10 16:04:11 - [TEST_STEP][PASSED] - delay(wait_short_time): Delayed 3 second(s)

2020-03-10 16:04:14 - [MESSAGE][PASSED] - Delayed 3 second(s)

2020-03-10 16:04:14 - [TEST_STEP][PASSED] - selectOptionByValue(findTestObject("Object Repository/CDB/Personal/ComboBoxInput/Occupation/EmploymentType"), "ENTER", false): All options with value 'ENTER' are selected in object 'Object Repository/CDB/Personal/ComboBoxInput/Occupation/EmploymentType' 

2020-03-10 16:04:16 - [MESSAGE][PASSED] - All options with value 'ENTER' are selected in object 'Object Repository/CDB/Personal/ComboBoxInput/Occupation/EmploymentType' 

2020-03-10 16:04:16 - [TEST_STEP][PASSED] - delay(wait_short_time): Delayed 3 second(s)

2020-03-10 16:04:19 - [MESSAGE][PASSED] - Delayed 3 second(s)

2020-03-10 16:04:19 - [TEST_STEP][PASSED] - selectOptionByIndex(findTestObject("Object Repository/CDB/Personal/ComboBoxInput/Occupation/BusinessField"), 3): All options with index in [3] are selected on object 'Object Repository/CDB/Personal/ComboBoxInput/Occupation/BusinessField'

2020-03-10 16:04:20 - [MESSAGE][PASSED] - All options with index in [3] are selected on object 'Object Repository/CDB/Personal/ComboBoxInput/Occupation/BusinessField'

2020-03-10 16:04:20 - [TEST_STEP][PASSED] - setText(findTestObject("Object Repository/CDB/Personal/ComboBoxInput/Occupation/CompanyName"), "N13R 4UT0M4T4"): Text 'N13R 4UT0M4T4' is set on object 'Object Repository/CDB/Personal/ComboBoxInput/Occupation/CompanyName'

2020-03-10 16:04:20 - [MESSAGE][PASSED] - Text 'N13R 4UT0M4T4' is set on object 'Object Repository/CDB/Personal/ComboBoxInput/Occupation/CompanyName'

2020-03-10 16:04:20 - [TEST_STEP][PASSED] - setText(findTestObject("Object Repository/CDB/Personal/ComboBoxInput/Occupation/DurationWork"), "5"): Text '5' is set on object 'Object Repository/CDB/Personal/ComboBoxInput/Occupation/DurationWork'

2020-03-10 16:04:21 - [MESSAGE][PASSED] - Text '5' is set on object 'Object Repository/CDB/Personal/ComboBoxInput/Occupation/DurationWork'

2020-03-10 16:04:21 - [TEST_STEP][PASSED] - setText(findTestObject("Object Repository/CDB/Personal/ComboBoxInput/Occupation/MonthlyIncome"), "10,000,0000"): Text '10,000,0000' is set on object 'Object Repository/CDB/Personal/ComboBoxInput/Occupation/MonthlyIncome'

2020-03-10 16:04:22 - [MESSAGE][PASSED] - Text '10,000,0000' is set on object 'Object Repository/CDB/Personal/ComboBoxInput/Occupation/MonthlyIncome'

2020-03-10 16:04:22 - [TEST_STEP][PASSED] - setText(findTestObject("Object Repository/CDB/Personal/ComboBoxInput/Occupation/OtherIncome"), "2,000,000"): Text '2,000,000' is set on object 'Object Repository/CDB/Personal/ComboBoxInput/Occupation/OtherIncome'

2020-03-10 16:04:23 - [MESSAGE][PASSED] - Text '2,000,000' is set on object 'Object Repository/CDB/Personal/ComboBoxInput/Occupation/OtherIncome'

2020-03-10 16:04:23 - [TEST_STEP][PASSED] - setText(findTestObject("Object Repository/CDB/Personal/ComboBoxInput/Occupation/FulyPaidUnit"), "3"): Text '3' is set on object 'Object Repository/CDB/Personal/ComboBoxInput/Occupation/FulyPaidUnit'

2020-03-10 16:04:24 - [MESSAGE][PASSED] - Text '3' is set on object 'Object Repository/CDB/Personal/ComboBoxInput/Occupation/FulyPaidUnit'

2020-03-10 16:04:24 - [TEST_STEP][PASSED] - click(findTestObject("Object Repository/CDB/Personal/ComboBoxInput/Occupation/SaveButton")): Switching to default content failed because an alert is presented on page. Please switch to default content after dealing with the alert.

2020-03-10 16:04:24 - [MESSAGE][PASSED] - Object: 'Object Repository/CDB/Personal/ComboBoxInput/Occupation/SaveButton' is clicked on

2020-03-10 16:04:24 - [MESSAGE][WARNING] - Switching to default content failed because an alert is presented on page. Please switch to default content after dealing with the alert.

2020-03-10 16:04:24 - [TEST_STEP][PASSED] - acceptAlert(): Alert accepted

2020-03-10 16:04:24 - [MESSAGE][PASSED] - Alert accepted

2020-03-10 16:04:24 - [MESSAGE][PASSED] - Call Test Case 'Test Cases/CDB/CDBPersonal/ComboBoxInput/Occupation/Occupation' successfully

2020-03-10 16:04:24 - [TEST_STEP][PASSED] - callTestCase(findTestCase("CDB/CDBPersonal/ComboBoxInput/Payer/Payer"), [:], STOP_ON_FAILURE): Call Test Case 'Test Cases/CDB/CDBPersonal/ComboBoxInput/Payer/Payer' successfully

2020-03-10 16:04:25 - [TEST_CASE][PASSED] - Test Cases/CDB/CDBPersonal/ComboBoxInput/Payer/Payer: Test Cases/CDB/CDBPersonal/ComboBoxInput/Payer/Payer

2020-03-10 16:04:25 - [TEST_STEP][PASSED] - switchToDefaultContent(): null

2020-03-10 16:04:25 - [TEST_STEP][PASSED] - scrollToElement(findTestObject("CDB/Personal/Page_FormCDBPersonal/img_frmMaintblDocChecking0idch"), wait_short_time): Scroll to object 'Object Repository/CDB/Personal/Page_FormCDBPersonal/img_frmMaintblDocChecking0idch' successfully

2020-03-10 16:04:25 - [MESSAGE][PASSED] - Scroll to object 'Object Repository/CDB/Personal/Page_FormCDBPersonal/img_frmMaintblDocChecking0idch' successfully

2020-03-10 16:04:25 - [TEST_STEP][PASSED] - selectOptionByValue(findTestObject("CDB/Personal/Page_FormCDBPersonal/select_AddressBank StatementGu"), "/CIF/Personal/Payer/list.xhtml", true): All options with value '/CIF/Personal/Payer/list.xhtml' are selected in object 'Object Repository/CDB/Personal/Page_FormCDBPersonal/select_AddressBank StatementGu'  using regular expression

2020-03-10 16:04:26 - [MESSAGE][PASSED] - All options with value '/CIF/Personal/Payer/list.xhtml' are selected in object 'Object Repository/CDB/Personal/Page_FormCDBPersonal/select_AddressBank StatementGu'  using regular expression

2020-03-10 16:04:26 - [TEST_STEP][PASSED] - delay(wait_short_time): Delayed 3 second(s)

2020-03-10 16:04:29 - [MESSAGE][PASSED] - Delayed 3 second(s)

2020-03-10 16:04:29 - [TEST_STEP][PASSED] - click(findTestObject("CDB/Personal/Page_FormCDBPersonal/img")): Object: 'Object Repository/CDB/Personal/Page_FormCDBPersonal/img' is clicked on

2020-03-10 16:04:37 - [MESSAGE][PASSED] - Object: 'Object Repository/CDB/Personal/Page_FormCDBPersonal/img' is clicked on

2020-03-10 16:04:37 - [TEST_STEP][PASSED] - delay(wait_short_time): Delayed 3 second(s)

2020-03-10 16:04:40 - [MESSAGE][PASSED] - Delayed 3 second(s)

2020-03-10 16:04:40 - [TEST_STEP][PASSED] - setText(findTestObject("Object Repository/CDB/Personal/ComboBoxInput/Payer/Description"), "Lessor as Payer"): Text 'Lessor as Payer' is set on object 'Object Repository/CDB/Personal/ComboBoxInput/Payer/Description'

2020-03-10 16:04:41 - [MESSAGE][PASSED] - Text 'Lessor as Payer' is set on object 'Object Repository/CDB/Personal/ComboBoxInput/Payer/Description'

2020-03-10 16:04:41 - [TEST_STEP][PASSED] - click(findTestObject("Object Repository/CDB/Personal/ComboBoxInput/Payer/SaveButton")): Switching to default content failed because an alert is presented on page. Please switch to default content after dealing with the alert.

2020-03-10 16:04:41 - [MESSAGE][PASSED] - Object: 'Object Repository/CDB/Personal/ComboBoxInput/Payer/SaveButton' is clicked on

2020-03-10 16:04:41 - [MESSAGE][WARNING] - Switching to default content failed because an alert is presented on page. Please switch to default content after dealing with the alert.

2020-03-10 16:04:41 - [TEST_STEP][PASSED] - acceptAlert(): Alert accepted

2020-03-10 16:04:41 - [MESSAGE][PASSED] - Alert accepted

2020-03-10 16:04:41 - [MESSAGE][PASSED] - Call Test Case 'Test Cases/CDB/CDBPersonal/ComboBoxInput/Payer/Payer' successfully

2020-03-10 16:04:41 - [TEST_STEP][PASSED] - callTestCase(findTestCase("CDB/CDBPersonal/ComboBoxInput/SurveyInterview/SurveyInterview"), [:], STOP_ON_FAILURE): Call Test Case 'Test Cases/CDB/CDBPersonal/ComboBoxInput/SurveyInterview/SurveyInterview' successfully

2020-03-10 16:04:41 - [TEST_CASE][PASSED] - Test Cases/CDB/CDBPersonal/ComboBoxInput/SurveyInterview/SurveyInterview: Test Cases/CDB/CDBPersonal/ComboBoxInput/SurveyInterview/SurveyInterview

2020-03-10 16:04:42 - [TEST_STEP][PASSED] - switchToDefaultContent(): null

2020-03-10 16:04:42 - [TEST_STEP][PASSED] - scrollToElement(findTestObject("CDB/Personal/Page_FormCDBPersonal/img_frmMaintblDocChecking0idch"), wait_short_time): Scroll to object 'Object Repository/CDB/Personal/Page_FormCDBPersonal/img_frmMaintblDocChecking0idch' successfully

2020-03-10 16:04:42 - [MESSAGE][PASSED] - Scroll to object 'Object Repository/CDB/Personal/Page_FormCDBPersonal/img_frmMaintblDocChecking0idch' successfully

2020-03-10 16:04:42 - [TEST_STEP][PASSED] - selectOptionByValue(findTestObject("CDB/Personal/Page_FormCDBPersonal/select_AddressBank StatementGu"), "/CIF/Personal/SurveyInterview/list.xhtml", true): All options with value '/CIF/Personal/SurveyInterview/list.xhtml' are selected in object 'Object Repository/CDB/Personal/Page_FormCDBPersonal/select_AddressBank StatementGu'  using regular expression

2020-03-10 16:04:44 - [MESSAGE][PASSED] - All options with value '/CIF/Personal/SurveyInterview/list.xhtml' are selected in object 'Object Repository/CDB/Personal/Page_FormCDBPersonal/select_AddressBank StatementGu'  using regular expression

2020-03-10 16:04:44 - [TEST_STEP][PASSED] - delay(wait_short_time): Delayed 3 second(s)

2020-03-10 16:04:47 - [MESSAGE][PASSED] - Delayed 3 second(s)

2020-03-10 16:04:47 - [TEST_STEP][PASSED] - click(findTestObject("CDB/Personal/Page_FormCDBPersonal/img")): Object: 'Object Repository/CDB/Personal/Page_FormCDBPersonal/img' is clicked on

2020-03-10 16:04:47 - [MESSAGE][PASSED] - Object: 'Object Repository/CDB/Personal/Page_FormCDBPersonal/img' is clicked on

2020-03-10 16:04:47 - [TEST_STEP][PASSED] - delay(wait_short_time): Delayed 3 second(s)

2020-03-10 16:04:50 - [MESSAGE][PASSED] - Delayed 3 second(s)

2020-03-10 16:04:50 - [TEST_STEP][PASSED] - selectOptionByValue(findTestObject("Object Repository/CDB/Personal/ComboBoxInput/SurveyAndInterview/Type"), "SURVY", false): All options with value 'SURVY' are selected in object 'Object Repository/CDB/Personal/ComboBoxInput/SurveyAndInterview/Type' 

2020-03-10 16:04:51 - [MESSAGE][PASSED] - All options with value 'SURVY' are selected in object 'Object Repository/CDB/Personal/ComboBoxInput/SurveyAndInterview/Type' 

2020-03-10 16:04:51 - [TEST_STEP][PASSED] - setText(findTestObject("Object Repository/CDB/Personal/ComboBoxInput/SurveyAndInterview/Name"), "ARNOLD"): Text 'ARNOLD' is set on object 'Object Repository/CDB/Personal/ComboBoxInput/SurveyAndInterview/Name'

2020-03-10 16:04:51 - [MESSAGE][PASSED] - Text 'ARNOLD' is set on object 'Object Repository/CDB/Personal/ComboBoxInput/SurveyAndInterview/Name'

2020-03-10 16:04:51 - [TEST_STEP][PASSED] - setText(findTestObject("Object Repository/CDB/Personal/ComboBoxInput/SurveyAndInterview/Place"), "HOME/OFFICE"): Text 'HOME/OFFICE' is set on object 'Object Repository/CDB/Personal/ComboBoxInput/SurveyAndInterview/Place'

2020-03-10 16:04:52 - [MESSAGE][PASSED] - Text 'HOME/OFFICE' is set on object 'Object Repository/CDB/Personal/ComboBoxInput/SurveyAndInterview/Place'

2020-03-10 16:04:52 - [TEST_STEP][PASSED] - customKeywords.CustomKeywordJS.setDateUsingJSIframe(findTestObject("Object Repository/CDB/Personal/ComboBoxInput/SurveyAndInterview/IframeSurveyAndInterview"), findTestObject("Object Repository/CDB/Personal/ComboBoxInput/SurveyAndInterview/Date"), "Nov 18, 2018", wait_js_long_time): customKeywords.CustomKeywordJS.setDateUsingJSIframe is PASSED

2020-03-10 16:04:53 - [MESSAGE][PASSED] - customKeywords.CustomKeywordJS.setDateUsingJSIframe is PASSED

2020-03-10 16:04:53 - [TEST_STEP][PASSED] - click(findTestObject("Object Repository/CDB/Personal/ComboBoxInput/SurveyAndInterview/SaveButton")): Switching to default content failed because an alert is presented on page. Please switch to default content after dealing with the alert.

2020-03-10 16:04:54 - [MESSAGE][PASSED] - Object: 'Object Repository/CDB/Personal/ComboBoxInput/SurveyAndInterview/SaveButton' is clicked on

2020-03-10 16:04:54 - [MESSAGE][WARNING] - Switching to default content failed because an alert is presented on page. Please switch to default content after dealing with the alert.

2020-03-10 16:04:54 - [TEST_STEP][PASSED] - acceptAlert(): Alert accepted

2020-03-10 16:04:54 - [MESSAGE][PASSED] - Alert accepted

2020-03-10 16:04:54 - [TEST_STEP][PASSED] - delay(wait_short_time): Delayed 3 second(s)

2020-03-10 16:04:57 - [MESSAGE][PASSED] - Delayed 3 second(s)

2020-03-10 16:04:57 - [TEST_STEP][PASSED] - switchToDefaultContent(): null

2020-03-10 16:04:57 - [TEST_STEP][PASSED] - scrollToElement(findTestObject("CDB/Personal/Page_FormCDBPersonal/img_frmMaintblDocChecking0idch"), wait_short_time): Scroll to object 'Object Repository/CDB/Personal/Page_FormCDBPersonal/img_frmMaintblDocChecking0idch' successfully

2020-03-10 16:04:57 - [MESSAGE][PASSED] - Scroll to object 'Object Repository/CDB/Personal/Page_FormCDBPersonal/img_frmMaintblDocChecking0idch' successfully

2020-03-10 16:04:57 - [TEST_STEP][PASSED] - click(findTestObject("CDB/Personal/Page_FormCDBPersonal/img")): Object: 'Object Repository/CDB/Personal/Page_FormCDBPersonal/img' is clicked on

2020-03-10 16:04:58 - [MESSAGE][PASSED] - Object: 'Object Repository/CDB/Personal/Page_FormCDBPersonal/img' is clicked on

2020-03-10 16:04:58 - [TEST_STEP][PASSED] - delay(wait_short_time): Delayed 3 second(s)

2020-03-10 16:05:01 - [MESSAGE][PASSED] - Delayed 3 second(s)

2020-03-10 16:05:01 - [TEST_STEP][PASSED] - setText(findTestObject("Object Repository/CDB/Personal/ComboBoxInput/SurveyAndInterview/Name"), "VAN DAMME"): Text 'VAN DAMME' is set on object 'Object Repository/CDB/Personal/ComboBoxInput/SurveyAndInterview/Name'

2020-03-10 16:05:01 - [MESSAGE][PASSED] - Text 'VAN DAMME' is set on object 'Object Repository/CDB/Personal/ComboBoxInput/SurveyAndInterview/Name'

2020-03-10 16:05:01 - [TEST_STEP][PASSED] - setText(findTestObject("Object Repository/CDB/Personal/ComboBoxInput/SurveyAndInterview/Place"), "Jakarta"): Text 'Jakarta' is set on object 'Object Repository/CDB/Personal/ComboBoxInput/SurveyAndInterview/Place'

2020-03-10 16:05:02 - [MESSAGE][PASSED] - Text 'Jakarta' is set on object 'Object Repository/CDB/Personal/ComboBoxInput/SurveyAndInterview/Place'

2020-03-10 16:05:02 - [TEST_STEP][PASSED] - customKeywords.CustomKeywordJS.setDateUsingJSIframe(findTestObject("Object Repository/CDB/Personal/ComboBoxInput/SurveyAndInterview/IframeSurveyAndInterview"), findTestObject("Object Repository/CDB/Personal/ComboBoxInput/SurveyAndInterview/Date"), "Nov 18, 2018", wait_js_long_time): customKeywords.CustomKeywordJS.setDateUsingJSIframe is PASSED

2020-03-10 16:05:03 - [MESSAGE][PASSED] - customKeywords.CustomKeywordJS.setDateUsingJSIframe is PASSED

2020-03-10 16:05:03 - [TEST_STEP][PASSED] - click(findTestObject("Object Repository/CDB/Personal/ComboBoxInput/SurveyAndInterview/SaveButton")): Switching to default content failed because an alert is presented on page. Please switch to default content after dealing with the alert.

2020-03-10 16:05:03 - [MESSAGE][PASSED] - Object: 'Object Repository/CDB/Personal/ComboBoxInput/SurveyAndInterview/SaveButton' is clicked on

2020-03-10 16:05:03 - [MESSAGE][WARNING] - Switching to default content failed because an alert is presented on page. Please switch to default content after dealing with the alert.

2020-03-10 16:05:03 - [TEST_STEP][PASSED] - acceptAlert(): Alert accepted

2020-03-10 16:05:03 - [MESSAGE][PASSED] - Alert accepted

2020-03-10 16:05:03 - [MESSAGE][PASSED] - Call Test Case 'Test Cases/CDB/CDBPersonal/ComboBoxInput/SurveyInterview/SurveyInterview' successfully

2020-03-10 16:05:03 - [TEST_STEP][PASSED] - callTestCase(findTestCase("CDB/FloatingButton/ButtonSendNext"), [:], STOP_ON_FAILURE): Call Test Case 'Test Cases/CDB/FloatingButton/ButtonSendNext' successfully

2020-03-10 16:05:03 - [TEST_CASE][PASSED] - Test Cases/CDB/FloatingButton/ButtonSendNext: Test Cases/CDB/FloatingButton/ButtonSendNext

2020-03-10 16:05:04 - [TEST_STEP][PASSED] - switchToDefaultContent(): null

2020-03-10 16:05:04 - [TEST_STEP][PASSED] - customKeywords.CustomKeywordJS.clickUsingJS(findTestObject("CDB/Personal/Page_FormCDBPersonal/input_frmMainbtnA_wfNextSaveFi"), wait_js_long_time): customKeywords.CustomKeywordJS.clickUsingJS is PASSED

2020-03-10 16:05:04 - [MESSAGE][PASSED] - customKeywords.CustomKeywordJS.clickUsingJS is PASSED

2020-03-10 16:05:04 - [TEST_STEP][PASSED] - waitForAlert(wait_short_time): Alert is present after 3 second(s).

2020-03-10 16:05:04 - [MESSAGE][PASSED] - Alert is present after 3 second(s).

2020-03-10 16:05:04 - [TEST_STEP][PASSED] - acceptAlert(): Alert accepted

2020-03-10 16:05:04 - [MESSAGE][PASSED] - Alert accepted

2020-03-10 16:05:04 - [TEST_STEP][PASSED] - waitForElementNotPresent(findTestObject("CDB/Personal/Page_FormCDBPersonal/input_frmMainbtnA_wfNextSaveFi"), wait_js_long_time, OPTIONAL): Web element with id: 'Object Repository/CDB/Personal/Page_FormCDBPersonal/input_frmMainbtnA_wfNextSaveFi' located by 'By.xpath: //*[@id="frmMain:btnA_wfNextSaveFirstExec"]' is not present after '30' second(s)

2020-03-10 16:05:22 - [MESSAGE][PASSED] - Web element with id: 'Object Repository/CDB/Personal/Page_FormCDBPersonal/input_frmMainbtnA_wfNextSaveFi' located by 'By.xpath: //*[@id="frmMain:btnA_wfNextSaveFirstExec"]' is not present after '30' second(s)

2020-03-10 16:05:22 - [MESSAGE][PASSED] - Call Test Case 'Test Cases/CDB/FloatingButton/ButtonSendNext' successfully

2020-03-10 16:05:22 - [TEST_STEP][NOT_RUN] - callTestCase(findTestCase("LoginLogout/Logout"), ["isCloseBrowser":false], STOP_ON_FAILURE): NOT_RUN: callTestCase(findTestCase("LoginLogout/Logout"), ["isCloseBrowser":false], STOP_ON_FAILURE)

2020-03-10 16:05:22 - [MESSAGE][NOT_RUN] - NOT_RUN: callTestCase(findTestCase("LoginLogout/Logout"), ["isCloseBrowser":false], STOP_ON_FAILURE)

2020-03-10 16:05:22 - [MESSAGE][PASSED] - Call Test Case 'Test Cases/CDB/MainTestCase/CDB_CMO_Personal' successfully

2020-03-10 16:05:22 - [MESSAGE][PASSED] - Call Test Case 'Test Cases/CDB/MainTestCase/CDB_CMO_Improved' successfully

2020-03-10 16:05:22 - [TEST_STEP][PASSED] - callTestCase(findTestCase("LoginLogout/Logout"), ["isCloseBrowser":true], STOP_ON_FAILURE): Call Test Case 'Test Cases/LoginLogout/Logout' successfully

2020-03-10 16:05:23 - [TEST_CASE][PASSED] - Test Cases/LoginLogout/Logout: Test Cases/LoginLogout/Logout

2020-03-10 16:05:23 - [TEST_STEP][PASSED] - waitForPageLoad(wait_long_time): Wait for page load successfully

2020-03-10 16:05:23 - [MESSAGE][PASSED] - Wait for page load successfully

2020-03-10 16:05:23 - [TEST_STEP][PASSED] - delay(wait_short_time): Delayed 3 second(s)

2020-03-10 16:05:26 - [MESSAGE][PASSED] - Delayed 3 second(s)

2020-03-10 16:05:26 - [TEST_STEP][PASSED] - waitForElementVisible(findTestObject("LoginLogout/Page_ Logout/a_Logout"), wait_js_long_time): Object 'Object Repository/LoginLogout/Page_ Logout/a_Logout' is visible

2020-03-10 16:05:26 - [MESSAGE][PASSED] - Object 'Object Repository/LoginLogout/Page_ Logout/a_Logout' is visible

2020-03-10 16:05:26 - [TEST_STEP][PASSED] - customKeywords.CustomKeywordJS.clickUsingJS(findTestObject("LoginLogout/Page_ Logout/a_Logout"), wait_js_long_time): customKeywords.CustomKeywordJS.clickUsingJS is PASSED

2020-03-10 16:05:26 - [MESSAGE][PASSED] - customKeywords.CustomKeywordJS.clickUsingJS is PASSED

2020-03-10 16:05:26 - [MESSAGE][PASSED] - Call Test Case 'Test Cases/LoginLogout/Logout' successfully

2020-03-10 16:05:26 - [TEST_STEP][PASSED] - callTestCase(findTestCase("LoginLogout/Login"), ["username":BA, "isOpenBrowser":false, "finPass":"Mbf137??"], STOP_ON_FAILURE): Call Test Case 'Test Cases/LoginLogout/Login' successfully

2020-03-10 16:05:26 - [TEST_CASE][PASSED] - Test Cases/LoginLogout/Login: Test Cases/LoginLogout/Login

2020-03-10 16:05:26 - [TEST_STEP][PASSED] - try: Navigate to 'http://192.168.0.100:8080/Fintegrity' successfully

2020-03-10 16:05:26 - [TEST_STEP][PASSED] - navigateToUrl(Fintegrity): Navigate to 'http://192.168.0.100:8080/Fintegrity' successfully

2020-03-10 16:05:27 - [MESSAGE][PASSED] - Navigate to 'http://192.168.0.100:8080/Fintegrity' successfully

2020-03-10 16:05:27 - [TEST_STEP][PASSED] - driver = getWebDriver(): null

2020-03-10 16:05:27 - [TEST_STEP][PASSED] - baseUrl = "http://192.168.11.24:8080/Fintegrity/login.xhtml": null

2020-03-10 16:05:27 - [TEST_STEP][PASSED] - selenium = new com.thoughtworks.selenium.webdriven.WebDriverBackedSelenium(driver, baseUrl): null

2020-03-10 16:05:27 - [TEST_STEP][PASSED] - waitForElementClickable(findTestObject("Object Repository/LoginLogout/Page_ Login/input_frmMainbtnLogin"), 90, STOP_ON_FAILURE): Object 'Object Repository/LoginLogout/Page_ Login/input_frmMainbtnLogin' is clickable

2020-03-10 16:05:27 - [MESSAGE][PASSED] - Object 'Object Repository/LoginLogout/Page_ Login/input_frmMainbtnLogin' is clickable

2020-03-10 16:05:27 - [TEST_STEP][PASSED] - selenium.type("id=frmMain:userName", username): null

2020-03-10 16:05:27 - [TEST_STEP][PASSED] - selenium.type("id=frmMain:password", "Mbf137??"): null

2020-03-10 16:05:28 - [TEST_STEP][PASSED] - if (verifyElementClickable(findTestObject("Object Repository/LoginLogout/Page_ Login/input_frmMainbtnLogin"))): null

2020-03-10 16:05:28 - [MESSAGE][PASSED] - Object 'Object Repository/LoginLogout/Page_ Login/input_frmMainbtnLogin' is clickable

2020-03-10 16:05:28 - [TEST_STEP][PASSED] - customKeywords.CustomKeywordJS.clickUsingJS(findTestObject("Object Repository/LoginLogout/Page_ Login/input_frmMainbtnLogin"), wait_js_long_time): customKeywords.CustomKeywordJS.clickUsingJS is PASSED

2020-03-10 16:05:28 - [MESSAGE][PASSED] - customKeywords.CustomKeywordJS.clickUsingJS is PASSED

2020-03-10 16:05:28 - [TEST_STEP][PASSED] - delay(10): Delayed 10 second(s)

2020-03-10 16:05:38 - [MESSAGE][PASSED] - Delayed 10 second(s)

2020-03-10 16:05:38 - [MESSAGE][PASSED] - Call Test Case 'Test Cases/LoginLogout/Login' successfully

2020-03-10 16:05:38 - [TEST_STEP][FAILED] - callTestCase(findTestCase("CDB/MainTestCase/CDB_BA"), ["BranchAdmin":BA, "CustomerName":CustomerName, "CustomerType":CustomerType], STOP_ON_FAILURE): Unable to call Test Case 'Test Cases/CDB/MainTestCase/CDB_BA' (Root cause: com.kms.katalon.core.exception.StepErrorException: Call Test Case 'Test Cases/CDB/MainTestCase/CDB_BA' failed because of error(s)
	at com.kms.katalon.core.keyword.builtin.CallTestCaseKeyword$_callTestCase_closure1.doCall(CallTestCaseKeyword.groovy:66)
	at com.kms.katalon.core.keyword.builtin.CallTestCaseKeyword$_callTestCase_closure1.call(CallTestCaseKeyword.groovy)
	at com.kms.katalon.core.keyword.internal.KeywordMain.runKeyword(KeywordMain.groovy:68)
	at com.kms.katalon.core.keyword.builtin.CallTestCaseKeyword.callTestCase(CallTestCaseKeyword.groovy:81)
	at com.kms.katalon.core.keyword.builtin.CallTestCaseKeyword.execute(CallTestCaseKeyword.groovy:44)
	at com.kms.katalon.core.keyword.internal.KeywordExecutor.executeKeywordForPlatform(KeywordExecutor.groovy:72)
	at com.kms.katalon.core.keyword.BuiltinKeywords.callTestCase(BuiltinKeywords.groovy:334)
	at FullScenarioCDBv2.run(FullScenarioCDBv2:39)
	at com.kms.katalon.core.main.ScriptEngine.run(ScriptEngine.java:194)
	at com.kms.katalon.core.main.ScriptEngine.runScriptAsRawText(ScriptEngine.java:119)
	at com.kms.katalon.core.main.TestCaseExecutor.runScript(TestCaseExecutor.java:337)
	at com.kms.katalon.core.main.TestCaseExecutor.doExecute(TestCaseExecutor.java:328)
	at com.kms.katalon.core.main.TestCaseExecutor.processExecutionPhase(TestCaseExecutor.java:307)
	at com.kms.katalon.core.main.TestCaseExecutor.accessMainPhase(TestCaseExecutor.java:299)
	at com.kms.katalon.core.main.TestCaseExecutor.execute(TestCaseExecutor.java:233)
	at com.kms.katalon.core.main.TestSuiteExecutor.accessTestCaseMainPhase(TestSuiteExecutor.java:169)
	at com.kms.katalon.core.main.TestSuiteExecutor.accessTestSuiteMainPhase(TestSuiteExecutor.java:142)
	at com.kms.katalon.core.main.TestSuiteExecutor.execute(TestSuiteExecutor.java:91)
	at com.kms.katalon.core.main.TestCaseMain.startTestSuite(TestCaseMain.java:157)
	at com.kms.katalon.core.main.TestCaseMain$startTestSuite$0.call(Unknown Source)
	at TempTestSuite1583830456174.run(TempTestSuite1583830456174.groovy:36)
Caused by: com.kms.katalon.core.exception.StepErrorException: Call Test Case 'Test Cases/CDB/HomeTaskCDB/HomeTaskImproved' failed because of error(s)
	at com.kms.katalon.core.keyword.builtin.CallTestCaseKeyword$_callTestCase_closure1.doCall(CallTestCaseKeyword.groovy:66)
	at com.kms.katalon.core.keyword.builtin.CallTestCaseKeyword$_callTestCase_closure1.call(CallTestCaseKeyword.groovy)
	at com.kms.katalon.core.keyword.internal.KeywordMain.runKeyword(KeywordMain.groovy:68)
	at com.kms.katalon.core.keyword.builtin.CallTestCaseKeyword.callTestCase(CallTestCaseKeyword.groovy:81)
	at com.kms.katalon.core.keyword.builtin.CallTestCaseKeyword.execute(CallTestCaseKeyword.groovy:44)
	at com.kms.katalon.core.keyword.internal.KeywordExecutor.executeKeywordForPlatform(KeywordExecutor.groovy:72)
	at com.kms.katalon.core.keyword.BuiltinKeywords.callTestCase(BuiltinKeywords.groovy:334)
	at CDB_BA.run(CDB_BA:24)
	at com.kms.katalon.core.main.ScriptEngine.run(ScriptEngine.java:194)
	at com.kms.katalon.core.main.ScriptEngine.runScriptAsRawText(ScriptEngine.java:119)
	at com.kms.katalon.core.main.TestCaseExecutor.runScript(TestCaseExecutor.java:337)
	at com.kms.katalon.core.main.TestCaseExecutor.doExecute(TestCaseExecutor.java:328)
	at com.kms.katalon.core.main.TestCaseExecutor.processExecutionPhase(TestCaseExecutor.java:307)
	at com.kms.katalon.core.main.TestCaseExecutor.accessMainPhase(TestCaseExecutor.java:299)
	at com.kms.katalon.core.main.TestCaseExecutor.execute(TestCaseExecutor.java:233)
	at com.kms.katalon.core.main.TestCaseMain.runTestCase(TestCaseMain.java:114)
	at com.kms.katalon.core.keyword.builtin.CallTestCaseKeyword$_callTestCase_closure1.doCall(CallTestCaseKeyword.groovy:59)
	... 20 more
Caused by: com.kms.katalon.core.exception.StepErrorException: Call Test Case 'Test Cases/CDB/HomeTaskCDB/TaskPanelCdbPersonal' failed because of error(s)
	at com.kms.katalon.core.keyword.builtin.CallTestCaseKeyword$_callTestCase_closure1.doCall(CallTestCaseKeyword.groovy:66)
	at com.kms.katalon.core.keyword.builtin.CallTestCaseKeyword$_callTestCase_closure1.call(CallTestCaseKeyword.groovy)
	at com.kms.katalon.core.keyword.internal.KeywordMain.runKeyword(KeywordMain.groovy:68)
	at com.kms.katalon.core.keyword.builtin.CallTestCaseKeyword.callTestCase(CallTestCaseKeyword.groovy:81)
	at com.kms.katalon.core.keyword.builtin.CallTestCaseKeyword.execute(CallTestCaseKeyword.groovy:44)
	at com.kms.katalon.core.keyword.internal.KeywordExecutor.executeKeywordForPlatform(KeywordExecutor.groovy:72)
	at com.kms.katalon.core.keyword.BuiltinKeywords.callTestCase(BuiltinKeywords.groovy:334)
	at HomeTaskImproved.run(HomeTaskImproved:17)
	at com.kms.katalon.core.main.ScriptEngine.run(ScriptEngine.java:194)
	at com.kms.katalon.core.main.ScriptEngine.runScriptAsRawText(ScriptEngine.java:119)
	at com.kms.katalon.core.main.TestCaseExecutor.runScript(TestCaseExecutor.java:337)
	at com.kms.katalon.core.main.TestCaseExecutor.doExecute(TestCaseExecutor.java:328)
	at com.kms.katalon.core.main.TestCaseExecutor.processExecutionPhase(TestCaseExecutor.java:307)
	at com.kms.katalon.core.main.TestCaseExecutor.accessMainPhase(TestCaseExecutor.java:299)
	at com.kms.katalon.core.main.TestCaseExecutor.execute(TestCaseExecutor.java:233)
	at com.kms.katalon.core.main.TestCaseMain.runTestCase(TestCaseMain.java:114)
	at com.kms.katalon.core.keyword.builtin.CallTestCaseKeyword$_callTestCase_closure1.doCall(CallTestCaseKeyword.groovy:59)
	... 36 more
Caused by: org.codehaus.groovy.runtime.InvokerInvocationException: com.kms.katalon.core.webui.exception.WebElementNotFoundException: Web element with id: 'Object Repository/CDB/Personal/Page_HomeTask_CDBPersonal/open_task' located by 'By.xpath: id("frmMain:CIFPersonalSearchResult_switch_off")[count(. | //div[@id = 'frmMain:CIFPersonalSearchResult_switch_off']) = count(//div[@id = 'frmMain:CIFPersonalSearchResult_switch_off'])]' not found
	at customKeywords.CustomKeywordJS.invokeMethod(CustomKeywordJS.groovy)
	at com.kms.katalon.core.main.CustomKeywordDelegatingMetaClass.invokeStaticMethod(CustomKeywordDelegatingMetaClass.java:50)
	at TaskPanelCdbPersonal.run(TaskPanelCdbPersonal:54)
	at com.kms.katalon.core.main.ScriptEngine.run(ScriptEngine.java:194)
	at com.kms.katalon.core.main.ScriptEngine.runScriptAsRawText(ScriptEngine.java:119)
	at com.kms.katalon.core.main.TestCaseExecutor.runScript(TestCaseExecutor.java:337)
	at com.kms.katalon.core.main.TestCaseExecutor.doExecute(TestCaseExecutor.java:328)
	at com.kms.katalon.core.main.TestCaseExecutor.processExecutionPhase(TestCaseExecutor.java:307)
	at com.kms.katalon.core.main.TestCaseExecutor.accessMainPhase(TestCaseExecutor.java:299)
	at com.kms.katalon.core.main.TestCaseExecutor.execute(TestCaseExecutor.java:233)
	at com.kms.katalon.core.main.TestCaseMain.runTestCase(TestCaseMain.java:114)
	at com.kms.katalon.core.keyword.builtin.CallTestCaseKeyword$_callTestCase_closure1.doCall(CallTestCaseKeyword.groovy:59)
	... 52 more
Caused by: com.kms.katalon.core.webui.exception.WebElementNotFoundException: Web element with id: 'Object Repository/CDB/Personal/Page_HomeTask_CDBPersonal/open_task' located by 'By.xpath: id("frmMain:CIFPersonalSearchResult_switch_off")[count(. | //div[@id = 'frmMain:CIFPersonalSearchResult_switch_off']) = count(//div[@id = 'frmMain:CIFPersonalSearchResult_switch_off'])]' not found
	at com.kms.katalon.core.webui.common.WebUiCommonHelper.findWebElement(WebUiCommonHelper.java:1154)
	at com.kms.katalon.core.webui.common.WebUiCommonHelper$findWebElement$0.call(Unknown Source)
	at customKeywords.CustomKeywordJS.clickUsingJS(CustomKeywordJS.groovy:38)
	... 64 more
)

2020-03-10 16:05:38 - [TEST_CASE][ERROR] - Test Cases/CDB/MainTestCase/CDB_BA: Test Cases/CDB/MainTestCase/CDB_BA FAILED.
Reason:
com.kms.katalon.core.exception.StepErrorException: Call Test Case 'Test Cases/CDB/HomeTaskCDB/HomeTaskImproved' failed because of error(s)
	at com.kms.katalon.core.keyword.builtin.CallTestCaseKeyword$_callTestCase_closure1.doCall(CallTestCaseKeyword.groovy:66)
	at com.kms.katalon.core.keyword.builtin.CallTestCaseKeyword$_callTestCase_closure1.call(CallTestCaseKeyword.groovy)
	at com.kms.katalon.core.keyword.internal.KeywordMain.runKeyword(KeywordMain.groovy:68)
	at com.kms.katalon.core.keyword.builtin.CallTestCaseKeyword.callTestCase(CallTestCaseKeyword.groovy:81)
	at com.kms.katalon.core.keyword.builtin.CallTestCaseKeyword.execute(CallTestCaseKeyword.groovy:44)
	at com.kms.katalon.core.keyword.internal.KeywordExecutor.executeKeywordForPlatform(KeywordExecutor.groovy:72)
	at com.kms.katalon.core.keyword.BuiltinKeywords.callTestCase(BuiltinKeywords.groovy:334)
	at CDB_BA.run(CDB_BA:24)
	at com.kms.katalon.core.main.ScriptEngine.run(ScriptEngine.java:194)
	at com.kms.katalon.core.main.ScriptEngine.runScriptAsRawText(ScriptEngine.java:119)
	at com.kms.katalon.core.main.TestCaseExecutor.runScript(TestCaseExecutor.java:337)
	at com.kms.katalon.core.main.TestCaseExecutor.doExecute(TestCaseExecutor.java:328)
	at com.kms.katalon.core.main.TestCaseExecutor.processExecutionPhase(TestCaseExecutor.java:307)
	at com.kms.katalon.core.main.TestCaseExecutor.accessMainPhase(TestCaseExecutor.java:299)
	at com.kms.katalon.core.main.TestCaseExecutor.execute(TestCaseExecutor.java:233)
	at com.kms.katalon.core.main.TestCaseMain.runTestCase(TestCaseMain.java:114)
	at com.kms.katalon.core.keyword.builtin.CallTestCaseKeyword$_callTestCase_closure1.doCall(CallTestCaseKeyword.groovy:59)
	at com.kms.katalon.core.keyword.builtin.CallTestCaseKeyword$_callTestCase_closure1.call(CallTestCaseKeyword.groovy)
	at com.kms.katalon.core.keyword.internal.KeywordMain.runKeyword(KeywordMain.groovy:68)
	at com.kms.katalon.core.keyword.builtin.CallTestCaseKeyword.callTestCase(CallTestCaseKeyword.groovy:81)
	at com.kms.katalon.core.keyword.builtin.CallTestCaseKeyword.execute(CallTestCaseKeyword.groovy:44)
	at com.kms.katalon.core.keyword.internal.KeywordExecutor.executeKeywordForPlatform(KeywordExecutor.groovy:72)
	at com.kms.katalon.core.keyword.BuiltinKeywords.callTestCase(BuiltinKeywords.groovy:334)
	at FullScenarioCDBv2.run(FullScenarioCDBv2:39)
	at com.kms.katalon.core.main.ScriptEngine.run(ScriptEngine.java:194)
	at com.kms.katalon.core.main.ScriptEngine.runScriptAsRawText(ScriptEngine.java:119)
	at com.kms.katalon.core.main.TestCaseExecutor.runScript(TestCaseExecutor.java:337)
	at com.kms.katalon.core.main.TestCaseExecutor.doExecute(TestCaseExecutor.java:328)
	at com.kms.katalon.core.main.TestCaseExecutor.processExecutionPhase(TestCaseExecutor.java:307)
	at com.kms.katalon.core.main.TestCaseExecutor.accessMainPhase(TestCaseExecutor.java:299)
	at com.kms.katalon.core.main.TestCaseExecutor.execute(TestCaseExecutor.java:233)
	at com.kms.katalon.core.main.TestSuiteExecutor.accessTestCaseMainPhase(TestSuiteExecutor.java:169)
	at com.kms.katalon.core.main.TestSuiteExecutor.accessTestSuiteMainPhase(TestSuiteExecutor.java:142)
	at com.kms.katalon.core.main.TestSuiteExecutor.execute(TestSuiteExecutor.java:91)
	at com.kms.katalon.core.main.TestCaseMain.startTestSuite(TestCaseMain.java:157)
	at com.kms.katalon.core.main.TestCaseMain$startTestSuite$0.call(Unknown Source)
	at TempTestSuite1583830456174.run(TempTestSuite1583830456174.groovy:36)
Caused by: com.kms.katalon.core.exception.StepErrorException: Call Test Case 'Test Cases/CDB/HomeTaskCDB/TaskPanelCdbPersonal' failed because of error(s)
	at com.kms.katalon.core.keyword.builtin.CallTestCaseKeyword$_callTestCase_closure1.doCall(CallTestCaseKeyword.groovy:66)
	at com.kms.katalon.core.keyword.builtin.CallTestCaseKeyword$_callTestCase_closure1.call(CallTestCaseKeyword.groovy)
	at com.kms.katalon.core.keyword.internal.KeywordMain.runKeyword(KeywordMain.groovy:68)
	at com.kms.katalon.core.keyword.builtin.CallTestCaseKeyword.callTestCase(CallTestCaseKeyword.groovy:81)
	at com.kms.katalon.core.keyword.builtin.CallTestCaseKeyword.execute(CallTestCaseKeyword.groovy:44)
	at com.kms.katalon.core.keyword.internal.KeywordExecutor.executeKeywordForPlatform(KeywordExecutor.groovy:72)
	at com.kms.katalon.core.keyword.BuiltinKeywords.callTestCase(BuiltinKeywords.groovy:334)
	at HomeTaskImproved.run(HomeTaskImproved:17)
	at com.kms.katalon.core.main.ScriptEngine.run(ScriptEngine.java:194)
	at com.kms.katalon.core.main.ScriptEngine.runScriptAsRawText(ScriptEngine.java:119)
	at com.kms.katalon.core.main.TestCaseExecutor.runScript(TestCaseExecutor.java:337)
	at com.kms.katalon.core.main.TestCaseExecutor.doExecute(TestCaseExecutor.java:328)
	at com.kms.katalon.core.main.TestCaseExecutor.processExecutionPhase(TestCaseExecutor.java:307)
	at com.kms.katalon.core.main.TestCaseExecutor.accessMainPhase(TestCaseExecutor.java:299)
	at com.kms.katalon.core.main.TestCaseExecutor.execute(TestCaseExecutor.java:233)
	at com.kms.katalon.core.main.TestCaseMain.runTestCase(TestCaseMain.java:114)
	at com.kms.katalon.core.keyword.builtin.CallTestCaseKeyword$_callTestCase_closure1.doCall(CallTestCaseKeyword.groovy:59)
	... 36 more
Caused by: org.codehaus.groovy.runtime.InvokerInvocationException: com.kms.katalon.core.webui.exception.WebElementNotFoundException: Web element with id: 'Object Repository/CDB/Personal/Page_HomeTask_CDBPersonal/open_task' located by 'By.xpath: id("frmMain:CIFPersonalSearchResult_switch_off")[count(. | //div[@id = 'frmMain:CIFPersonalSearchResult_switch_off']) = count(//div[@id = 'frmMain:CIFPersonalSearchResult_switch_off'])]' not found
	at customKeywords.CustomKeywordJS.invokeMethod(CustomKeywordJS.groovy)
	at com.kms.katalon.core.main.CustomKeywordDelegatingMetaClass.invokeStaticMethod(CustomKeywordDelegatingMetaClass.java:50)
	at TaskPanelCdbPersonal.run(TaskPanelCdbPersonal:54)
	at com.kms.katalon.core.main.ScriptEngine.run(ScriptEngine.java:194)
	at com.kms.katalon.core.main.ScriptEngine.runScriptAsRawText(ScriptEngine.java:119)
	at com.kms.katalon.core.main.TestCaseExecutor.runScript(TestCaseExecutor.java:337)
	at com.kms.katalon.core.main.TestCaseExecutor.doExecute(TestCaseExecutor.java:328)
	at com.kms.katalon.core.main.TestCaseExecutor.processExecutionPhase(TestCaseExecutor.java:307)
	at com.kms.katalon.core.main.TestCaseExecutor.accessMainPhase(TestCaseExecutor.java:299)
	at com.kms.katalon.core.main.TestCaseExecutor.execute(TestCaseExecutor.java:233)
	at com.kms.katalon.core.main.TestCaseMain.runTestCase(TestCaseMain.java:114)
	at com.kms.katalon.core.keyword.builtin.CallTestCaseKeyword$_callTestCase_closure1.doCall(CallTestCaseKeyword.groovy:59)
	... 52 more
Caused by: com.kms.katalon.core.webui.exception.WebElementNotFoundException: Web element with id: 'Object Repository/CDB/Personal/Page_HomeTask_CDBPersonal/open_task' located by 'By.xpath: id("frmMain:CIFPersonalSearchResult_switch_off")[count(. | //div[@id = 'frmMain:CIFPersonalSearchResult_switch_off']) = count(//div[@id = 'frmMain:CIFPersonalSearchResult_switch_off'])]' not found
	at com.kms.katalon.core.webui.common.WebUiCommonHelper.findWebElement(WebUiCommonHelper.java:1154)
	at com.kms.katalon.core.webui.common.WebUiCommonHelper$findWebElement$0.call(Unknown Source)
	at customKeywords.CustomKeywordJS.clickUsingJS(CustomKeywordJS.groovy:38)
	... 64 more


2020-03-10 16:05:39 - [TEST_STEP][NOT_RUN] - callTestCase(findTestCase("LoginLogout/Login"), ["username":BA, "isOpenBrowser":false], STOP_ON_FAILURE): NOT_RUN: callTestCase(findTestCase("LoginLogout/Login"), ["username":BA, "isOpenBrowser":false], STOP_ON_FAILURE)

2020-03-10 16:05:39 - [MESSAGE][NOT_RUN] - NOT_RUN: callTestCase(findTestCase("LoginLogout/Login"), ["username":BA, "isOpenBrowser":false], STOP_ON_FAILURE)

2020-03-10 16:05:39 - [TEST_STEP][FAILED] - callTestCase(findTestCase("CDB/HomeTaskCDB/HomeTaskImproved"), ["CustomerName":CustomerName, "CustomerType":CustomerType], STOP_ON_FAILURE): Unable to call Test Case 'Test Cases/CDB/HomeTaskCDB/HomeTaskImproved' (Root cause: com.kms.katalon.core.exception.StepErrorException: Call Test Case 'Test Cases/CDB/HomeTaskCDB/HomeTaskImproved' failed because of error(s)
	at com.kms.katalon.core.keyword.builtin.CallTestCaseKeyword$_callTestCase_closure1.doCall(CallTestCaseKeyword.groovy:66)
	at com.kms.katalon.core.keyword.builtin.CallTestCaseKeyword$_callTestCase_closure1.call(CallTestCaseKeyword.groovy)
	at com.kms.katalon.core.keyword.internal.KeywordMain.runKeyword(KeywordMain.groovy:68)
	at com.kms.katalon.core.keyword.builtin.CallTestCaseKeyword.callTestCase(CallTestCaseKeyword.groovy:81)
	at com.kms.katalon.core.keyword.builtin.CallTestCaseKeyword.execute(CallTestCaseKeyword.groovy:44)
	at com.kms.katalon.core.keyword.internal.KeywordExecutor.executeKeywordForPlatform(KeywordExecutor.groovy:72)
	at com.kms.katalon.core.keyword.BuiltinKeywords.callTestCase(BuiltinKeywords.groovy:334)
	at CDB_BA.run(CDB_BA:24)
	at com.kms.katalon.core.main.ScriptEngine.run(ScriptEngine.java:194)
	at com.kms.katalon.core.main.ScriptEngine.runScriptAsRawText(ScriptEngine.java:119)
	at com.kms.katalon.core.main.TestCaseExecutor.runScript(TestCaseExecutor.java:337)
	at com.kms.katalon.core.main.TestCaseExecutor.doExecute(TestCaseExecutor.java:328)
	at com.kms.katalon.core.main.TestCaseExecutor.processExecutionPhase(TestCaseExecutor.java:307)
	at com.kms.katalon.core.main.TestCaseExecutor.accessMainPhase(TestCaseExecutor.java:299)
	at com.kms.katalon.core.main.TestCaseExecutor.execute(TestCaseExecutor.java:233)
	at com.kms.katalon.core.main.TestCaseMain.runTestCase(TestCaseMain.java:114)
	at com.kms.katalon.core.keyword.builtin.CallTestCaseKeyword$_callTestCase_closure1.doCall(CallTestCaseKeyword.groovy:59)
	at com.kms.katalon.core.keyword.builtin.CallTestCaseKeyword$_callTestCase_closure1.call(CallTestCaseKeyword.groovy)
	at com.kms.katalon.core.keyword.internal.KeywordMain.runKeyword(KeywordMain.groovy:68)
	at com.kms.katalon.core.keyword.builtin.CallTestCaseKeyword.callTestCase(CallTestCaseKeyword.groovy:81)
	at com.kms.katalon.core.keyword.builtin.CallTestCaseKeyword.execute(CallTestCaseKeyword.groovy:44)
	at com.kms.katalon.core.keyword.internal.KeywordExecutor.executeKeywordForPlatform(KeywordExecutor.groovy:72)
	at com.kms.katalon.core.keyword.BuiltinKeywords.callTestCase(BuiltinKeywords.groovy:334)
	at FullScenarioCDBv2.run(FullScenarioCDBv2:39)
	at com.kms.katalon.core.main.ScriptEngine.run(ScriptEngine.java:194)
	at com.kms.katalon.core.main.ScriptEngine.runScriptAsRawText(ScriptEngine.java:119)
	at com.kms.katalon.core.main.TestCaseExecutor.runScript(TestCaseExecutor.java:337)
	at com.kms.katalon.core.main.TestCaseExecutor.doExecute(TestCaseExecutor.java:328)
	at com.kms.katalon.core.main.TestCaseExecutor.processExecutionPhase(TestCaseExecutor.java:307)
	at com.kms.katalon.core.main.TestCaseExecutor.accessMainPhase(TestCaseExecutor.java:299)
	at com.kms.katalon.core.main.TestCaseExecutor.execute(TestCaseExecutor.java:233)
	at com.kms.katalon.core.main.TestSuiteExecutor.accessTestCaseMainPhase(TestSuiteExecutor.java:169)
	at com.kms.katalon.core.main.TestSuiteExecutor.accessTestSuiteMainPhase(TestSuiteExecutor.java:142)
	at com.kms.katalon.core.main.TestSuiteExecutor.execute(TestSuiteExecutor.java:91)
	at com.kms.katalon.core.main.TestCaseMain.startTestSuite(TestCaseMain.java:157)
	at com.kms.katalon.core.main.TestCaseMain$startTestSuite$0.call(Unknown Source)
	at TempTestSuite1583830456174.run(TempTestSuite1583830456174.groovy:36)
Caused by: com.kms.katalon.core.exception.StepErrorException: Call Test Case 'Test Cases/CDB/HomeTaskCDB/TaskPanelCdbPersonal' failed because of error(s)
	at com.kms.katalon.core.keyword.builtin.CallTestCaseKeyword$_callTestCase_closure1.doCall(CallTestCaseKeyword.groovy:66)
	at com.kms.katalon.core.keyword.builtin.CallTestCaseKeyword$_callTestCase_closure1.call(CallTestCaseKeyword.groovy)
	at com.kms.katalon.core.keyword.internal.KeywordMain.runKeyword(KeywordMain.groovy:68)
	at com.kms.katalon.core.keyword.builtin.CallTestCaseKeyword.callTestCase(CallTestCaseKeyword.groovy:81)
	at com.kms.katalon.core.keyword.builtin.CallTestCaseKeyword.execute(CallTestCaseKeyword.groovy:44)
	at com.kms.katalon.core.keyword.internal.KeywordExecutor.executeKeywordForPlatform(KeywordExecutor.groovy:72)
	at com.kms.katalon.core.keyword.BuiltinKeywords.callTestCase(BuiltinKeywords.groovy:334)
	at HomeTaskImproved.run(HomeTaskImproved:17)
	at com.kms.katalon.core.main.ScriptEngine.run(ScriptEngine.java:194)
	at com.kms.katalon.core.main.ScriptEngine.runScriptAsRawText(ScriptEngine.java:119)
	at com.kms.katalon.core.main.TestCaseExecutor.runScript(TestCaseExecutor.java:337)
	at com.kms.katalon.core.main.TestCaseExecutor.doExecute(TestCaseExecutor.java:328)
	at com.kms.katalon.core.main.TestCaseExecutor.processExecutionPhase(TestCaseExecutor.java:307)
	at com.kms.katalon.core.main.TestCaseExecutor.accessMainPhase(TestCaseExecutor.java:299)
	at com.kms.katalon.core.main.TestCaseExecutor.execute(TestCaseExecutor.java:233)
	at com.kms.katalon.core.main.TestCaseMain.runTestCase(TestCaseMain.java:114)
	at com.kms.katalon.core.keyword.builtin.CallTestCaseKeyword$_callTestCase_closure1.doCall(CallTestCaseKeyword.groovy:59)
	... 36 more
Caused by: org.codehaus.groovy.runtime.InvokerInvocationException: com.kms.katalon.core.webui.exception.WebElementNotFoundException: Web element with id: 'Object Repository/CDB/Personal/Page_HomeTask_CDBPersonal/open_task' located by 'By.xpath: id("frmMain:CIFPersonalSearchResult_switch_off")[count(. | //div[@id = 'frmMain:CIFPersonalSearchResult_switch_off']) = count(//div[@id = 'frmMain:CIFPersonalSearchResult_switch_off'])]' not found
	at customKeywords.CustomKeywordJS.invokeMethod(CustomKeywordJS.groovy)
	at com.kms.katalon.core.main.CustomKeywordDelegatingMetaClass.invokeStaticMethod(CustomKeywordDelegatingMetaClass.java:50)
	at TaskPanelCdbPersonal.run(TaskPanelCdbPersonal:54)
	at com.kms.katalon.core.main.ScriptEngine.run(ScriptEngine.java:194)
	at com.kms.katalon.core.main.ScriptEngine.runScriptAsRawText(ScriptEngine.java:119)
	at com.kms.katalon.core.main.TestCaseExecutor.runScript(TestCaseExecutor.java:337)
	at com.kms.katalon.core.main.TestCaseExecutor.doExecute(TestCaseExecutor.java:328)
	at com.kms.katalon.core.main.TestCaseExecutor.processExecutionPhase(TestCaseExecutor.java:307)
	at com.kms.katalon.core.main.TestCaseExecutor.accessMainPhase(TestCaseExecutor.java:299)
	at com.kms.katalon.core.main.TestCaseExecutor.execute(TestCaseExecutor.java:233)
	at com.kms.katalon.core.main.TestCaseMain.runTestCase(TestCaseMain.java:114)
	at com.kms.katalon.core.keyword.builtin.CallTestCaseKeyword$_callTestCase_closure1.doCall(CallTestCaseKeyword.groovy:59)
	... 52 more
Caused by: com.kms.katalon.core.webui.exception.WebElementNotFoundException: Web element with id: 'Object Repository/CDB/Personal/Page_HomeTask_CDBPersonal/open_task' located by 'By.xpath: id("frmMain:CIFPersonalSearchResult_switch_off")[count(. | //div[@id = 'frmMain:CIFPersonalSearchResult_switch_off']) = count(//div[@id = 'frmMain:CIFPersonalSearchResult_switch_off'])]' not found
	at com.kms.katalon.core.webui.common.WebUiCommonHelper.findWebElement(WebUiCommonHelper.java:1154)
	at com.kms.katalon.core.webui.common.WebUiCommonHelper$findWebElement$0.call(Unknown Source)
	at customKeywords.CustomKeywordJS.clickUsingJS(CustomKeywordJS.groovy:38)
	... 64 more
)

2020-03-10 16:05:39 - [TEST_CASE][ERROR] - Test Cases/CDB/HomeTaskCDB/HomeTaskImproved: Test Cases/CDB/HomeTaskCDB/HomeTaskImproved FAILED.
Reason:
com.kms.katalon.core.exception.StepErrorException: Call Test Case 'Test Cases/CDB/HomeTaskCDB/TaskPanelCdbPersonal' failed because of error(s)
	at com.kms.katalon.core.keyword.builtin.CallTestCaseKeyword$_callTestCase_closure1.doCall(CallTestCaseKeyword.groovy:66)
	at com.kms.katalon.core.keyword.builtin.CallTestCaseKeyword$_callTestCase_closure1.call(CallTestCaseKeyword.groovy)
	at com.kms.katalon.core.keyword.internal.KeywordMain.runKeyword(KeywordMain.groovy:68)
	at com.kms.katalon.core.keyword.builtin.CallTestCaseKeyword.callTestCase(CallTestCaseKeyword.groovy:81)
	at com.kms.katalon.core.keyword.builtin.CallTestCaseKeyword.execute(CallTestCaseKeyword.groovy:44)
	at com.kms.katalon.core.keyword.internal.KeywordExecutor.executeKeywordForPlatform(KeywordExecutor.groovy:72)
	at com.kms.katalon.core.keyword.BuiltinKeywords.callTestCase(BuiltinKeywords.groovy:334)
	at HomeTaskImproved.run(HomeTaskImproved:17)
	at com.kms.katalon.core.main.ScriptEngine.run(ScriptEngine.java:194)
	at com.kms.katalon.core.main.ScriptEngine.runScriptAsRawText(ScriptEngine.java:119)
	at com.kms.katalon.core.main.TestCaseExecutor.runScript(TestCaseExecutor.java:337)
	at com.kms.katalon.core.main.TestCaseExecutor.doExecute(TestCaseExecutor.java:328)
	at com.kms.katalon.core.main.TestCaseExecutor.processExecutionPhase(TestCaseExecutor.java:307)
	at com.kms.katalon.core.main.TestCaseExecutor.accessMainPhase(TestCaseExecutor.java:299)
	at com.kms.katalon.core.main.TestCaseExecutor.execute(TestCaseExecutor.java:233)
	at com.kms.katalon.core.main.TestCaseMain.runTestCase(TestCaseMain.java:114)
	at com.kms.katalon.core.keyword.builtin.CallTestCaseKeyword$_callTestCase_closure1.doCall(CallTestCaseKeyword.groovy:59)
	at com.kms.katalon.core.keyword.builtin.CallTestCaseKeyword$_callTestCase_closure1.call(CallTestCaseKeyword.groovy)
	at com.kms.katalon.core.keyword.internal.KeywordMain.runKeyword(KeywordMain.groovy:68)
	at com.kms.katalon.core.keyword.builtin.CallTestCaseKeyword.callTestCase(CallTestCaseKeyword.groovy:81)
	at com.kms.katalon.core.keyword.builtin.CallTestCaseKeyword.execute(CallTestCaseKeyword.groovy:44)
	at com.kms.katalon.core.keyword.internal.KeywordExecutor.executeKeywordForPlatform(KeywordExecutor.groovy:72)
	at com.kms.katalon.core.keyword.BuiltinKeywords.callTestCase(BuiltinKeywords.groovy:334)
	at CDB_BA.run(CDB_BA:24)
	at com.kms.katalon.core.main.ScriptEngine.run(ScriptEngine.java:194)
	at com.kms.katalon.core.main.ScriptEngine.runScriptAsRawText(ScriptEngine.java:119)
	at com.kms.katalon.core.main.TestCaseExecutor.runScript(TestCaseExecutor.java:337)
	at com.kms.katalon.core.main.TestCaseExecutor.doExecute(TestCaseExecutor.java:328)
	at com.kms.katalon.core.main.TestCaseExecutor.processExecutionPhase(TestCaseExecutor.java:307)
	at com.kms.katalon.core.main.TestCaseExecutor.accessMainPhase(TestCaseExecutor.java:299)
	at com.kms.katalon.core.main.TestCaseExecutor.execute(TestCaseExecutor.java:233)
	at com.kms.katalon.core.main.TestCaseMain.runTestCase(TestCaseMain.java:114)
	at com.kms.katalon.core.keyword.builtin.CallTestCaseKeyword$_callTestCase_closure1.doCall(CallTestCaseKeyword.groovy:59)
	at com.kms.katalon.core.keyword.builtin.CallTestCaseKeyword$_callTestCase_closure1.call(CallTestCaseKeyword.groovy)
	at com.kms.katalon.core.keyword.internal.KeywordMain.runKeyword(KeywordMain.groovy:68)
	at com.kms.katalon.core.keyword.builtin.CallTestCaseKeyword.callTestCase(CallTestCaseKeyword.groovy:81)
	at com.kms.katalon.core.keyword.builtin.CallTestCaseKeyword.execute(CallTestCaseKeyword.groovy:44)
	at com.kms.katalon.core.keyword.internal.KeywordExecutor.executeKeywordForPlatform(KeywordExecutor.groovy:72)
	at com.kms.katalon.core.keyword.BuiltinKeywords.callTestCase(BuiltinKeywords.groovy:334)
	at FullScenarioCDBv2.run(FullScenarioCDBv2:39)
	at com.kms.katalon.core.main.ScriptEngine.run(ScriptEngine.java:194)
	at com.kms.katalon.core.main.ScriptEngine.runScriptAsRawText(ScriptEngine.java:119)
	at com.kms.katalon.core.main.TestCaseExecutor.runScript(TestCaseExecutor.java:337)
	at com.kms.katalon.core.main.TestCaseExecutor.doExecute(TestCaseExecutor.java:328)
	at com.kms.katalon.core.main.TestCaseExecutor.processExecutionPhase(TestCaseExecutor.java:307)
	at com.kms.katalon.core.main.TestCaseExecutor.accessMainPhase(TestCaseExecutor.java:299)
	at com.kms.katalon.core.main.TestCaseExecutor.execute(TestCaseExecutor.java:233)
	at com.kms.katalon.core.main.TestSuiteExecutor.accessTestCaseMainPhase(TestSuiteExecutor.java:169)
	at com.kms.katalon.core.main.TestSuiteExecutor.accessTestSuiteMainPhase(TestSuiteExecutor.java:142)
	at com.kms.katalon.core.main.TestSuiteExecutor.execute(TestSuiteExecutor.java:91)
	at com.kms.katalon.core.main.TestCaseMain.startTestSuite(TestCaseMain.java:157)
	at com.kms.katalon.core.main.TestCaseMain$startTestSuite$0.call(Unknown Source)
	at TempTestSuite1583830456174.run(TempTestSuite1583830456174.groovy:36)
Caused by: org.codehaus.groovy.runtime.InvokerInvocationException: com.kms.katalon.core.webui.exception.WebElementNotFoundException: Web element with id: 'Object Repository/CDB/Personal/Page_HomeTask_CDBPersonal/open_task' located by 'By.xpath: id("frmMain:CIFPersonalSearchResult_switch_off")[count(. | //div[@id = 'frmMain:CIFPersonalSearchResult_switch_off']) = count(//div[@id = 'frmMain:CIFPersonalSearchResult_switch_off'])]' not found
	at customKeywords.CustomKeywordJS.invokeMethod(CustomKeywordJS.groovy)
	at com.kms.katalon.core.main.CustomKeywordDelegatingMetaClass.invokeStaticMethod(CustomKeywordDelegatingMetaClass.java:50)
	at TaskPanelCdbPersonal.run(TaskPanelCdbPersonal:54)
	at com.kms.katalon.core.main.ScriptEngine.run(ScriptEngine.java:194)
	at com.kms.katalon.core.main.ScriptEngine.runScriptAsRawText(ScriptEngine.java:119)
	at com.kms.katalon.core.main.TestCaseExecutor.runScript(TestCaseExecutor.java:337)
	at com.kms.katalon.core.main.TestCaseExecutor.doExecute(TestCaseExecutor.java:328)
	at com.kms.katalon.core.main.TestCaseExecutor.processExecutionPhase(TestCaseExecutor.java:307)
	at com.kms.katalon.core.main.TestCaseExecutor.accessMainPhase(TestCaseExecutor.java:299)
	at com.kms.katalon.core.main.TestCaseExecutor.execute(TestCaseExecutor.java:233)
	at com.kms.katalon.core.main.TestCaseMain.runTestCase(TestCaseMain.java:114)
	at com.kms.katalon.core.keyword.builtin.CallTestCaseKeyword$_callTestCase_closure1.doCall(CallTestCaseKeyword.groovy:59)
	... 52 more
Caused by: com.kms.katalon.core.webui.exception.WebElementNotFoundException: Web element with id: 'Object Repository/CDB/Personal/Page_HomeTask_CDBPersonal/open_task' located by 'By.xpath: id("frmMain:CIFPersonalSearchResult_switch_off")[count(. | //div[@id = 'frmMain:CIFPersonalSearchResult_switch_off']) = count(//div[@id = 'frmMain:CIFPersonalSearchResult_switch_off'])]' not found
	at com.kms.katalon.core.webui.common.WebUiCommonHelper.findWebElement(WebUiCommonHelper.java:1154)
	at com.kms.katalon.core.webui.common.WebUiCommonHelper$findWebElement$0.call(Unknown Source)
	at customKeywords.CustomKeywordJS.clickUsingJS(CustomKeywordJS.groovy:38)
	... 64 more


2020-03-10 16:05:39 - [TEST_STEP][FAILED] - if (toString().equalsIgnoreCase("P")): Unable to call Test Case 'Test Cases/CDB/HomeTaskCDB/TaskPanelCdbPersonal' (Root cause: com.kms.katalon.core.exception.StepErrorException: Call Test Case 'Test Cases/CDB/HomeTaskCDB/TaskPanelCdbPersonal' failed because of error(s)
	at com.kms.katalon.core.keyword.builtin.CallTestCaseKeyword$_callTestCase_closure1.doCall(CallTestCaseKeyword.groovy:66)
	at com.kms.katalon.core.keyword.builtin.CallTestCaseKeyword$_callTestCase_closure1.call(CallTestCaseKeyword.groovy)
	at com.kms.katalon.core.keyword.internal.KeywordMain.runKeyword(KeywordMain.groovy:68)
	at com.kms.katalon.core.keyword.builtin.CallTestCaseKeyword.callTestCase(CallTestCaseKeyword.groovy:81)
	at com.kms.katalon.core.keyword.builtin.CallTestCaseKeyword.execute(CallTestCaseKeyword.groovy:44)
	at com.kms.katalon.core.keyword.internal.KeywordExecutor.executeKeywordForPlatform(KeywordExecutor.groovy:72)
	at com.kms.katalon.core.keyword.BuiltinKeywords.callTestCase(BuiltinKeywords.groovy:334)
	at HomeTaskImproved.run(HomeTaskImproved:17)
	at com.kms.katalon.core.main.ScriptEngine.run(ScriptEngine.java:194)
	at com.kms.katalon.core.main.ScriptEngine.runScriptAsRawText(ScriptEngine.java:119)
	at com.kms.katalon.core.main.TestCaseExecutor.runScript(TestCaseExecutor.java:337)
	at com.kms.katalon.core.main.TestCaseExecutor.doExecute(TestCaseExecutor.java:328)
	at com.kms.katalon.core.main.TestCaseExecutor.processExecutionPhase(TestCaseExecutor.java:307)
	at com.kms.katalon.core.main.TestCaseExecutor.accessMainPhase(TestCaseExecutor.java:299)
	at com.kms.katalon.core.main.TestCaseExecutor.execute(TestCaseExecutor.java:233)
	at com.kms.katalon.core.main.TestCaseMain.runTestCase(TestCaseMain.java:114)
	at com.kms.katalon.core.keyword.builtin.CallTestCaseKeyword$_callTestCase_closure1.doCall(CallTestCaseKeyword.groovy:59)
	at com.kms.katalon.core.keyword.builtin.CallTestCaseKeyword$_callTestCase_closure1.call(CallTestCaseKeyword.groovy)
	at com.kms.katalon.core.keyword.internal.KeywordMain.runKeyword(KeywordMain.groovy:68)
	at com.kms.katalon.core.keyword.builtin.CallTestCaseKeyword.callTestCase(CallTestCaseKeyword.groovy:81)
	at com.kms.katalon.core.keyword.builtin.CallTestCaseKeyword.execute(CallTestCaseKeyword.groovy:44)
	at com.kms.katalon.core.keyword.internal.KeywordExecutor.executeKeywordForPlatform(KeywordExecutor.groovy:72)
	at com.kms.katalon.core.keyword.BuiltinKeywords.callTestCase(BuiltinKeywords.groovy:334)
	at CDB_BA.run(CDB_BA:24)
	at com.kms.katalon.core.main.ScriptEngine.run(ScriptEngine.java:194)
	at com.kms.katalon.core.main.ScriptEngine.runScriptAsRawText(ScriptEngine.java:119)
	at com.kms.katalon.core.main.TestCaseExecutor.runScript(TestCaseExecutor.java:337)
	at com.kms.katalon.core.main.TestCaseExecutor.doExecute(TestCaseExecutor.java:328)
	at com.kms.katalon.core.main.TestCaseExecutor.processExecutionPhase(TestCaseExecutor.java:307)
	at com.kms.katalon.core.main.TestCaseExecutor.accessMainPhase(TestCaseExecutor.java:299)
	at com.kms.katalon.core.main.TestCaseExecutor.execute(TestCaseExecutor.java:233)
	at com.kms.katalon.core.main.TestCaseMain.runTestCase(TestCaseMain.java:114)
	at com.kms.katalon.core.keyword.builtin.CallTestCaseKeyword$_callTestCase_closure1.doCall(CallTestCaseKeyword.groovy:59)
	at com.kms.katalon.core.keyword.builtin.CallTestCaseKeyword$_callTestCase_closure1.call(CallTestCaseKeyword.groovy)
	at com.kms.katalon.core.keyword.internal.KeywordMain.runKeyword(KeywordMain.groovy:68)
	at com.kms.katalon.core.keyword.builtin.CallTestCaseKeyword.callTestCase(CallTestCaseKeyword.groovy:81)
	at com.kms.katalon.core.keyword.builtin.CallTestCaseKeyword.execute(CallTestCaseKeyword.groovy:44)
	at com.kms.katalon.core.keyword.internal.KeywordExecutor.executeKeywordForPlatform(KeywordExecutor.groovy:72)
	at com.kms.katalon.core.keyword.BuiltinKeywords.callTestCase(BuiltinKeywords.groovy:334)
	at FullScenarioCDBv2.run(FullScenarioCDBv2:39)
	at com.kms.katalon.core.main.ScriptEngine.run(ScriptEngine.java:194)
	at com.kms.katalon.core.main.ScriptEngine.runScriptAsRawText(ScriptEngine.java:119)
	at com.kms.katalon.core.main.TestCaseExecutor.runScript(TestCaseExecutor.java:337)
	at com.kms.katalon.core.main.TestCaseExecutor.doExecute(TestCaseExecutor.java:328)
	at com.kms.katalon.core.main.TestCaseExecutor.processExecutionPhase(TestCaseExecutor.java:307)
	at com.kms.katalon.core.main.TestCaseExecutor.accessMainPhase(TestCaseExecutor.java:299)
	at com.kms.katalon.core.main.TestCaseExecutor.execute(TestCaseExecutor.java:233)
	at com.kms.katalon.core.main.TestSuiteExecutor.accessTestCaseMainPhase(TestSuiteExecutor.java:169)
	at com.kms.katalon.core.main.TestSuiteExecutor.accessTestSuiteMainPhase(TestSuiteExecutor.java:142)
	at com.kms.katalon.core.main.TestSuiteExecutor.execute(TestSuiteExecutor.java:91)
	at com.kms.katalon.core.main.TestCaseMain.startTestSuite(TestCaseMain.java:157)
	at com.kms.katalon.core.main.TestCaseMain$startTestSuite$0.call(Unknown Source)
	at TempTestSuite1583830456174.run(TempTestSuite1583830456174.groovy:36)
Caused by: org.codehaus.groovy.runtime.InvokerInvocationException: com.kms.katalon.core.webui.exception.WebElementNotFoundException: Web element with id: 'Object Repository/CDB/Personal/Page_HomeTask_CDBPersonal/open_task' located by 'By.xpath: id("frmMain:CIFPersonalSearchResult_switch_off")[count(. | //div[@id = 'frmMain:CIFPersonalSearchResult_switch_off']) = count(//div[@id = 'frmMain:CIFPersonalSearchResult_switch_off'])]' not found
	at customKeywords.CustomKeywordJS.invokeMethod(CustomKeywordJS.groovy)
	at com.kms.katalon.core.main.CustomKeywordDelegatingMetaClass.invokeStaticMethod(CustomKeywordDelegatingMetaClass.java:50)
	at TaskPanelCdbPersonal.run(TaskPanelCdbPersonal:54)
	at com.kms.katalon.core.main.ScriptEngine.run(ScriptEngine.java:194)
	at com.kms.katalon.core.main.ScriptEngine.runScriptAsRawText(ScriptEngine.java:119)
	at com.kms.katalon.core.main.TestCaseExecutor.runScript(TestCaseExecutor.java:337)
	at com.kms.katalon.core.main.TestCaseExecutor.doExecute(TestCaseExecutor.java:328)
	at com.kms.katalon.core.main.TestCaseExecutor.processExecutionPhase(TestCaseExecutor.java:307)
	at com.kms.katalon.core.main.TestCaseExecutor.accessMainPhase(TestCaseExecutor.java:299)
	at com.kms.katalon.core.main.TestCaseExecutor.execute(TestCaseExecutor.java:233)
	at com.kms.katalon.core.main.TestCaseMain.runTestCase(TestCaseMain.java:114)
	at com.kms.katalon.core.keyword.builtin.CallTestCaseKeyword$_callTestCase_closure1.doCall(CallTestCaseKeyword.groovy:59)
	... 52 more
Caused by: com.kms.katalon.core.webui.exception.WebElementNotFoundException: Web element with id: 'Object Repository/CDB/Personal/Page_HomeTask_CDBPersonal/open_task' located by 'By.xpath: id("frmMain:CIFPersonalSearchResult_switch_off")[count(. | //div[@id = 'frmMain:CIFPersonalSearchResult_switch_off']) = count(//div[@id = 'frmMain:CIFPersonalSearchResult_switch_off'])]' not found
	at com.kms.katalon.core.webui.common.WebUiCommonHelper.findWebElement(WebUiCommonHelper.java:1154)
	at com.kms.katalon.core.webui.common.WebUiCommonHelper$findWebElement$0.call(Unknown Source)
	at customKeywords.CustomKeywordJS.clickUsingJS(CustomKeywordJS.groovy:38)
	... 64 more
)

2020-03-10 16:05:39 - [TEST_STEP][FAILED] - callTestCase(findTestCase("CDB/HomeTaskCDB/TaskPanelCdbPersonal"), ["CustomerName":CustomerName, "CustomerType":CustomerType], STOP_ON_FAILURE): Unable to call Test Case 'Test Cases/CDB/HomeTaskCDB/TaskPanelCdbPersonal' (Root cause: com.kms.katalon.core.exception.StepErrorException: Call Test Case 'Test Cases/CDB/HomeTaskCDB/TaskPanelCdbPersonal' failed because of error(s)
	at com.kms.katalon.core.keyword.builtin.CallTestCaseKeyword$_callTestCase_closure1.doCall(CallTestCaseKeyword.groovy:66)
	at com.kms.katalon.core.keyword.builtin.CallTestCaseKeyword$_callTestCase_closure1.call(CallTestCaseKeyword.groovy)
	at com.kms.katalon.core.keyword.internal.KeywordMain.runKeyword(KeywordMain.groovy:68)
	at com.kms.katalon.core.keyword.builtin.CallTestCaseKeyword.callTestCase(CallTestCaseKeyword.groovy:81)
	at com.kms.katalon.core.keyword.builtin.CallTestCaseKeyword.execute(CallTestCaseKeyword.groovy:44)
	at com.kms.katalon.core.keyword.internal.KeywordExecutor.executeKeywordForPlatform(KeywordExecutor.groovy:72)
	at com.kms.katalon.core.keyword.BuiltinKeywords.callTestCase(BuiltinKeywords.groovy:334)
	at HomeTaskImproved.run(HomeTaskImproved:17)
	at com.kms.katalon.core.main.ScriptEngine.run(ScriptEngine.java:194)
	at com.kms.katalon.core.main.ScriptEngine.runScriptAsRawText(ScriptEngine.java:119)
	at com.kms.katalon.core.main.TestCaseExecutor.runScript(TestCaseExecutor.java:337)
	at com.kms.katalon.core.main.TestCaseExecutor.doExecute(TestCaseExecutor.java:328)
	at com.kms.katalon.core.main.TestCaseExecutor.processExecutionPhase(TestCaseExecutor.java:307)
	at com.kms.katalon.core.main.TestCaseExecutor.accessMainPhase(TestCaseExecutor.java:299)
	at com.kms.katalon.core.main.TestCaseExecutor.execute(TestCaseExecutor.java:233)
	at com.kms.katalon.core.main.TestCaseMain.runTestCase(TestCaseMain.java:114)
	at com.kms.katalon.core.keyword.builtin.CallTestCaseKeyword$_callTestCase_closure1.doCall(CallTestCaseKeyword.groovy:59)
	at com.kms.katalon.core.keyword.builtin.CallTestCaseKeyword$_callTestCase_closure1.call(CallTestCaseKeyword.groovy)
	at com.kms.katalon.core.keyword.internal.KeywordMain.runKeyword(KeywordMain.groovy:68)
	at com.kms.katalon.core.keyword.builtin.CallTestCaseKeyword.callTestCase(CallTestCaseKeyword.groovy:81)
	at com.kms.katalon.core.keyword.builtin.CallTestCaseKeyword.execute(CallTestCaseKeyword.groovy:44)
	at com.kms.katalon.core.keyword.internal.KeywordExecutor.executeKeywordForPlatform(KeywordExecutor.groovy:72)
	at com.kms.katalon.core.keyword.BuiltinKeywords.callTestCase(BuiltinKeywords.groovy:334)
	at CDB_BA.run(CDB_BA:24)
	at com.kms.katalon.core.main.ScriptEngine.run(ScriptEngine.java:194)
	at com.kms.katalon.core.main.ScriptEngine.runScriptAsRawText(ScriptEngine.java:119)
	at com.kms.katalon.core.main.TestCaseExecutor.runScript(TestCaseExecutor.java:337)
	at com.kms.katalon.core.main.TestCaseExecutor.doExecute(TestCaseExecutor.java:328)
	at com.kms.katalon.core.main.TestCaseExecutor.processExecutionPhase(TestCaseExecutor.java:307)
	at com.kms.katalon.core.main.TestCaseExecutor.accessMainPhase(TestCaseExecutor.java:299)
	at com.kms.katalon.core.main.TestCaseExecutor.execute(TestCaseExecutor.java:233)
	at com.kms.katalon.core.main.TestCaseMain.runTestCase(TestCaseMain.java:114)
	at com.kms.katalon.core.keyword.builtin.CallTestCaseKeyword$_callTestCase_closure1.doCall(CallTestCaseKeyword.groovy:59)
	at com.kms.katalon.core.keyword.builtin.CallTestCaseKeyword$_callTestCase_closure1.call(CallTestCaseKeyword.groovy)
	at com.kms.katalon.core.keyword.internal.KeywordMain.runKeyword(KeywordMain.groovy:68)
	at com.kms.katalon.core.keyword.builtin.CallTestCaseKeyword.callTestCase(CallTestCaseKeyword.groovy:81)
	at com.kms.katalon.core.keyword.builtin.CallTestCaseKeyword.execute(CallTestCaseKeyword.groovy:44)
	at com.kms.katalon.core.keyword.internal.KeywordExecutor.executeKeywordForPlatform(KeywordExecutor.groovy:72)
	at com.kms.katalon.core.keyword.BuiltinKeywords.callTestCase(BuiltinKeywords.groovy:334)
	at FullScenarioCDBv2.run(FullScenarioCDBv2:39)
	at com.kms.katalon.core.main.ScriptEngine.run(ScriptEngine.java:194)
	at com.kms.katalon.core.main.ScriptEngine.runScriptAsRawText(ScriptEngine.java:119)
	at com.kms.katalon.core.main.TestCaseExecutor.runScript(TestCaseExecutor.java:337)
	at com.kms.katalon.core.main.TestCaseExecutor.doExecute(TestCaseExecutor.java:328)
	at com.kms.katalon.core.main.TestCaseExecutor.processExecutionPhase(TestCaseExecutor.java:307)
	at com.kms.katalon.core.main.TestCaseExecutor.accessMainPhase(TestCaseExecutor.java:299)
	at com.kms.katalon.core.main.TestCaseExecutor.execute(TestCaseExecutor.java:233)
	at com.kms.katalon.core.main.TestSuiteExecutor.accessTestCaseMainPhase(TestSuiteExecutor.java:169)
	at com.kms.katalon.core.main.TestSuiteExecutor.accessTestSuiteMainPhase(TestSuiteExecutor.java:142)
	at com.kms.katalon.core.main.TestSuiteExecutor.execute(TestSuiteExecutor.java:91)
	at com.kms.katalon.core.main.TestCaseMain.startTestSuite(TestCaseMain.java:157)
	at com.kms.katalon.core.main.TestCaseMain$startTestSuite$0.call(Unknown Source)
	at TempTestSuite1583830456174.run(TempTestSuite1583830456174.groovy:36)
Caused by: org.codehaus.groovy.runtime.InvokerInvocationException: com.kms.katalon.core.webui.exception.WebElementNotFoundException: Web element with id: 'Object Repository/CDB/Personal/Page_HomeTask_CDBPersonal/open_task' located by 'By.xpath: id("frmMain:CIFPersonalSearchResult_switch_off")[count(. | //div[@id = 'frmMain:CIFPersonalSearchResult_switch_off']) = count(//div[@id = 'frmMain:CIFPersonalSearchResult_switch_off'])]' not found
	at customKeywords.CustomKeywordJS.invokeMethod(CustomKeywordJS.groovy)
	at com.kms.katalon.core.main.CustomKeywordDelegatingMetaClass.invokeStaticMethod(CustomKeywordDelegatingMetaClass.java:50)
	at TaskPanelCdbPersonal.run(TaskPanelCdbPersonal:54)
	at com.kms.katalon.core.main.ScriptEngine.run(ScriptEngine.java:194)
	at com.kms.katalon.core.main.ScriptEngine.runScriptAsRawText(ScriptEngine.java:119)
	at com.kms.katalon.core.main.TestCaseExecutor.runScript(TestCaseExecutor.java:337)
	at com.kms.katalon.core.main.TestCaseExecutor.doExecute(TestCaseExecutor.java:328)
	at com.kms.katalon.core.main.TestCaseExecutor.processExecutionPhase(TestCaseExecutor.java:307)
	at com.kms.katalon.core.main.TestCaseExecutor.accessMainPhase(TestCaseExecutor.java:299)
	at com.kms.katalon.core.main.TestCaseExecutor.execute(TestCaseExecutor.java:233)
	at com.kms.katalon.core.main.TestCaseMain.runTestCase(TestCaseMain.java:114)
	at com.kms.katalon.core.keyword.builtin.CallTestCaseKeyword$_callTestCase_closure1.doCall(CallTestCaseKeyword.groovy:59)
	... 52 more
Caused by: com.kms.katalon.core.webui.exception.WebElementNotFoundException: Web element with id: 'Object Repository/CDB/Personal/Page_HomeTask_CDBPersonal/open_task' located by 'By.xpath: id("frmMain:CIFPersonalSearchResult_switch_off")[count(. | //div[@id = 'frmMain:CIFPersonalSearchResult_switch_off']) = count(//div[@id = 'frmMain:CIFPersonalSearchResult_switch_off'])]' not found
	at com.kms.katalon.core.webui.common.WebUiCommonHelper.findWebElement(WebUiCommonHelper.java:1154)
	at com.kms.katalon.core.webui.common.WebUiCommonHelper$findWebElement$0.call(Unknown Source)
	at customKeywords.CustomKeywordJS.clickUsingJS(CustomKeywordJS.groovy:38)
	... 64 more
)

2020-03-10 16:05:39 - [TEST_CASE][ERROR] - Test Cases/CDB/HomeTaskCDB/TaskPanelCdbPersonal: Test Cases/CDB/HomeTaskCDB/TaskPanelCdbPersonal FAILED.
Reason:
org.codehaus.groovy.runtime.InvokerInvocationException: com.kms.katalon.core.webui.exception.WebElementNotFoundException: Web element with id: 'Object Repository/CDB/Personal/Page_HomeTask_CDBPersonal/open_task' located by 'By.xpath: id("frmMain:CIFPersonalSearchResult_switch_off")[count(. | //div[@id = 'frmMain:CIFPersonalSearchResult_switch_off']) = count(//div[@id = 'frmMain:CIFPersonalSearchResult_switch_off'])]' not found
	at customKeywords.CustomKeywordJS.invokeMethod(CustomKeywordJS.groovy)
	at com.kms.katalon.core.main.CustomKeywordDelegatingMetaClass.invokeStaticMethod(CustomKeywordDelegatingMetaClass.java:50)
	at TaskPanelCdbPersonal.run(TaskPanelCdbPersonal:54)
	at com.kms.katalon.core.main.ScriptEngine.run(ScriptEngine.java:194)
	at com.kms.katalon.core.main.ScriptEngine.runScriptAsRawText(ScriptEngine.java:119)
	at com.kms.katalon.core.main.TestCaseExecutor.runScript(TestCaseExecutor.java:337)
	at com.kms.katalon.core.main.TestCaseExecutor.doExecute(TestCaseExecutor.java:328)
	at com.kms.katalon.core.main.TestCaseExecutor.processExecutionPhase(TestCaseExecutor.java:307)
	at com.kms.katalon.core.main.TestCaseExecutor.accessMainPhase(TestCaseExecutor.java:299)
	at com.kms.katalon.core.main.TestCaseExecutor.execute(TestCaseExecutor.java:233)
	at com.kms.katalon.core.main.TestCaseMain.runTestCase(TestCaseMain.java:114)
	at com.kms.katalon.core.keyword.builtin.CallTestCaseKeyword$_callTestCase_closure1.doCall(CallTestCaseKeyword.groovy:59)
	at com.kms.katalon.core.keyword.builtin.CallTestCaseKeyword$_callTestCase_closure1.call(CallTestCaseKeyword.groovy)
	at com.kms.katalon.core.keyword.internal.KeywordMain.runKeyword(KeywordMain.groovy:68)
	at com.kms.katalon.core.keyword.builtin.CallTestCaseKeyword.callTestCase(CallTestCaseKeyword.groovy:81)
	at com.kms.katalon.core.keyword.builtin.CallTestCaseKeyword.execute(CallTestCaseKeyword.groovy:44)
	at com.kms.katalon.core.keyword.internal.KeywordExecutor.executeKeywordForPlatform(KeywordExecutor.groovy:72)
	at com.kms.katalon.core.keyword.BuiltinKeywords.callTestCase(BuiltinKeywords.groovy:334)
	at HomeTaskImproved.run(HomeTaskImproved:17)
	at com.kms.katalon.core.main.ScriptEngine.run(ScriptEngine.java:194)
	at com.kms.katalon.core.main.ScriptEngine.runScriptAsRawText(ScriptEngine.java:119)
	at com.kms.katalon.core.main.TestCaseExecutor.runScript(TestCaseExecutor.java:337)
	at com.kms.katalon.core.main.TestCaseExecutor.doExecute(TestCaseExecutor.java:328)
	at com.kms.katalon.core.main.TestCaseExecutor.processExecutionPhase(TestCaseExecutor.java:307)
	at com.kms.katalon.core.main.TestCaseExecutor.accessMainPhase(TestCaseExecutor.java:299)
	at com.kms.katalon.core.main.TestCaseExecutor.execute(TestCaseExecutor.java:233)
	at com.kms.katalon.core.main.TestCaseMain.runTestCase(TestCaseMain.java:114)
	at com.kms.katalon.core.keyword.builtin.CallTestCaseKeyword$_callTestCase_closure1.doCall(CallTestCaseKeyword.groovy:59)
	at com.kms.katalon.core.keyword.builtin.CallTestCaseKeyword$_callTestCase_closure1.call(CallTestCaseKeyword.groovy)
	at com.kms.katalon.core.keyword.internal.KeywordMain.runKeyword(KeywordMain.groovy:68)
	at com.kms.katalon.core.keyword.builtin.CallTestCaseKeyword.callTestCase(CallTestCaseKeyword.groovy:81)
	at com.kms.katalon.core.keyword.builtin.CallTestCaseKeyword.execute(CallTestCaseKeyword.groovy:44)
	at com.kms.katalon.core.keyword.internal.KeywordExecutor.executeKeywordForPlatform(KeywordExecutor.groovy:72)
	at com.kms.katalon.core.keyword.BuiltinKeywords.callTestCase(BuiltinKeywords.groovy:334)
	at CDB_BA.run(CDB_BA:24)
	at com.kms.katalon.core.main.ScriptEngine.run(ScriptEngine.java:194)
	at com.kms.katalon.core.main.ScriptEngine.runScriptAsRawText(ScriptEngine.java:119)
	at com.kms.katalon.core.main.TestCaseExecutor.runScript(TestCaseExecutor.java:337)
	at com.kms.katalon.core.main.TestCaseExecutor.doExecute(TestCaseExecutor.java:328)
	at com.kms.katalon.core.main.TestCaseExecutor.processExecutionPhase(TestCaseExecutor.java:307)
	at com.kms.katalon.core.main.TestCaseExecutor.accessMainPhase(TestCaseExecutor.java:299)
	at com.kms.katalon.core.main.TestCaseExecutor.execute(TestCaseExecutor.java:233)
	at com.kms.katalon.core.main.TestCaseMain.runTestCase(TestCaseMain.java:114)
	at com.kms.katalon.core.keyword.builtin.CallTestCaseKeyword$_callTestCase_closure1.doCall(CallTestCaseKeyword.groovy:59)
	at com.kms.katalon.core.keyword.builtin.CallTestCaseKeyword$_callTestCase_closure1.call(CallTestCaseKeyword.groovy)
	at com.kms.katalon.core.keyword.internal.KeywordMain.runKeyword(KeywordMain.groovy:68)
	at com.kms.katalon.core.keyword.builtin.CallTestCaseKeyword.callTestCase(CallTestCaseKeyword.groovy:81)
	at com.kms.katalon.core.keyword.builtin.CallTestCaseKeyword.execute(CallTestCaseKeyword.groovy:44)
	at com.kms.katalon.core.keyword.internal.KeywordExecutor.executeKeywordForPlatform(KeywordExecutor.groovy:72)
	at com.kms.katalon.core.keyword.BuiltinKeywords.callTestCase(BuiltinKeywords.groovy:334)
	at FullScenarioCDBv2.run(FullScenarioCDBv2:39)
	at com.kms.katalon.core.main.ScriptEngine.run(ScriptEngine.java:194)
	at com.kms.katalon.core.main.ScriptEngine.runScriptAsRawText(ScriptEngine.java:119)
	at com.kms.katalon.core.main.TestCaseExecutor.runScript(TestCaseExecutor.java:337)
	at com.kms.katalon.core.main.TestCaseExecutor.doExecute(TestCaseExecutor.java:328)
	at com.kms.katalon.core.main.TestCaseExecutor.processExecutionPhase(TestCaseExecutor.java:307)
	at com.kms.katalon.core.main.TestCaseExecutor.accessMainPhase(TestCaseExecutor.java:299)
	at com.kms.katalon.core.main.TestCaseExecutor.execute(TestCaseExecutor.java:233)
	at com.kms.katalon.core.main.TestSuiteExecutor.accessTestCaseMainPhase(TestSuiteExecutor.java:169)
	at com.kms.katalon.core.main.TestSuiteExecutor.accessTestSuiteMainPhase(TestSuiteExecutor.java:142)
	at com.kms.katalon.core.main.TestSuiteExecutor.execute(TestSuiteExecutor.java:91)
	at com.kms.katalon.core.main.TestCaseMain.startTestSuite(TestCaseMain.java:157)
	at com.kms.katalon.core.main.TestCaseMain$startTestSuite$0.call(Unknown Source)
	at TempTestSuite1583830456174.run(TempTestSuite1583830456174.groovy:36)
Caused by: com.kms.katalon.core.webui.exception.WebElementNotFoundException: Web element with id: 'Object Repository/CDB/Personal/Page_HomeTask_CDBPersonal/open_task' located by 'By.xpath: id("frmMain:CIFPersonalSearchResult_switch_off")[count(. | //div[@id = 'frmMain:CIFPersonalSearchResult_switch_off']) = count(//div[@id = 'frmMain:CIFPersonalSearchResult_switch_off'])]' not found
	at com.kms.katalon.core.webui.common.WebUiCommonHelper.findWebElement(WebUiCommonHelper.java:1154)
	at com.kms.katalon.core.webui.common.WebUiCommonHelper$findWebElement$0.call(Unknown Source)
	at customKeywords.CustomKeywordJS.clickUsingJS(CustomKeywordJS.groovy:38)
	... 64 more


2020-03-10 16:05:39 - [TEST_STEP][PASSED] - waitForPageLoad(wait_js_long_time): Wait for page load successfully

2020-03-10 16:05:39 - [MESSAGE][PASSED] - Wait for page load successfully

2020-03-10 16:05:39 - [TEST_STEP][PASSED] - waitForElementPresent(findTestObject("CDB/Personal/Page_HomeTask_CDBPersonal/panelHeader_task_customer"), wait_js_long_time): Object 'Object Repository/CDB/Personal/Page_HomeTask_CDBPersonal/panelHeader_task_customer' is not present after 30 second(s)

2020-03-10 16:06:24 - [MESSAGE][INFO] - Unable to find the element located by 'By.xpath: id("frmMain:CIFPersonalSearchResult_header")[count(. | //div[@id = 'frmMain:CIFPersonalSearchResult_header']) = count(//div[@id = 'frmMain:CIFPersonalSearchResult_header'])]'. Please recheck the objects properties to make sure the desired element is located. 

2020-03-10 16:06:24 - [MESSAGE][WARNING] - Object 'Object Repository/CDB/Personal/Page_HomeTask_CDBPersonal/panelHeader_task_customer' is not present after 30 second(s)

2020-03-10 16:06:24 - [TEST_STEP][PASSED] - delay(wait_short_time): Delayed 3 second(s)

2020-03-10 16:06:27 - [MESSAGE][PASSED] - Delayed 3 second(s)

2020-03-10 16:06:27 - [TEST_STEP][PASSED] - if (verifyElementNotPresent(findTestObject("CDB/Personal/Page_HomeTask_CDBPersonal/task_table_customer"), wait_medium_time, OPTIONAL)): null

2020-03-10 16:06:27 - [MESSAGE][PASSED] - Web element with id: 'Object Repository/CDB/Personal/Page_HomeTask_CDBPersonal/task_table_customer' located by 'By.xpath: //*[@id="frmMain:dtCifPersonal:tb"]' is not present after '5' second(s)

2020-03-10 16:06:27 - [TEST_STEP][PASSED] - waitForElementClickable(findTestObject("CDB/Personal/Page_HomeTask_CDBPersonal/open_task"), wait_medium_time, STOP_ON_FAILURE): Web element with id: 'Object Repository/CDB/Personal/Page_HomeTask_CDBPersonal/open_task' located by 'By.xpath: id("frmMain:CIFPersonalSearchResult_switch_off")[count(. | //div[@id = 'frmMain:CIFPersonalSearchResult_switch_off']) = count(//div[@id = 'frmMain:CIFPersonalSearchResult_switch_off'])]' not found

2020-03-10 16:06:35 - [MESSAGE][INFO] - Unable to find the element located by 'By.xpath: id("frmMain:CIFPersonalSearchResult_switch_off")[count(. | //div[@id = 'frmMain:CIFPersonalSearchResult_switch_off']) = count(//div[@id = 'frmMain:CIFPersonalSearchResult_switch_off'])]'. Please recheck the objects properties to make sure the desired element is located. 

2020-03-10 16:06:35 - [MESSAGE][WARNING] - Web element with id: 'Object Repository/CDB/Personal/Page_HomeTask_CDBPersonal/open_task' located by 'By.xpath: id("frmMain:CIFPersonalSearchResult_switch_off")[count(. | //div[@id = 'frmMain:CIFPersonalSearchResult_switch_off']) = count(//div[@id = 'frmMain:CIFPersonalSearchResult_switch_off'])]' not found

2020-03-10 16:06:35 - [TEST_STEP][ERROR] - customKeywords.CustomKeywordJS.clickUsingJS(findTestObject("CDB/Personal/Page_HomeTask_CDBPersonal/open_task"), wait_js_long_time): com.kms.katalon.core.webui.exception.WebElementNotFoundException: Web element with id: 'Object Repository/CDB/Personal/Page_HomeTask_CDBPersonal/open_task' located by 'By.xpath: id("frmMain:CIFPersonalSearchResult_switch_off")[count(. | //div[@id = 'frmMain:CIFPersonalSearchResult_switch_off']) = count(//div[@id = 'frmMain:CIFPersonalSearchResult_switch_off'])]' not found

2020-03-10 16:07:20 - [MESSAGE][INFO] - Unable to find the element located by 'By.xpath: id("frmMain:CIFPersonalSearchResult_switch_off")[count(. | //div[@id = 'frmMain:CIFPersonalSearchResult_switch_off']) = count(//div[@id = 'frmMain:CIFPersonalSearchResult_switch_off'])]'. Please recheck the objects properties to make sure the desired element is located. 

2020-03-10 16:07:20 - [MESSAGE][ERROR] - com.kms.katalon.core.webui.exception.WebElementNotFoundException: Web element with id: 'Object Repository/CDB/Personal/Page_HomeTask_CDBPersonal/open_task' located by 'By.xpath: id("frmMain:CIFPersonalSearchResult_switch_off")[count(. | //div[@id = 'frmMain:CIFPersonalSearchResult_switch_off']) = count(//div[@id = 'frmMain:CIFPersonalSearchResult_switch_off'])]' not found

2020-03-10 16:07:20 - [MESSAGE][FAILED] - Unable to call Test Case 'Test Cases/CDB/HomeTaskCDB/TaskPanelCdbPersonal' (Root cause: com.kms.katalon.core.exception.StepErrorException: Call Test Case 'Test Cases/CDB/HomeTaskCDB/TaskPanelCdbPersonal' failed because of error(s)
	at com.kms.katalon.core.keyword.builtin.CallTestCaseKeyword$_callTestCase_closure1.doCall(CallTestCaseKeyword.groovy:66)
	at com.kms.katalon.core.keyword.builtin.CallTestCaseKeyword$_callTestCase_closure1.call(CallTestCaseKeyword.groovy)
	at com.kms.katalon.core.keyword.internal.KeywordMain.runKeyword(KeywordMain.groovy:68)
	at com.kms.katalon.core.keyword.builtin.CallTestCaseKeyword.callTestCase(CallTestCaseKeyword.groovy:81)
	at com.kms.katalon.core.keyword.builtin.CallTestCaseKeyword.execute(CallTestCaseKeyword.groovy:44)
	at com.kms.katalon.core.keyword.internal.KeywordExecutor.executeKeywordForPlatform(KeywordExecutor.groovy:72)
	at com.kms.katalon.core.keyword.BuiltinKeywords.callTestCase(BuiltinKeywords.groovy:334)
	at HomeTaskImproved.run(HomeTaskImproved:17)
	at com.kms.katalon.core.main.ScriptEngine.run(ScriptEngine.java:194)
	at com.kms.katalon.core.main.ScriptEngine.runScriptAsRawText(ScriptEngine.java:119)
	at com.kms.katalon.core.main.TestCaseExecutor.runScript(TestCaseExecutor.java:337)
	at com.kms.katalon.core.main.TestCaseExecutor.doExecute(TestCaseExecutor.java:328)
	at com.kms.katalon.core.main.TestCaseExecutor.processExecutionPhase(TestCaseExecutor.java:307)
	at com.kms.katalon.core.main.TestCaseExecutor.accessMainPhase(TestCaseExecutor.java:299)
	at com.kms.katalon.core.main.TestCaseExecutor.execute(TestCaseExecutor.java:233)
	at com.kms.katalon.core.main.TestCaseMain.runTestCase(TestCaseMain.java:114)
	at com.kms.katalon.core.keyword.builtin.CallTestCaseKeyword$_callTestCase_closure1.doCall(CallTestCaseKeyword.groovy:59)
	at com.kms.katalon.core.keyword.builtin.CallTestCaseKeyword$_callTestCase_closure1.call(CallTestCaseKeyword.groovy)
	at com.kms.katalon.core.keyword.internal.KeywordMain.runKeyword(KeywordMain.groovy:68)
	at com.kms.katalon.core.keyword.builtin.CallTestCaseKeyword.callTestCase(CallTestCaseKeyword.groovy:81)
	at com.kms.katalon.core.keyword.builtin.CallTestCaseKeyword.execute(CallTestCaseKeyword.groovy:44)
	at com.kms.katalon.core.keyword.internal.KeywordExecutor.executeKeywordForPlatform(KeywordExecutor.groovy:72)
	at com.kms.katalon.core.keyword.BuiltinKeywords.callTestCase(BuiltinKeywords.groovy:334)
	at CDB_BA.run(CDB_BA:24)
	at com.kms.katalon.core.main.ScriptEngine.run(ScriptEngine.java:194)
	at com.kms.katalon.core.main.ScriptEngine.runScriptAsRawText(ScriptEngine.java:119)
	at com.kms.katalon.core.main.TestCaseExecutor.runScript(TestCaseExecutor.java:337)
	at com.kms.katalon.core.main.TestCaseExecutor.doExecute(TestCaseExecutor.java:328)
	at com.kms.katalon.core.main.TestCaseExecutor.processExecutionPhase(TestCaseExecutor.java:307)
	at com.kms.katalon.core.main.TestCaseExecutor.accessMainPhase(TestCaseExecutor.java:299)
	at com.kms.katalon.core.main.TestCaseExecutor.execute(TestCaseExecutor.java:233)
	at com.kms.katalon.core.main.TestCaseMain.runTestCase(TestCaseMain.java:114)
	at com.kms.katalon.core.keyword.builtin.CallTestCaseKeyword$_callTestCase_closure1.doCall(CallTestCaseKeyword.groovy:59)
	at com.kms.katalon.core.keyword.builtin.CallTestCaseKeyword$_callTestCase_closure1.call(CallTestCaseKeyword.groovy)
	at com.kms.katalon.core.keyword.internal.KeywordMain.runKeyword(KeywordMain.groovy:68)
	at com.kms.katalon.core.keyword.builtin.CallTestCaseKeyword.callTestCase(CallTestCaseKeyword.groovy:81)
	at com.kms.katalon.core.keyword.builtin.CallTestCaseKeyword.execute(CallTestCaseKeyword.groovy:44)
	at com.kms.katalon.core.keyword.internal.KeywordExecutor.executeKeywordForPlatform(KeywordExecutor.groovy:72)
	at com.kms.katalon.core.keyword.BuiltinKeywords.callTestCase(BuiltinKeywords.groovy:334)
	at FullScenarioCDBv2.run(FullScenarioCDBv2:39)
	at com.kms.katalon.core.main.ScriptEngine.run(ScriptEngine.java:194)
	at com.kms.katalon.core.main.ScriptEngine.runScriptAsRawText(ScriptEngine.java:119)
	at com.kms.katalon.core.main.TestCaseExecutor.runScript(TestCaseExecutor.java:337)
	at com.kms.katalon.core.main.TestCaseExecutor.doExecute(TestCaseExecutor.java:328)
	at com.kms.katalon.core.main.TestCaseExecutor.processExecutionPhase(TestCaseExecutor.java:307)
	at com.kms.katalon.core.main.TestCaseExecutor.accessMainPhase(TestCaseExecutor.java:299)
	at com.kms.katalon.core.main.TestCaseExecutor.execute(TestCaseExecutor.java:233)
	at com.kms.katalon.core.main.TestSuiteExecutor.accessTestCaseMainPhase(TestSuiteExecutor.java:169)
	at com.kms.katalon.core.main.TestSuiteExecutor.accessTestSuiteMainPhase(TestSuiteExecutor.java:142)
	at com.kms.katalon.core.main.TestSuiteExecutor.execute(TestSuiteExecutor.java:91)
	at com.kms.katalon.core.main.TestCaseMain.startTestSuite(TestCaseMain.java:157)
	at com.kms.katalon.core.main.TestCaseMain$startTestSuite$0.call(Unknown Source)
	at TempTestSuite1583830456174.run(TempTestSuite1583830456174.groovy:36)
Caused by: org.codehaus.groovy.runtime.InvokerInvocationException: com.kms.katalon.core.webui.exception.WebElementNotFoundException: Web element with id: 'Object Repository/CDB/Personal/Page_HomeTask_CDBPersonal/open_task' located by 'By.xpath: id("frmMain:CIFPersonalSearchResult_switch_off")[count(. | //div[@id = 'frmMain:CIFPersonalSearchResult_switch_off']) = count(//div[@id = 'frmMain:CIFPersonalSearchResult_switch_off'])]' not found
	at customKeywords.CustomKeywordJS.invokeMethod(CustomKeywordJS.groovy)
	at com.kms.katalon.core.main.CustomKeywordDelegatingMetaClass.invokeStaticMethod(CustomKeywordDelegatingMetaClass.java:50)
	at TaskPanelCdbPersonal.run(TaskPanelCdbPersonal:54)
	at com.kms.katalon.core.main.ScriptEngine.run(ScriptEngine.java:194)
	at com.kms.katalon.core.main.ScriptEngine.runScriptAsRawText(ScriptEngine.java:119)
	at com.kms.katalon.core.main.TestCaseExecutor.runScript(TestCaseExecutor.java:337)
	at com.kms.katalon.core.main.TestCaseExecutor.doExecute(TestCaseExecutor.java:328)
	at com.kms.katalon.core.main.TestCaseExecutor.processExecutionPhase(TestCaseExecutor.java:307)
	at com.kms.katalon.core.main.TestCaseExecutor.accessMainPhase(TestCaseExecutor.java:299)
	at com.kms.katalon.core.main.TestCaseExecutor.execute(TestCaseExecutor.java:233)
	at com.kms.katalon.core.main.TestCaseMain.runTestCase(TestCaseMain.java:114)
	at com.kms.katalon.core.keyword.builtin.CallTestCaseKeyword$_callTestCase_closure1.doCall(CallTestCaseKeyword.groovy:59)
	... 52 more
Caused by: com.kms.katalon.core.webui.exception.WebElementNotFoundException: Web element with id: 'Object Repository/CDB/Personal/Page_HomeTask_CDBPersonal/open_task' located by 'By.xpath: id("frmMain:CIFPersonalSearchResult_switch_off")[count(. | //div[@id = 'frmMain:CIFPersonalSearchResult_switch_off']) = count(//div[@id = 'frmMain:CIFPersonalSearchResult_switch_off'])]' not found
	at com.kms.katalon.core.webui.common.WebUiCommonHelper.findWebElement(WebUiCommonHelper.java:1154)
	at com.kms.katalon.core.webui.common.WebUiCommonHelper$findWebElement$0.call(Unknown Source)
	at customKeywords.CustomKeywordJS.clickUsingJS(CustomKeywordJS.groovy:38)
	... 64 more
)

2020-03-10 16:07:20 - [MESSAGE][FAILED] - Unable to call Test Case 'Test Cases/CDB/HomeTaskCDB/HomeTaskImproved' (Root cause: com.kms.katalon.core.exception.StepErrorException: Call Test Case 'Test Cases/CDB/HomeTaskCDB/HomeTaskImproved' failed because of error(s)
	at com.kms.katalon.core.keyword.builtin.CallTestCaseKeyword$_callTestCase_closure1.doCall(CallTestCaseKeyword.groovy:66)
	at com.kms.katalon.core.keyword.builtin.CallTestCaseKeyword$_callTestCase_closure1.call(CallTestCaseKeyword.groovy)
	at com.kms.katalon.core.keyword.internal.KeywordMain.runKeyword(KeywordMain.groovy:68)
	at com.kms.katalon.core.keyword.builtin.CallTestCaseKeyword.callTestCase(CallTestCaseKeyword.groovy:81)
	at com.kms.katalon.core.keyword.builtin.CallTestCaseKeyword.execute(CallTestCaseKeyword.groovy:44)
	at com.kms.katalon.core.keyword.internal.KeywordExecutor.executeKeywordForPlatform(KeywordExecutor.groovy:72)
	at com.kms.katalon.core.keyword.BuiltinKeywords.callTestCase(BuiltinKeywords.groovy:334)
	at CDB_BA.run(CDB_BA:24)
	at com.kms.katalon.core.main.ScriptEngine.run(ScriptEngine.java:194)
	at com.kms.katalon.core.main.ScriptEngine.runScriptAsRawText(ScriptEngine.java:119)
	at com.kms.katalon.core.main.TestCaseExecutor.runScript(TestCaseExecutor.java:337)
	at com.kms.katalon.core.main.TestCaseExecutor.doExecute(TestCaseExecutor.java:328)
	at com.kms.katalon.core.main.TestCaseExecutor.processExecutionPhase(TestCaseExecutor.java:307)
	at com.kms.katalon.core.main.TestCaseExecutor.accessMainPhase(TestCaseExecutor.java:299)
	at com.kms.katalon.core.main.TestCaseExecutor.execute(TestCaseExecutor.java:233)
	at com.kms.katalon.core.main.TestCaseMain.runTestCase(TestCaseMain.java:114)
	at com.kms.katalon.core.keyword.builtin.CallTestCaseKeyword$_callTestCase_closure1.doCall(CallTestCaseKeyword.groovy:59)
	at com.kms.katalon.core.keyword.builtin.CallTestCaseKeyword$_callTestCase_closure1.call(CallTestCaseKeyword.groovy)
	at com.kms.katalon.core.keyword.internal.KeywordMain.runKeyword(KeywordMain.groovy:68)
	at com.kms.katalon.core.keyword.builtin.CallTestCaseKeyword.callTestCase(CallTestCaseKeyword.groovy:81)
	at com.kms.katalon.core.keyword.builtin.CallTestCaseKeyword.execute(CallTestCaseKeyword.groovy:44)
	at com.kms.katalon.core.keyword.internal.KeywordExecutor.executeKeywordForPlatform(KeywordExecutor.groovy:72)
	at com.kms.katalon.core.keyword.BuiltinKeywords.callTestCase(BuiltinKeywords.groovy:334)
	at FullScenarioCDBv2.run(FullScenarioCDBv2:39)
	at com.kms.katalon.core.main.ScriptEngine.run(ScriptEngine.java:194)
	at com.kms.katalon.core.main.ScriptEngine.runScriptAsRawText(ScriptEngine.java:119)
	at com.kms.katalon.core.main.TestCaseExecutor.runScript(TestCaseExecutor.java:337)
	at com.kms.katalon.core.main.TestCaseExecutor.doExecute(TestCaseExecutor.java:328)
	at com.kms.katalon.core.main.TestCaseExecutor.processExecutionPhase(TestCaseExecutor.java:307)
	at com.kms.katalon.core.main.TestCaseExecutor.accessMainPhase(TestCaseExecutor.java:299)
	at com.kms.katalon.core.main.TestCaseExecutor.execute(TestCaseExecutor.java:233)
	at com.kms.katalon.core.main.TestSuiteExecutor.accessTestCaseMainPhase(TestSuiteExecutor.java:169)
	at com.kms.katalon.core.main.TestSuiteExecutor.accessTestSuiteMainPhase(TestSuiteExecutor.java:142)
	at com.kms.katalon.core.main.TestSuiteExecutor.execute(TestSuiteExecutor.java:91)
	at com.kms.katalon.core.main.TestCaseMain.startTestSuite(TestCaseMain.java:157)
	at com.kms.katalon.core.main.TestCaseMain$startTestSuite$0.call(Unknown Source)
	at TempTestSuite1583830456174.run(TempTestSuite1583830456174.groovy:36)
Caused by: com.kms.katalon.core.exception.StepErrorException: Call Test Case 'Test Cases/CDB/HomeTaskCDB/TaskPanelCdbPersonal' failed because of error(s)
	at com.kms.katalon.core.keyword.builtin.CallTestCaseKeyword$_callTestCase_closure1.doCall(CallTestCaseKeyword.groovy:66)
	at com.kms.katalon.core.keyword.builtin.CallTestCaseKeyword$_callTestCase_closure1.call(CallTestCaseKeyword.groovy)
	at com.kms.katalon.core.keyword.internal.KeywordMain.runKeyword(KeywordMain.groovy:68)
	at com.kms.katalon.core.keyword.builtin.CallTestCaseKeyword.callTestCase(CallTestCaseKeyword.groovy:81)
	at com.kms.katalon.core.keyword.builtin.CallTestCaseKeyword.execute(CallTestCaseKeyword.groovy:44)
	at com.kms.katalon.core.keyword.internal.KeywordExecutor.executeKeywordForPlatform(KeywordExecutor.groovy:72)
	at com.kms.katalon.core.keyword.BuiltinKeywords.callTestCase(BuiltinKeywords.groovy:334)
	at HomeTaskImproved.run(HomeTaskImproved:17)
	at com.kms.katalon.core.main.ScriptEngine.run(ScriptEngine.java:194)
	at com.kms.katalon.core.main.ScriptEngine.runScriptAsRawText(ScriptEngine.java:119)
	at com.kms.katalon.core.main.TestCaseExecutor.runScript(TestCaseExecutor.java:337)
	at com.kms.katalon.core.main.TestCaseExecutor.doExecute(TestCaseExecutor.java:328)
	at com.kms.katalon.core.main.TestCaseExecutor.processExecutionPhase(TestCaseExecutor.java:307)
	at com.kms.katalon.core.main.TestCaseExecutor.accessMainPhase(TestCaseExecutor.java:299)
	at com.kms.katalon.core.main.TestCaseExecutor.execute(TestCaseExecutor.java:233)
	at com.kms.katalon.core.main.TestCaseMain.runTestCase(TestCaseMain.java:114)
	at com.kms.katalon.core.keyword.builtin.CallTestCaseKeyword$_callTestCase_closure1.doCall(CallTestCaseKeyword.groovy:59)
	... 36 more
Caused by: org.codehaus.groovy.runtime.InvokerInvocationException: com.kms.katalon.core.webui.exception.WebElementNotFoundException: Web element with id: 'Object Repository/CDB/Personal/Page_HomeTask_CDBPersonal/open_task' located by 'By.xpath: id("frmMain:CIFPersonalSearchResult_switch_off")[count(. | //div[@id = 'frmMain:CIFPersonalSearchResult_switch_off']) = count(//div[@id = 'frmMain:CIFPersonalSearchResult_switch_off'])]' not found
	at customKeywords.CustomKeywordJS.invokeMethod(CustomKeywordJS.groovy)
	at com.kms.katalon.core.main.CustomKeywordDelegatingMetaClass.invokeStaticMethod(CustomKeywordDelegatingMetaClass.java:50)
	at TaskPanelCdbPersonal.run(TaskPanelCdbPersonal:54)
	at com.kms.katalon.core.main.ScriptEngine.run(ScriptEngine.java:194)
	at com.kms.katalon.core.main.ScriptEngine.runScriptAsRawText(ScriptEngine.java:119)
	at com.kms.katalon.core.main.TestCaseExecutor.runScript(TestCaseExecutor.java:337)
	at com.kms.katalon.core.main.TestCaseExecutor.doExecute(TestCaseExecutor.java:328)
	at com.kms.katalon.core.main.TestCaseExecutor.processExecutionPhase(TestCaseExecutor.java:307)
	at com.kms.katalon.core.main.TestCaseExecutor.accessMainPhase(TestCaseExecutor.java:299)
	at com.kms.katalon.core.main.TestCaseExecutor.execute(TestCaseExecutor.java:233)
	at com.kms.katalon.core.main.TestCaseMain.runTestCase(TestCaseMain.java:114)
	at com.kms.katalon.core.keyword.builtin.CallTestCaseKeyword$_callTestCase_closure1.doCall(CallTestCaseKeyword.groovy:59)
	... 52 more
Caused by: com.kms.katalon.core.webui.exception.WebElementNotFoundException: Web element with id: 'Object Repository/CDB/Personal/Page_HomeTask_CDBPersonal/open_task' located by 'By.xpath: id("frmMain:CIFPersonalSearchResult_switch_off")[count(. | //div[@id = 'frmMain:CIFPersonalSearchResult_switch_off']) = count(//div[@id = 'frmMain:CIFPersonalSearchResult_switch_off'])]' not found
	at com.kms.katalon.core.webui.common.WebUiCommonHelper.findWebElement(WebUiCommonHelper.java:1154)
	at com.kms.katalon.core.webui.common.WebUiCommonHelper$findWebElement$0.call(Unknown Source)
	at customKeywords.CustomKeywordJS.clickUsingJS(CustomKeywordJS.groovy:38)
	... 64 more
)

2020-03-10 16:07:20 - [MESSAGE][FAILED] - Unable to call Test Case 'Test Cases/CDB/MainTestCase/CDB_BA' (Root cause: com.kms.katalon.core.exception.StepErrorException: Call Test Case 'Test Cases/CDB/MainTestCase/CDB_BA' failed because of error(s)
	at com.kms.katalon.core.keyword.builtin.CallTestCaseKeyword$_callTestCase_closure1.doCall(CallTestCaseKeyword.groovy:66)
	at com.kms.katalon.core.keyword.builtin.CallTestCaseKeyword$_callTestCase_closure1.call(CallTestCaseKeyword.groovy)
	at com.kms.katalon.core.keyword.internal.KeywordMain.runKeyword(KeywordMain.groovy:68)
	at com.kms.katalon.core.keyword.builtin.CallTestCaseKeyword.callTestCase(CallTestCaseKeyword.groovy:81)
	at com.kms.katalon.core.keyword.builtin.CallTestCaseKeyword.execute(CallTestCaseKeyword.groovy:44)
	at com.kms.katalon.core.keyword.internal.KeywordExecutor.executeKeywordForPlatform(KeywordExecutor.groovy:72)
	at com.kms.katalon.core.keyword.BuiltinKeywords.callTestCase(BuiltinKeywords.groovy:334)
	at FullScenarioCDBv2.run(FullScenarioCDBv2:39)
	at com.kms.katalon.core.main.ScriptEngine.run(ScriptEngine.java:194)
	at com.kms.katalon.core.main.ScriptEngine.runScriptAsRawText(ScriptEngine.java:119)
	at com.kms.katalon.core.main.TestCaseExecutor.runScript(TestCaseExecutor.java:337)
	at com.kms.katalon.core.main.TestCaseExecutor.doExecute(TestCaseExecutor.java:328)
	at com.kms.katalon.core.main.TestCaseExecutor.processExecutionPhase(TestCaseExecutor.java:307)
	at com.kms.katalon.core.main.TestCaseExecutor.accessMainPhase(TestCaseExecutor.java:299)
	at com.kms.katalon.core.main.TestCaseExecutor.execute(TestCaseExecutor.java:233)
	at com.kms.katalon.core.main.TestSuiteExecutor.accessTestCaseMainPhase(TestSuiteExecutor.java:169)
	at com.kms.katalon.core.main.TestSuiteExecutor.accessTestSuiteMainPhase(TestSuiteExecutor.java:142)
	at com.kms.katalon.core.main.TestSuiteExecutor.execute(TestSuiteExecutor.java:91)
	at com.kms.katalon.core.main.TestCaseMain.startTestSuite(TestCaseMain.java:157)
	at com.kms.katalon.core.main.TestCaseMain$startTestSuite$0.call(Unknown Source)
	at TempTestSuite1583830456174.run(TempTestSuite1583830456174.groovy:36)
Caused by: com.kms.katalon.core.exception.StepErrorException: Call Test Case 'Test Cases/CDB/HomeTaskCDB/HomeTaskImproved' failed because of error(s)
	at com.kms.katalon.core.keyword.builtin.CallTestCaseKeyword$_callTestCase_closure1.doCall(CallTestCaseKeyword.groovy:66)
	at com.kms.katalon.core.keyword.builtin.CallTestCaseKeyword$_callTestCase_closure1.call(CallTestCaseKeyword.groovy)
	at com.kms.katalon.core.keyword.internal.KeywordMain.runKeyword(KeywordMain.groovy:68)
	at com.kms.katalon.core.keyword.builtin.CallTestCaseKeyword.callTestCase(CallTestCaseKeyword.groovy:81)
	at com.kms.katalon.core.keyword.builtin.CallTestCaseKeyword.execute(CallTestCaseKeyword.groovy:44)
	at com.kms.katalon.core.keyword.internal.KeywordExecutor.executeKeywordForPlatform(KeywordExecutor.groovy:72)
	at com.kms.katalon.core.keyword.BuiltinKeywords.callTestCase(BuiltinKeywords.groovy:334)
	at CDB_BA.run(CDB_BA:24)
	at com.kms.katalon.core.main.ScriptEngine.run(ScriptEngine.java:194)
	at com.kms.katalon.core.main.ScriptEngine.runScriptAsRawText(ScriptEngine.java:119)
	at com.kms.katalon.core.main.TestCaseExecutor.runScript(TestCaseExecutor.java:337)
	at com.kms.katalon.core.main.TestCaseExecutor.doExecute(TestCaseExecutor.java:328)
	at com.kms.katalon.core.main.TestCaseExecutor.processExecutionPhase(TestCaseExecutor.java:307)
	at com.kms.katalon.core.main.TestCaseExecutor.accessMainPhase(TestCaseExecutor.java:299)
	at com.kms.katalon.core.main.TestCaseExecutor.execute(TestCaseExecutor.java:233)
	at com.kms.katalon.core.main.TestCaseMain.runTestCase(TestCaseMain.java:114)
	at com.kms.katalon.core.keyword.builtin.CallTestCaseKeyword$_callTestCase_closure1.doCall(CallTestCaseKeyword.groovy:59)
	... 20 more
Caused by: com.kms.katalon.core.exception.StepErrorException: Call Test Case 'Test Cases/CDB/HomeTaskCDB/TaskPanelCdbPersonal' failed because of error(s)
	at com.kms.katalon.core.keyword.builtin.CallTestCaseKeyword$_callTestCase_closure1.doCall(CallTestCaseKeyword.groovy:66)
	at com.kms.katalon.core.keyword.builtin.CallTestCaseKeyword$_callTestCase_closure1.call(CallTestCaseKeyword.groovy)
	at com.kms.katalon.core.keyword.internal.KeywordMain.runKeyword(KeywordMain.groovy:68)
	at com.kms.katalon.core.keyword.builtin.CallTestCaseKeyword.callTestCase(CallTestCaseKeyword.groovy:81)
	at com.kms.katalon.core.keyword.builtin.CallTestCaseKeyword.execute(CallTestCaseKeyword.groovy:44)
	at com.kms.katalon.core.keyword.internal.KeywordExecutor.executeKeywordForPlatform(KeywordExecutor.groovy:72)
	at com.kms.katalon.core.keyword.BuiltinKeywords.callTestCase(BuiltinKeywords.groovy:334)
	at HomeTaskImproved.run(HomeTaskImproved:17)
	at com.kms.katalon.core.main.ScriptEngine.run(ScriptEngine.java:194)
	at com.kms.katalon.core.main.ScriptEngine.runScriptAsRawText(ScriptEngine.java:119)
	at com.kms.katalon.core.main.TestCaseExecutor.runScript(TestCaseExecutor.java:337)
	at com.kms.katalon.core.main.TestCaseExecutor.doExecute(TestCaseExecutor.java:328)
	at com.kms.katalon.core.main.TestCaseExecutor.processExecutionPhase(TestCaseExecutor.java:307)
	at com.kms.katalon.core.main.TestCaseExecutor.accessMainPhase(TestCaseExecutor.java:299)
	at com.kms.katalon.core.main.TestCaseExecutor.execute(TestCaseExecutor.java:233)
	at com.kms.katalon.core.main.TestCaseMain.runTestCase(TestCaseMain.java:114)
	at com.kms.katalon.core.keyword.builtin.CallTestCaseKeyword$_callTestCase_closure1.doCall(CallTestCaseKeyword.groovy:59)
	... 36 more
Caused by: org.codehaus.groovy.runtime.InvokerInvocationException: com.kms.katalon.core.webui.exception.WebElementNotFoundException: Web element with id: 'Object Repository/CDB/Personal/Page_HomeTask_CDBPersonal/open_task' located by 'By.xpath: id("frmMain:CIFPersonalSearchResult_switch_off")[count(. | //div[@id = 'frmMain:CIFPersonalSearchResult_switch_off']) = count(//div[@id = 'frmMain:CIFPersonalSearchResult_switch_off'])]' not found
	at customKeywords.CustomKeywordJS.invokeMethod(CustomKeywordJS.groovy)
	at com.kms.katalon.core.main.CustomKeywordDelegatingMetaClass.invokeStaticMethod(CustomKeywordDelegatingMetaClass.java:50)
	at TaskPanelCdbPersonal.run(TaskPanelCdbPersonal:54)
	at com.kms.katalon.core.main.ScriptEngine.run(ScriptEngine.java:194)
	at com.kms.katalon.core.main.ScriptEngine.runScriptAsRawText(ScriptEngine.java:119)
	at com.kms.katalon.core.main.TestCaseExecutor.runScript(TestCaseExecutor.java:337)
	at com.kms.katalon.core.main.TestCaseExecutor.doExecute(TestCaseExecutor.java:328)
	at com.kms.katalon.core.main.TestCaseExecutor.processExecutionPhase(TestCaseExecutor.java:307)
	at com.kms.katalon.core.main.TestCaseExecutor.accessMainPhase(TestCaseExecutor.java:299)
	at com.kms.katalon.core.main.TestCaseExecutor.execute(TestCaseExecutor.java:233)
	at com.kms.katalon.core.main.TestCaseMain.runTestCase(TestCaseMain.java:114)
	at com.kms.katalon.core.keyword.builtin.CallTestCaseKeyword$_callTestCase_closure1.doCall(CallTestCaseKeyword.groovy:59)
	... 52 more
Caused by: com.kms.katalon.core.webui.exception.WebElementNotFoundException: Web element with id: 'Object Repository/CDB/Personal/Page_HomeTask_CDBPersonal/open_task' located by 'By.xpath: id("frmMain:CIFPersonalSearchResult_switch_off")[count(. | //div[@id = 'frmMain:CIFPersonalSearchResult_switch_off']) = count(//div[@id = 'frmMain:CIFPersonalSearchResult_switch_off'])]' not found
	at com.kms.katalon.core.webui.common.WebUiCommonHelper.findWebElement(WebUiCommonHelper.java:1154)
	at com.kms.katalon.core.webui.common.WebUiCommonHelper$findWebElement$0.call(Unknown Source)
	at customKeywords.CustomKeywordJS.clickUsingJS(CustomKeywordJS.groovy:38)
	... 64 more
)]]></system-out>
         <system-err><![CDATA[2020-03-10 15:55:05 - [TEST_CASE][ERROR] - Test Cases/CDB/MainTestCase/FullScenarioCDBv2: Test Cases/CDB/MainTestCase/FullScenarioCDBv2 FAILED.
Reason:
com.kms.katalon.core.exception.StepErrorException: Call Test Case 'Test Cases/CDB/MainTestCase/CDB_BA' failed because of error(s)
	at com.kms.katalon.core.keyword.builtin.CallTestCaseKeyword$_callTestCase_closure1.doCall(CallTestCaseKeyword.groovy:66)
	at com.kms.katalon.core.keyword.builtin.CallTestCaseKeyword$_callTestCase_closure1.call(CallTestCaseKeyword.groovy)
	at com.kms.katalon.core.keyword.internal.KeywordMain.runKeyword(KeywordMain.groovy:68)
	at com.kms.katalon.core.keyword.builtin.CallTestCaseKeyword.callTestCase(CallTestCaseKeyword.groovy:81)
	at com.kms.katalon.core.keyword.builtin.CallTestCaseKeyword.execute(CallTestCaseKeyword.groovy:44)
	at com.kms.katalon.core.keyword.internal.KeywordExecutor.executeKeywordForPlatform(KeywordExecutor.groovy:72)
	at com.kms.katalon.core.keyword.BuiltinKeywords.callTestCase(BuiltinKeywords.groovy:334)
	at FullScenarioCDBv2.run(FullScenarioCDBv2:39)
	at com.kms.katalon.core.main.ScriptEngine.run(ScriptEngine.java:194)
	at com.kms.katalon.core.main.ScriptEngine.runScriptAsRawText(ScriptEngine.java:119)
	at com.kms.katalon.core.main.TestCaseExecutor.runScript(TestCaseExecutor.java:337)
	at com.kms.katalon.core.main.TestCaseExecutor.doExecute(TestCaseExecutor.java:328)
	at com.kms.katalon.core.main.TestCaseExecutor.processExecutionPhase(TestCaseExecutor.java:307)
	at com.kms.katalon.core.main.TestCaseExecutor.accessMainPhase(TestCaseExecutor.java:299)
	at com.kms.katalon.core.main.TestCaseExecutor.execute(TestCaseExecutor.java:233)
	at com.kms.katalon.core.main.TestSuiteExecutor.accessTestCaseMainPhase(TestSuiteExecutor.java:169)
	at com.kms.katalon.core.main.TestSuiteExecutor.accessTestSuiteMainPhase(TestSuiteExecutor.java:142)
	at com.kms.katalon.core.main.TestSuiteExecutor.execute(TestSuiteExecutor.java:91)
	at com.kms.katalon.core.main.TestCaseMain.startTestSuite(TestCaseMain.java:157)
	at com.kms.katalon.core.main.TestCaseMain$startTestSuite$0.call(Unknown Source)
	at TempTestSuite1583830456174.run(TempTestSuite1583830456174.groovy:36)
Caused by: com.kms.katalon.core.exception.StepErrorException: Call Test Case 'Test Cases/CDB/HomeTaskCDB/HomeTaskImproved' failed because of error(s)
	at com.kms.katalon.core.keyword.builtin.CallTestCaseKeyword$_callTestCase_closure1.doCall(CallTestCaseKeyword.groovy:66)
	at com.kms.katalon.core.keyword.builtin.CallTestCaseKeyword$_callTestCase_closure1.call(CallTestCaseKeyword.groovy)
	at com.kms.katalon.core.keyword.internal.KeywordMain.runKeyword(KeywordMain.groovy:68)
	at com.kms.katalon.core.keyword.builtin.CallTestCaseKeyword.callTestCase(CallTestCaseKeyword.groovy:81)
	at com.kms.katalon.core.keyword.builtin.CallTestCaseKeyword.execute(CallTestCaseKeyword.groovy:44)
	at com.kms.katalon.core.keyword.internal.KeywordExecutor.executeKeywordForPlatform(KeywordExecutor.groovy:72)
	at com.kms.katalon.core.keyword.BuiltinKeywords.callTestCase(BuiltinKeywords.groovy:334)
	at CDB_BA.run(CDB_BA:24)
	at com.kms.katalon.core.main.ScriptEngine.run(ScriptEngine.java:194)
	at com.kms.katalon.core.main.ScriptEngine.runScriptAsRawText(ScriptEngine.java:119)
	at com.kms.katalon.core.main.TestCaseExecutor.runScript(TestCaseExecutor.java:337)
	at com.kms.katalon.core.main.TestCaseExecutor.doExecute(TestCaseExecutor.java:328)
	at com.kms.katalon.core.main.TestCaseExecutor.processExecutionPhase(TestCaseExecutor.java:307)
	at com.kms.katalon.core.main.TestCaseExecutor.accessMainPhase(TestCaseExecutor.java:299)
	at com.kms.katalon.core.main.TestCaseExecutor.execute(TestCaseExecutor.java:233)
	at com.kms.katalon.core.main.TestCaseMain.runTestCase(TestCaseMain.java:114)
	at com.kms.katalon.core.keyword.builtin.CallTestCaseKeyword$_callTestCase_closure1.doCall(CallTestCaseKeyword.groovy:59)
	... 20 more
Caused by: com.kms.katalon.core.exception.StepErrorException: Call Test Case 'Test Cases/CDB/HomeTaskCDB/TaskPanelCdbPersonal' failed because of error(s)
	at com.kms.katalon.core.keyword.builtin.CallTestCaseKeyword$_callTestCase_closure1.doCall(CallTestCaseKeyword.groovy:66)
	at com.kms.katalon.core.keyword.builtin.CallTestCaseKeyword$_callTestCase_closure1.call(CallTestCaseKeyword.groovy)
	at com.kms.katalon.core.keyword.internal.KeywordMain.runKeyword(KeywordMain.groovy:68)
	at com.kms.katalon.core.keyword.builtin.CallTestCaseKeyword.callTestCase(CallTestCaseKeyword.groovy:81)
	at com.kms.katalon.core.keyword.builtin.CallTestCaseKeyword.execute(CallTestCaseKeyword.groovy:44)
	at com.kms.katalon.core.keyword.internal.KeywordExecutor.executeKeywordForPlatform(KeywordExecutor.groovy:72)
	at com.kms.katalon.core.keyword.BuiltinKeywords.callTestCase(BuiltinKeywords.groovy:334)
	at HomeTaskImproved.run(HomeTaskImproved:17)
	at com.kms.katalon.core.main.ScriptEngine.run(ScriptEngine.java:194)
	at com.kms.katalon.core.main.ScriptEngine.runScriptAsRawText(ScriptEngine.java:119)
	at com.kms.katalon.core.main.TestCaseExecutor.runScript(TestCaseExecutor.java:337)
	at com.kms.katalon.core.main.TestCaseExecutor.doExecute(TestCaseExecutor.java:328)
	at com.kms.katalon.core.main.TestCaseExecutor.processExecutionPhase(TestCaseExecutor.java:307)
	at com.kms.katalon.core.main.TestCaseExecutor.accessMainPhase(TestCaseExecutor.java:299)
	at com.kms.katalon.core.main.TestCaseExecutor.execute(TestCaseExecutor.java:233)
	at com.kms.katalon.core.main.TestCaseMain.runTestCase(TestCaseMain.java:114)
	at com.kms.katalon.core.keyword.builtin.CallTestCaseKeyword$_callTestCase_closure1.doCall(CallTestCaseKeyword.groovy:59)
	... 36 more
Caused by: org.codehaus.groovy.runtime.InvokerInvocationException: com.kms.katalon.core.webui.exception.WebElementNotFoundException: Web element with id: 'Object Repository/CDB/Personal/Page_HomeTask_CDBPersonal/open_task' located by 'By.xpath: id("frmMain:CIFPersonalSearchResult_switch_off")[count(. | //div[@id = 'frmMain:CIFPersonalSearchResult_switch_off']) = count(//div[@id = 'frmMain:CIFPersonalSearchResult_switch_off'])]' not found
	at customKeywords.CustomKeywordJS.invokeMethod(CustomKeywordJS.groovy)
	at com.kms.katalon.core.main.CustomKeywordDelegatingMetaClass.invokeStaticMethod(CustomKeywordDelegatingMetaClass.java:50)
	at TaskPanelCdbPersonal.run(TaskPanelCdbPersonal:54)
	at com.kms.katalon.core.main.ScriptEngine.run(ScriptEngine.java:194)
	at com.kms.katalon.core.main.ScriptEngine.runScriptAsRawText(ScriptEngine.java:119)
	at com.kms.katalon.core.main.TestCaseExecutor.runScript(TestCaseExecutor.java:337)
	at com.kms.katalon.core.main.TestCaseExecutor.doExecute(TestCaseExecutor.java:328)
	at com.kms.katalon.core.main.TestCaseExecutor.processExecutionPhase(TestCaseExecutor.java:307)
	at com.kms.katalon.core.main.TestCaseExecutor.accessMainPhase(TestCaseExecutor.java:299)
	at com.kms.katalon.core.main.TestCaseExecutor.execute(TestCaseExecutor.java:233)
	at com.kms.katalon.core.main.TestCaseMain.runTestCase(TestCaseMain.java:114)
	at com.kms.katalon.core.keyword.builtin.CallTestCaseKeyword$_callTestCase_closure1.doCall(CallTestCaseKeyword.groovy:59)
	... 52 more
Caused by: com.kms.katalon.core.webui.exception.WebElementNotFoundException: Web element with id: 'Object Repository/CDB/Personal/Page_HomeTask_CDBPersonal/open_task' located by 'By.xpath: id("frmMain:CIFPersonalSearchResult_switch_off")[count(. | //div[@id = 'frmMain:CIFPersonalSearchResult_switch_off']) = count(//div[@id = 'frmMain:CIFPersonalSearchResult_switch_off'])]' not found
	at com.kms.katalon.core.webui.common.WebUiCommonHelper.findWebElement(WebUiCommonHelper.java:1154)
	at com.kms.katalon.core.webui.common.WebUiCommonHelper$findWebElement$0.call(Unknown Source)
	at customKeywords.CustomKeywordJS.clickUsingJS(CustomKeywordJS.groovy:38)
	... 64 more]]></system-err>
      </testcase>
      <system-out><![CDATA[2020-03-10 15:55:03 - [TEST_SUITE][ERROR] - CDBFull_01: Test Cases/CDB/MainTestCase/FullScenarioCDBv2 FAILED.
Reason:
com.kms.katalon.core.exception.StepErrorException: Call Test Case 'Test Cases/CDB/MainTestCase/CDB_BA' failed because of error(s)
	at com.kms.katalon.core.keyword.builtin.CallTestCaseKeyword$_callTestCase_closure1.doCall(CallTestCaseKeyword.groovy:66)
	at com.kms.katalon.core.keyword.builtin.CallTestCaseKeyword$_callTestCase_closure1.call(CallTestCaseKeyword.groovy)
	at com.kms.katalon.core.keyword.internal.KeywordMain.runKeyword(KeywordMain.groovy:68)
	at com.kms.katalon.core.keyword.builtin.CallTestCaseKeyword.callTestCase(CallTestCaseKeyword.groovy:81)
	at com.kms.katalon.core.keyword.builtin.CallTestCaseKeyword.execute(CallTestCaseKeyword.groovy:44)
	at com.kms.katalon.core.keyword.internal.KeywordExecutor.executeKeywordForPlatform(KeywordExecutor.groovy:72)
	at com.kms.katalon.core.keyword.BuiltinKeywords.callTestCase(BuiltinKeywords.groovy:334)
	at FullScenarioCDBv2.run(FullScenarioCDBv2:39)
	at com.kms.katalon.core.main.ScriptEngine.run(ScriptEngine.java:194)
	at com.kms.katalon.core.main.ScriptEngine.runScriptAsRawText(ScriptEngine.java:119)
	at com.kms.katalon.core.main.TestCaseExecutor.runScript(TestCaseExecutor.java:337)
	at com.kms.katalon.core.main.TestCaseExecutor.doExecute(TestCaseExecutor.java:328)
	at com.kms.katalon.core.main.TestCaseExecutor.processExecutionPhase(TestCaseExecutor.java:307)
	at com.kms.katalon.core.main.TestCaseExecutor.accessMainPhase(TestCaseExecutor.java:299)
	at com.kms.katalon.core.main.TestCaseExecutor.execute(TestCaseExecutor.java:233)
	at com.kms.katalon.core.main.TestSuiteExecutor.accessTestCaseMainPhase(TestSuiteExecutor.java:169)
	at com.kms.katalon.core.main.TestSuiteExecutor.accessTestSuiteMainPhase(TestSuiteExecutor.java:142)
	at com.kms.katalon.core.main.TestSuiteExecutor.execute(TestSuiteExecutor.java:91)
	at com.kms.katalon.core.main.TestCaseMain.startTestSuite(TestCaseMain.java:157)
	at com.kms.katalon.core.main.TestCaseMain$startTestSuite$0.call(Unknown Source)
	at TempTestSuite1583830456174.run(TempTestSuite1583830456174.groovy:36)
Caused by: com.kms.katalon.core.exception.StepErrorException: Call Test Case 'Test Cases/CDB/HomeTaskCDB/HomeTaskImproved' failed because of error(s)
	at com.kms.katalon.core.keyword.builtin.CallTestCaseKeyword$_callTestCase_closure1.doCall(CallTestCaseKeyword.groovy:66)
	at com.kms.katalon.core.keyword.builtin.CallTestCaseKeyword$_callTestCase_closure1.call(CallTestCaseKeyword.groovy)
	at com.kms.katalon.core.keyword.internal.KeywordMain.runKeyword(KeywordMain.groovy:68)
	at com.kms.katalon.core.keyword.builtin.CallTestCaseKeyword.callTestCase(CallTestCaseKeyword.groovy:81)
	at com.kms.katalon.core.keyword.builtin.CallTestCaseKeyword.execute(CallTestCaseKeyword.groovy:44)
	at com.kms.katalon.core.keyword.internal.KeywordExecutor.executeKeywordForPlatform(KeywordExecutor.groovy:72)
	at com.kms.katalon.core.keyword.BuiltinKeywords.callTestCase(BuiltinKeywords.groovy:334)
	at CDB_BA.run(CDB_BA:24)
	at com.kms.katalon.core.main.ScriptEngine.run(ScriptEngine.java:194)
	at com.kms.katalon.core.main.ScriptEngine.runScriptAsRawText(ScriptEngine.java:119)
	at com.kms.katalon.core.main.TestCaseExecutor.runScript(TestCaseExecutor.java:337)
	at com.kms.katalon.core.main.TestCaseExecutor.doExecute(TestCaseExecutor.java:328)
	at com.kms.katalon.core.main.TestCaseExecutor.processExecutionPhase(TestCaseExecutor.java:307)
	at com.kms.katalon.core.main.TestCaseExecutor.accessMainPhase(TestCaseExecutor.java:299)
	at com.kms.katalon.core.main.TestCaseExecutor.execute(TestCaseExecutor.java:233)
	at com.kms.katalon.core.main.TestCaseMain.runTestCase(TestCaseMain.java:114)
	at com.kms.katalon.core.keyword.builtin.CallTestCaseKeyword$_callTestCase_closure1.doCall(CallTestCaseKeyword.groovy:59)
	... 20 more
Caused by: com.kms.katalon.core.exception.StepErrorException: Call Test Case 'Test Cases/CDB/HomeTaskCDB/TaskPanelCdbPersonal' failed because of error(s)
	at com.kms.katalon.core.keyword.builtin.CallTestCaseKeyword$_callTestCase_closure1.doCall(CallTestCaseKeyword.groovy:66)
	at com.kms.katalon.core.keyword.builtin.CallTestCaseKeyword$_callTestCase_closure1.call(CallTestCaseKeyword.groovy)
	at com.kms.katalon.core.keyword.internal.KeywordMain.runKeyword(KeywordMain.groovy:68)
	at com.kms.katalon.core.keyword.builtin.CallTestCaseKeyword.callTestCase(CallTestCaseKeyword.groovy:81)
	at com.kms.katalon.core.keyword.builtin.CallTestCaseKeyword.execute(CallTestCaseKeyword.groovy:44)
	at com.kms.katalon.core.keyword.internal.KeywordExecutor.executeKeywordForPlatform(KeywordExecutor.groovy:72)
	at com.kms.katalon.core.keyword.BuiltinKeywords.callTestCase(BuiltinKeywords.groovy:334)
	at HomeTaskImproved.run(HomeTaskImproved:17)
	at com.kms.katalon.core.main.ScriptEngine.run(ScriptEngine.java:194)
	at com.kms.katalon.core.main.ScriptEngine.runScriptAsRawText(ScriptEngine.java:119)
	at com.kms.katalon.core.main.TestCaseExecutor.runScript(TestCaseExecutor.java:337)
	at com.kms.katalon.core.main.TestCaseExecutor.doExecute(TestCaseExecutor.java:328)
	at com.kms.katalon.core.main.TestCaseExecutor.processExecutionPhase(TestCaseExecutor.java:307)
	at com.kms.katalon.core.main.TestCaseExecutor.accessMainPhase(TestCaseExecutor.java:299)
	at com.kms.katalon.core.main.TestCaseExecutor.execute(TestCaseExecutor.java:233)
	at com.kms.katalon.core.main.TestCaseMain.runTestCase(TestCaseMain.java:114)
	at com.kms.katalon.core.keyword.builtin.CallTestCaseKeyword$_callTestCase_closure1.doCall(CallTestCaseKeyword.groovy:59)
	... 36 more
Caused by: org.codehaus.groovy.runtime.InvokerInvocationException: com.kms.katalon.core.webui.exception.WebElementNotFoundException: Web element with id: 'Object Repository/CDB/Personal/Page_HomeTask_CDBPersonal/open_task' located by 'By.xpath: id("frmMain:CIFPersonalSearchResult_switch_off")[count(. | //div[@id = 'frmMain:CIFPersonalSearchResult_switch_off']) = count(//div[@id = 'frmMain:CIFPersonalSearchResult_switch_off'])]' not found
	at customKeywords.CustomKeywordJS.invokeMethod(CustomKeywordJS.groovy)
	at com.kms.katalon.core.main.CustomKeywordDelegatingMetaClass.invokeStaticMethod(CustomKeywordDelegatingMetaClass.java:50)
	at TaskPanelCdbPersonal.run(TaskPanelCdbPersonal:54)
	at com.kms.katalon.core.main.ScriptEngine.run(ScriptEngine.java:194)
	at com.kms.katalon.core.main.ScriptEngine.runScriptAsRawText(ScriptEngine.java:119)
	at com.kms.katalon.core.main.TestCaseExecutor.runScript(TestCaseExecutor.java:337)
	at com.kms.katalon.core.main.TestCaseExecutor.doExecute(TestCaseExecutor.java:328)
	at com.kms.katalon.core.main.TestCaseExecutor.processExecutionPhase(TestCaseExecutor.java:307)
	at com.kms.katalon.core.main.TestCaseExecutor.accessMainPhase(TestCaseExecutor.java:299)
	at com.kms.katalon.core.main.TestCaseExecutor.execute(TestCaseExecutor.java:233)
	at com.kms.katalon.core.main.TestCaseMain.runTestCase(TestCaseMain.java:114)
	at com.kms.katalon.core.keyword.builtin.CallTestCaseKeyword$_callTestCase_closure1.doCall(CallTestCaseKeyword.groovy:59)
	... 52 more
Caused by: com.kms.katalon.core.webui.exception.WebElementNotFoundException: Web element with id: 'Object Repository/CDB/Personal/Page_HomeTask_CDBPersonal/open_task' located by 'By.xpath: id("frmMain:CIFPersonalSearchResult_switch_off")[count(. | //div[@id = 'frmMain:CIFPersonalSearchResult_switch_off']) = count(//div[@id = 'frmMain:CIFPersonalSearchResult_switch_off'])]' not found
	at com.kms.katalon.core.webui.common.WebUiCommonHelper.findWebElement(WebUiCommonHelper.java:1154)
	at com.kms.katalon.core.webui.common.WebUiCommonHelper$findWebElement$0.call(Unknown Source)
	at customKeywords.CustomKeywordJS.clickUsingJS(CustomKeywordJS.groovy:38)
	... 64 more]]></system-out>
      <system-err><![CDATA[2020-03-10 15:55:03 - [TEST_SUITE][ERROR] - CDBFull_01: Test Cases/CDB/MainTestCase/FullScenarioCDBv2 FAILED.
Reason:
com.kms.katalon.core.exception.StepErrorException: Call Test Case 'Test Cases/CDB/MainTestCase/CDB_BA' failed because of error(s)
	at com.kms.katalon.core.keyword.builtin.CallTestCaseKeyword$_callTestCase_closure1.doCall(CallTestCaseKeyword.groovy:66)
	at com.kms.katalon.core.keyword.builtin.CallTestCaseKeyword$_callTestCase_closure1.call(CallTestCaseKeyword.groovy)
	at com.kms.katalon.core.keyword.internal.KeywordMain.runKeyword(KeywordMain.groovy:68)
	at com.kms.katalon.core.keyword.builtin.CallTestCaseKeyword.callTestCase(CallTestCaseKeyword.groovy:81)
	at com.kms.katalon.core.keyword.builtin.CallTestCaseKeyword.execute(CallTestCaseKeyword.groovy:44)
	at com.kms.katalon.core.keyword.internal.KeywordExecutor.executeKeywordForPlatform(KeywordExecutor.groovy:72)
	at com.kms.katalon.core.keyword.BuiltinKeywords.callTestCase(BuiltinKeywords.groovy:334)
	at FullScenarioCDBv2.run(FullScenarioCDBv2:39)
	at com.kms.katalon.core.main.ScriptEngine.run(ScriptEngine.java:194)
	at com.kms.katalon.core.main.ScriptEngine.runScriptAsRawText(ScriptEngine.java:119)
	at com.kms.katalon.core.main.TestCaseExecutor.runScript(TestCaseExecutor.java:337)
	at com.kms.katalon.core.main.TestCaseExecutor.doExecute(TestCaseExecutor.java:328)
	at com.kms.katalon.core.main.TestCaseExecutor.processExecutionPhase(TestCaseExecutor.java:307)
	at com.kms.katalon.core.main.TestCaseExecutor.accessMainPhase(TestCaseExecutor.java:299)
	at com.kms.katalon.core.main.TestCaseExecutor.execute(TestCaseExecutor.java:233)
	at com.kms.katalon.core.main.TestSuiteExecutor.accessTestCaseMainPhase(TestSuiteExecutor.java:169)
	at com.kms.katalon.core.main.TestSuiteExecutor.accessTestSuiteMainPhase(TestSuiteExecutor.java:142)
	at com.kms.katalon.core.main.TestSuiteExecutor.execute(TestSuiteExecutor.java:91)
	at com.kms.katalon.core.main.TestCaseMain.startTestSuite(TestCaseMain.java:157)
	at com.kms.katalon.core.main.TestCaseMain$startTestSuite$0.call(Unknown Source)
	at TempTestSuite1583830456174.run(TempTestSuite1583830456174.groovy:36)
Caused by: com.kms.katalon.core.exception.StepErrorException: Call Test Case 'Test Cases/CDB/HomeTaskCDB/HomeTaskImproved' failed because of error(s)
	at com.kms.katalon.core.keyword.builtin.CallTestCaseKeyword$_callTestCase_closure1.doCall(CallTestCaseKeyword.groovy:66)
	at com.kms.katalon.core.keyword.builtin.CallTestCaseKeyword$_callTestCase_closure1.call(CallTestCaseKeyword.groovy)
	at com.kms.katalon.core.keyword.internal.KeywordMain.runKeyword(KeywordMain.groovy:68)
	at com.kms.katalon.core.keyword.builtin.CallTestCaseKeyword.callTestCase(CallTestCaseKeyword.groovy:81)
	at com.kms.katalon.core.keyword.builtin.CallTestCaseKeyword.execute(CallTestCaseKeyword.groovy:44)
	at com.kms.katalon.core.keyword.internal.KeywordExecutor.executeKeywordForPlatform(KeywordExecutor.groovy:72)
	at com.kms.katalon.core.keyword.BuiltinKeywords.callTestCase(BuiltinKeywords.groovy:334)
	at CDB_BA.run(CDB_BA:24)
	at com.kms.katalon.core.main.ScriptEngine.run(ScriptEngine.java:194)
	at com.kms.katalon.core.main.ScriptEngine.runScriptAsRawText(ScriptEngine.java:119)
	at com.kms.katalon.core.main.TestCaseExecutor.runScript(TestCaseExecutor.java:337)
	at com.kms.katalon.core.main.TestCaseExecutor.doExecute(TestCaseExecutor.java:328)
	at com.kms.katalon.core.main.TestCaseExecutor.processExecutionPhase(TestCaseExecutor.java:307)
	at com.kms.katalon.core.main.TestCaseExecutor.accessMainPhase(TestCaseExecutor.java:299)
	at com.kms.katalon.core.main.TestCaseExecutor.execute(TestCaseExecutor.java:233)
	at com.kms.katalon.core.main.TestCaseMain.runTestCase(TestCaseMain.java:114)
	at com.kms.katalon.core.keyword.builtin.CallTestCaseKeyword$_callTestCase_closure1.doCall(CallTestCaseKeyword.groovy:59)
	... 20 more
Caused by: com.kms.katalon.core.exception.StepErrorException: Call Test Case 'Test Cases/CDB/HomeTaskCDB/TaskPanelCdbPersonal' failed because of error(s)
	at com.kms.katalon.core.keyword.builtin.CallTestCaseKeyword$_callTestCase_closure1.doCall(CallTestCaseKeyword.groovy:66)
	at com.kms.katalon.core.keyword.builtin.CallTestCaseKeyword$_callTestCase_closure1.call(CallTestCaseKeyword.groovy)
	at com.kms.katalon.core.keyword.internal.KeywordMain.runKeyword(KeywordMain.groovy:68)
	at com.kms.katalon.core.keyword.builtin.CallTestCaseKeyword.callTestCase(CallTestCaseKeyword.groovy:81)
	at com.kms.katalon.core.keyword.builtin.CallTestCaseKeyword.execute(CallTestCaseKeyword.groovy:44)
	at com.kms.katalon.core.keyword.internal.KeywordExecutor.executeKeywordForPlatform(KeywordExecutor.groovy:72)
	at com.kms.katalon.core.keyword.BuiltinKeywords.callTestCase(BuiltinKeywords.groovy:334)
	at HomeTaskImproved.run(HomeTaskImproved:17)
	at com.kms.katalon.core.main.ScriptEngine.run(ScriptEngine.java:194)
	at com.kms.katalon.core.main.ScriptEngine.runScriptAsRawText(ScriptEngine.java:119)
	at com.kms.katalon.core.main.TestCaseExecutor.runScript(TestCaseExecutor.java:337)
	at com.kms.katalon.core.main.TestCaseExecutor.doExecute(TestCaseExecutor.java:328)
	at com.kms.katalon.core.main.TestCaseExecutor.processExecutionPhase(TestCaseExecutor.java:307)
	at com.kms.katalon.core.main.TestCaseExecutor.accessMainPhase(TestCaseExecutor.java:299)
	at com.kms.katalon.core.main.TestCaseExecutor.execute(TestCaseExecutor.java:233)
	at com.kms.katalon.core.main.TestCaseMain.runTestCase(TestCaseMain.java:114)
	at com.kms.katalon.core.keyword.builtin.CallTestCaseKeyword$_callTestCase_closure1.doCall(CallTestCaseKeyword.groovy:59)
	... 36 more
Caused by: org.codehaus.groovy.runtime.InvokerInvocationException: com.kms.katalon.core.webui.exception.WebElementNotFoundException: Web element with id: 'Object Repository/CDB/Personal/Page_HomeTask_CDBPersonal/open_task' located by 'By.xpath: id("frmMain:CIFPersonalSearchResult_switch_off")[count(. | //div[@id = 'frmMain:CIFPersonalSearchResult_switch_off']) = count(//div[@id = 'frmMain:CIFPersonalSearchResult_switch_off'])]' not found
	at customKeywords.CustomKeywordJS.invokeMethod(CustomKeywordJS.groovy)
	at com.kms.katalon.core.main.CustomKeywordDelegatingMetaClass.invokeStaticMethod(CustomKeywordDelegatingMetaClass.java:50)
	at TaskPanelCdbPersonal.run(TaskPanelCdbPersonal:54)
	at com.kms.katalon.core.main.ScriptEngine.run(ScriptEngine.java:194)
	at com.kms.katalon.core.main.ScriptEngine.runScriptAsRawText(ScriptEngine.java:119)
	at com.kms.katalon.core.main.TestCaseExecutor.runScript(TestCaseExecutor.java:337)
	at com.kms.katalon.core.main.TestCaseExecutor.doExecute(TestCaseExecutor.java:328)
	at com.kms.katalon.core.main.TestCaseExecutor.processExecutionPhase(TestCaseExecutor.java:307)
	at com.kms.katalon.core.main.TestCaseExecutor.accessMainPhase(TestCaseExecutor.java:299)
	at com.kms.katalon.core.main.TestCaseExecutor.execute(TestCaseExecutor.java:233)
	at com.kms.katalon.core.main.TestCaseMain.runTestCase(TestCaseMain.java:114)
	at com.kms.katalon.core.keyword.builtin.CallTestCaseKeyword$_callTestCase_closure1.doCall(CallTestCaseKeyword.groovy:59)
	... 52 more
Caused by: com.kms.katalon.core.webui.exception.WebElementNotFoundException: Web element with id: 'Object Repository/CDB/Personal/Page_HomeTask_CDBPersonal/open_task' located by 'By.xpath: id("frmMain:CIFPersonalSearchResult_switch_off")[count(. | //div[@id = 'frmMain:CIFPersonalSearchResult_switch_off']) = count(//div[@id = 'frmMain:CIFPersonalSearchResult_switch_off'])]' not found
	at com.kms.katalon.core.webui.common.WebUiCommonHelper.findWebElement(WebUiCommonHelper.java:1154)
	at com.kms.katalon.core.webui.common.WebUiCommonHelper$findWebElement$0.call(Unknown Source)
	at customKeywords.CustomKeywordJS.clickUsingJS(CustomKeywordJS.groovy:38)
	... 64 more]]></system-err>
   </testsuite>
</testsuites>
